Log file open, 01/10/17 12:20:09
LogInit:Display: Running engine for game: TheLastShelter
LogPlatformFile: Not using cached read wrapper
LogInit:Display: RandInit(2012345157) SRandInit(2012345157).
LogTaskGraph: Started task graph with 5 named threads and 6 total threads with 1 sets of task threads.
LogStats: Stats thread started at 0.745142
LogPluginManager: Loaded Plugin Paper2D, From C:/Program Files (x86)/Epic Games/4.14/Engine/Plugins/2D/Paper2D/Paper2D.uplugin
LogPluginManager: Loaded Plugin LightPropagationVolume, From C:/Program Files (x86)/Epic Games/4.14/Engine/Plugins/Blendables/LightPropagationVolume/LightPropagationVolume.uplugin
LogPluginManager: Loaded Plugin BlankPlugin, From C:/Program Files (x86)/Epic Games/4.14/Engine/Plugins/Developer/BlankPlugin/BlankPlugin.uplugin
LogPluginManager: Loaded Plugin CodeLiteSourceCodeAccess, From C:/Program Files (x86)/Epic Games/4.14/Engine/Plugins/Developer/CodeLiteSourceCodeAccess/CodeLiteSourceCodeAccess.uplugin
LogPluginManager: Loaded Plugin GitSourceControl, From C:/Program Files (x86)/Epic Games/4.14/Engine/Plugins/Developer/GitSourceControl/GitSourceControl.uplugin
LogPluginManager: Loaded Plugin KDevelopSourceCodeAccess, From C:/Program Files (x86)/Epic Games/4.14/Engine/Plugins/Developer/KDevelopSourceCodeAccess/KDevelopSourceCodeAccess.uplugin
LogPluginManager: Loaded Plugin NullSourceCodeAccess, From C:/Program Files (x86)/Epic Games/4.14/Engine/Plugins/Developer/NullSourceCodeAccess/NullSourceCodeAccess.uplugin
LogPluginManager: Loaded Plugin OneSkyLocalizationService, From C:/Program Files (x86)/Epic Games/4.14/Engine/Plugins/Developer/OneSkyLocalizationService/OneSkyLocalizationService.uplugin
LogPluginManager: Loaded Plugin PerforceSourceControl, From C:/Program Files (x86)/Epic Games/4.14/Engine/Plugins/Developer/PerforceSourceControl/PerforceSourceControl.uplugin
LogPluginManager: Loaded Plugin SubversionSourceControl, From C:/Program Files (x86)/Epic Games/4.14/Engine/Plugins/Developer/SubversionSourceControl/SubversionSourceControl.uplugin
LogPluginManager: Loaded Plugin UObjectPlugin, From C:/Program Files (x86)/Epic Games/4.14/Engine/Plugins/Developer/UObjectPlugin/UObjectPlugin.uplugin
LogPluginManager: Loaded Plugin VisualStudioSourceCodeAccess, From C:/Program Files (x86)/Epic Games/4.14/Engine/Plugins/Developer/VisualStudioSourceCodeAccess/VisualStudioSourceCodeAccess.uplugin
LogPluginManager: Loaded Plugin XCodeSourceCodeAccess, From C:/Program Files (x86)/Epic Games/4.14/Engine/Plugins/Developer/XCodeSourceCodeAccess/XCodeSourceCodeAccess.uplugin
LogPluginManager: Loaded Plugin AudioCapture, From C:/Program Files (x86)/Epic Games/4.14/Engine/Plugins/Editor/AudioCapture/AudioCapture.uplugin
LogPluginManager: Loaded Plugin EpicSurvey, From C:/Program Files (x86)/Epic Games/4.14/Engine/Plugins/Editor/EpicSurvey/EpicSurvey.uplugin
LogPluginManager: Loaded Plugin MacGraphicsSwitching, From C:/Program Files (x86)/Epic Games/4.14/Engine/Plugins/Editor/MacGraphicsSwitching/MacGraphicsSwitching.uplugin
LogPluginManager: Loaded Plugin MobileLauncherProfileWizard, From C:/Program Files (x86)/Epic Games/4.14/Engine/Plugins/Editor/MobileLauncherProfileWizard/MobileLauncherProfileWizard.uplugin
LogPluginManager: Loaded Plugin PluginBrowser, From C:/Program Files (x86)/Epic Games/4.14/Engine/Plugins/Editor/PluginBrowser/PluginBrowser.uplugin
LogPluginManager: Loaded Plugin SpeedTreeImporter, From C:/Program Files (x86)/Epic Games/4.14/Engine/Plugins/Editor/SpeedTreeImporter/SpeedTreeImporter.uplugin
LogPluginManager: Loaded Plugin SuperSearchEditor, From C:/Program Files (x86)/Epic Games/4.14/Engine/Plugins/Editor/SuperSearchEditor/SuperSearchEditor.uplugin
LogPluginManager: Loaded Plugin AlembicImporter, From C:/Program Files (x86)/Epic Games/4.14/Engine/Plugins/Experimental/AlembicImporter/AlembicImporter.uplugin
LogPluginManager: Loaded Plugin BlueprintStats, From C:/Program Files (x86)/Epic Games/4.14/Engine/Plugins/Experimental/BlueprintStats/BlueprintStats.uplugin
LogPluginManager: Loaded Plugin CharacterAI, From C:/Program Files (x86)/Epic Games/4.14/Engine/Plugins/Experimental/CharacterAI/CharacterAI.uplugin
LogPluginManager: Loaded Plugin CodeEditor, From C:/Program Files (x86)/Epic Games/4.14/Engine/Plugins/Experimental/CodeEditor/CodeEditor.uplugin
LogPluginManager: Loaded Plugin CodeView, From C:/Program Files (x86)/Epic Games/4.14/Engine/Plugins/Experimental/CodeView/CodeView.uplugin
LogPluginManager: Loaded Plugin HTML5Networking, From C:/Program Files (x86)/Epic Games/4.14/Engine/Plugins/Experimental/HTML5Networking/HTML5Networking.uplugin
LogPluginManager: Loaded Plugin OSVR, From C:/Program Files (x86)/Epic Games/4.14/Engine/Plugins/Experimental/OSVR/OSVR.uplugin
LogPluginManager: Loaded Plugin Phya, From C:/Program Files (x86)/Epic Games/4.14/Engine/Plugins/Experimental/Phya/Phya.uplugin
LogPluginManager: Loaded Plugin SignificanceManager, From C:/Program Files (x86)/Epic Games/4.14/Engine/Plugins/Experimental/SignificanceManager/SignificanceManager.uplugin
LogPluginManager: Loaded Plugin SimpleHMD, From C:/Program Files (x86)/Epic Games/4.14/Engine/Plugins/Experimental/SimpleHMD/SimpleHMD.uplugin
LogPluginManager: Loaded Plugin StereoPanorama, From C:/Program Files (x86)/Epic Games/4.14/Engine/Plugins/Experimental/StereoPanorama/StereoPanorama.uplugin
LogPluginManager: Loaded Plugin StructBox, From C:/Program Files (x86)/Epic Games/4.14/Engine/Plugins/Experimental/StructBox/StructBox.uplugin
LogPluginManager: Loaded Plugin AndroidMedia, From C:/Program Files (x86)/Epic Games/4.14/Engine/Plugins/Media/AndroidMedia/AndroidMedia.uplugin
LogPluginManager: Loaded Plugin AvfMedia, From C:/Program Files (x86)/Epic Games/4.14/Engine/Plugins/Media/AvfMedia/AvfMedia.uplugin
LogPluginManager: Loaded Plugin MediaPlayerEditor, From C:/Program Files (x86)/Epic Games/4.14/Engine/Plugins/Media/MediaPlayerEditor/MediaPlayerEditor.uplugin
LogPluginManager: Loaded Plugin WmfMedia, From C:/Program Files (x86)/Epic Games/4.14/Engine/Plugins/Media/WmfMedia/WmfMedia.uplugin
LogPluginManager: Loaded Plugin MessagingDebugger, From C:/Program Files (x86)/Epic Games/4.14/Engine/Plugins/Messaging/MessagingDebugger/MessagingDebugger.uplugin
LogPluginManager: Loaded Plugin TcpMessaging, From C:/Program Files (x86)/Epic Games/4.14/Engine/Plugins/Messaging/TcpMessaging/TcpMessaging.uplugin
LogPluginManager: Loaded Plugin UdpMessaging, From C:/Program Files (x86)/Epic Games/4.14/Engine/Plugins/Messaging/UdpMessaging/UdpMessaging.uplugin
LogPluginManager: Loaded Plugin LevelSequenceEditor, From C:/Program Files (x86)/Epic Games/4.14/Engine/Plugins/MovieScene/LevelSequenceEditor/LevelSequenceEditor.uplugin
LogPluginManager: Loaded Plugin MatineeToLevelSequence, From C:/Program Files (x86)/Epic Games/4.14/Engine/Plugins/MovieScene/MatineeToLevelSequence/MatineeToLevelSequence.uplugin
LogPluginManager: Loaded Plugin NetcodeUnitTest, From C:/Program Files (x86)/Epic Games/4.14/Engine/Plugins/NetcodeUnitTest/NetcodeUnitTest/NetcodeUnitTest.uplugin
LogPluginManager: Loaded Plugin NUTUnrealEngine4, From C:/Program Files (x86)/Epic Games/4.14/Engine/Plugins/NetcodeUnitTest/NUTUnrealEngine4/NUTUnrealEngine4.uplugin
LogPluginManager: Loaded Plugin OnlineSubsystemGameCircle, From C:/Program Files (x86)/Epic Games/4.14/Engine/Plugins/Online/Android/OnlineSubsystemGameCircle/OnlineSubsystemGameCircle.uplugin
LogPluginManager: Loaded Plugin OnlineSubsystemGooglePlay, From C:/Program Files (x86)/Epic Games/4.14/Engine/Plugins/Online/Android/OnlineSubsystemGooglePlay/OnlineSubsystemGooglePlay.uplugin
LogPluginManager: Loaded Plugin OnlineSubsystemIOS, From C:/Program Files (x86)/Epic Games/4.14/Engine/Plugins/Online/IOS/OnlineSubsystemIOS/OnlineSubsystemIOS.uplugin
LogPluginManager: Loaded Plugin OnlineFramework, From C:/Program Files (x86)/Epic Games/4.14/Engine/Plugins/Online/OnlineFramework/OnlineFramework.uplugin
LogPluginManager: Loaded Plugin OnlineSubsystem, From C:/Program Files (x86)/Epic Games/4.14/Engine/Plugins/Online/OnlineSubsystem/OnlineSubsystem.uplugin
LogPluginManager: Loaded Plugin OnlineSubsystemAmazon, From C:/Program Files (x86)/Epic Games/4.14/Engine/Plugins/Online/OnlineSubsystemAmazon/OnlineSubsystemAmazon.uplugin
LogPluginManager: Loaded Plugin OnlineSubsystemFacebook, From C:/Program Files (x86)/Epic Games/4.14/Engine/Plugins/Online/OnlineSubsystemFacebook/OnlineSubsystemFacebook.uplugin
LogPluginManager: Loaded Plugin OnlineSubsystemNull, From C:/Program Files (x86)/Epic Games/4.14/Engine/Plugins/Online/OnlineSubsystemNull/OnlineSubsystemNull.uplugin
LogPluginManager: Loaded Plugin OnlineSubsystemOculus, From C:/Program Files (x86)/Epic Games/4.14/Engine/Plugins/Online/OnlineSubsystemOculus/OnlineSubsystemOculus.uplugin
LogPluginManager: Loaded Plugin OnlineSubsystemSteam, From C:/Program Files (x86)/Epic Games/4.14/Engine/Plugins/Online/OnlineSubsystemSteam/OnlineSubsystemSteam.uplugin
LogPluginManager: Loaded Plugin OnlineSubsystemUtils, From C:/Program Files (x86)/Epic Games/4.14/Engine/Plugins/Online/OnlineSubsystemUtils/OnlineSubsystemUtils.uplugin
LogPluginManager: Loaded Plugin IOSTapJoy, From C:/Program Files (x86)/Epic Games/4.14/Engine/Plugins/Runtime/Advertising/IOSTapJoy/IOSTapJoy.uplugin
LogPluginManager: Loaded Plugin AnalyticsBlueprintLibrary, From C:/Program Files (x86)/Epic Games/4.14/Engine/Plugins/Runtime/Analytics/AnalyticsBlueprintLibrary/AnalyticsBlueprintLibrary.uplugin
LogPluginManager: Loaded Plugin AnalyticsMulticast, From C:/Program Files (x86)/Epic Games/4.14/Engine/Plugins/Runtime/Analytics/AnalyticsMulticast/AnalyticsMulticast.uplugin
LogPluginManager: Loaded Plugin Apsalar, From C:/Program Files (x86)/Epic Games/4.14/Engine/Plugins/Runtime/Analytics/Apsalar/Apsalar.uplugin
LogPluginManager: Loaded Plugin FileLogging, From C:/Program Files (x86)/Epic Games/4.14/Engine/Plugins/Runtime/Analytics/FileLogging/FileLogging.uplugin
LogPluginManager: Loaded Plugin Flurry, From C:/Program Files (x86)/Epic Games/4.14/Engine/Plugins/Runtime/Analytics/Flurry/Flurry.uplugin
LogPluginManager: Loaded Plugin AndroidDeviceProfileSelector, From C:/Program Files (x86)/Epic Games/4.14/Engine/Plugins/Runtime/AndroidDeviceProfileSelector/AndroidDeviceProfileSelector.uplugin
LogPluginManager: Loaded Plugin AndroidMoviePlayer, From C:/Program Files (x86)/Epic Games/4.14/Engine/Plugins/Runtime/AndroidMoviePlayer/AndroidMoviePlayer.uplugin
LogPluginManager: Loaded Plugin AppleMoviePlayer, From C:/Program Files (x86)/Epic Games/4.14/Engine/Plugins/Runtime/AppleMoviePlayer/AppleMoviePlayer.uplugin
LogPluginManager: Loaded Plugin ArchVisCharacter, From C:/Program Files (x86)/Epic Games/4.14/Engine/Plugins/Runtime/ArchVisCharacter/ArchVisCharacter.uplugin
LogPluginManager: Loaded Plugin CableComponent, From C:/Program Files (x86)/Epic Games/4.14/Engine/Plugins/Runtime/CableComponent/CableComponent.uplugin
LogPluginManager: Loaded Plugin CustomMeshComponent, From C:/Program Files (x86)/Epic Games/4.14/Engine/Plugins/Runtime/CustomMeshComponent/CustomMeshComponent.uplugin
LogPluginManager: Loaded Plugin ExampleDeviceProfileSelector, From C:/Program Files (x86)/Epic Games/4.14/Engine/Plugins/Runtime/ExampleDeviceProfileSelector/ExampleDeviceProfileSelector.uplugin
LogPluginManager: Loaded Plugin GearVR, From C:/Program Files (x86)/Epic Games/4.14/Engine/Plugins/Runtime/GearVR/GearVR.uplugin
LogPluginManager: Loaded Plugin GoogleVRController, From C:/Program Files (x86)/Epic Games/4.14/Engine/Plugins/Runtime/GoogleVR/GoogleVRController/GoogleVRController.uplugin
LogPluginManager: Loaded Plugin GoogleVRHMD, From C:/Program Files (x86)/Epic Games/4.14/Engine/Plugins/Runtime/GoogleVR/GoogleVRHMD/GoogleVRHMD.uplugin
LogPluginManager: Loaded Plugin IOSDeviceProfileSelector, From C:/Program Files (x86)/Epic Games/4.14/Engine/Plugins/Runtime/IOSDeviceProfileSelector/IOSDeviceProfileSelector.uplugin
LogPluginManager: Loaded Plugin LeapMotion, From C:/Program Files (x86)/Epic Games/4.14/Engine/Plugins/Runtime/LeapMotion/LeapMotion.uplugin
LogPluginManager: Loaded Plugin LinuxDeviceProfileSelector, From C:/Program Files (x86)/Epic Games/4.14/Engine/Plugins/Runtime/LinuxDeviceProfileSelector/LinuxDeviceProfileSelector.uplugin
LogPluginManager: Loaded Plugin MIDIDevice, From C:/Program Files (x86)/Epic Games/4.14/Engine/Plugins/Runtime/MIDIDevice/MIDIDevice.uplugin
LogPluginManager: Loaded Plugin MobilePatchingUtils, From C:/Program Files (x86)/Epic Games/4.14/Engine/Plugins/Runtime/MobilePatchingUtils/MobilePatchingUtils.uplugin
LogPluginManager: Loaded Plugin Ansel, From C:/Program Files (x86)/Epic Games/4.14/Engine/Plugins/Runtime/Nvidia/Ansel/Ansel.uplugin
LogPluginManager: Loaded Plugin OculusAudio, From C:/Program Files (x86)/Epic Games/4.14/Engine/Plugins/Runtime/OculusAudio/OculusAudio.uplugin
LogPluginManager: Loaded Plugin OculusInput, From C:/Program Files (x86)/Epic Games/4.14/Engine/Plugins/Runtime/OculusInput/OculusInput.uplugin
LogPluginManager: Loaded Plugin OculusLibrary, From C:/Program Files (x86)/Epic Games/4.14/Engine/Plugins/Runtime/OculusLibrary/OculusLibrary.uplugin
LogPluginManager: Loaded Plugin OculusRift, From C:/Program Files (x86)/Epic Games/4.14/Engine/Plugins/Runtime/OculusRift/OculusRift.uplugin
LogPluginManager: Loaded Plugin Oodle, From C:/Program Files (x86)/Epic Games/4.14/Engine/Plugins/Runtime/PacketHandlers/CompressionComponents/Oodle/Oodle.uplugin
LogPluginManager: Loaded Plugin ProceduralMeshComponent, From C:/Program Files (x86)/Epic Games/4.14/Engine/Plugins/Runtime/ProceduralMeshComponent/ProceduralMeshComponent.uplugin
LogPluginManager: Loaded Plugin SoundMod, From C:/Program Files (x86)/Epic Games/4.14/Engine/Plugins/Runtime/SoundMod/SoundMod.uplugin
LogPluginManager: Loaded Plugin SoundVisualizations, From C:/Program Files (x86)/Epic Games/4.14/Engine/Plugins/Runtime/SoundVisualizations/SoundVisualizations.uplugin
LogPluginManager: Loaded Plugin SteamController, From C:/Program Files (x86)/Epic Games/4.14/Engine/Plugins/Runtime/Steam/SteamController/SteamController.uplugin
LogPluginManager: Loaded Plugin SteamVR, From C:/Program Files (x86)/Epic Games/4.14/Engine/Plugins/Runtime/Steam/SteamVR/SteamVR.uplugin
LogPluginManager: Loaded Plugin WebBrowserWidget, From C:/Program Files (x86)/Epic Games/4.14/Engine/Plugins/Runtime/WebBrowserWidget/WebBrowserWidget.uplugin
LogPluginManager: Loaded Plugin WindowsDeviceProfileSelector, From C:/Program Files (x86)/Epic Games/4.14/Engine/Plugins/Runtime/WindowsDeviceProfileSelector/WindowsDeviceProfileSelector.uplugin
LogPluginManager: Loaded Plugin WindowsMoviePlayer, From C:/Program Files (x86)/Epic Games/4.14/Engine/Plugins/Runtime/WindowsMoviePlayer/WindowsMoviePlayer.uplugin
LogPluginManager: Loaded Plugin ScriptPlugin, From C:/Program Files (x86)/Epic Games/4.14/Engine/Plugins/ScriptPlugin/ScriptPlugin.uplugin
LogPluginManager: Loaded Plugin SlateRemote, From C:/Program Files (x86)/Epic Games/4.14/Engine/Plugins/Slate/SlateRemote/SlateRemote.uplugin
LogPluginManager: Loaded Plugin EditorTests, From C:/Program Files (x86)/Epic Games/4.14/Engine/Plugins/Tests/EditorTests/EditorTests.uplugin
LogPluginManager: Loaded Plugin FbxAutomationTestBuilder, From C:/Program Files (x86)/Epic Games/4.14/Engine/Plugins/Tests/FbxAutomationTestBuilder/FbxAutomationTestBuilder.uplugin
LogPluginManager: Loaded Plugin FunctionalTestingEditor, From C:/Program Files (x86)/Epic Games/4.14/Engine/Plugins/Tests/FunctionalTestingEditor/FunctionalTestingEditor.uplugin
LogPluginManager: Loaded Plugin RuntimeTests, From C:/Program Files (x86)/Epic Games/4.14/Engine/Plugins/Tests/RuntimeTests/RuntimeTests.uplugin
LogPluginManager: Loaded Plugin ScreenshotTools, From C:/Program Files (x86)/Epic Games/4.14/Engine/Plugins/Tests/ScreenshotTools/ScreenshotTools.uplugin
LogInit: Using libcurl 7.47.1
LogInit:  - built for x86_64-pc-win32
LogInit:  - supports SSL with OpenSSL/1.0.2g
LogInit:  - supports HTTP deflate (compression) using libz 1.2.8
LogInit:  - other features:
LogInit:      CURL_VERSION_SSL
LogInit:      CURL_VERSION_LIBZ
LogInit:      CURL_VERSION_IPV6
LogInit:      CURL_VERSION_ASYNCHDNS
LogInit:      CURL_VERSION_LARGEFILE
LogInit:      CURL_VERSION_IDN
LogInit:  CurlRequestOptions (configurable via config and command line):
LogInit:  - bVerifyPeer = false  - Libcurl will NOT verify peer certificate
LogInit:  - bUseHttpProxy = false  - Libcurl will NOT use HTTP proxy
LogInit:  - bDontReuseConnections = false  - Libcurl will reuse connections
LogInit:  - CertBundlePath = nullptr  - Libcurl will use whatever was configured at build time.
LogInit: Build: ++UE4+Release-4.14-CL-3195953
LogInit: Engine Version: 4.14.0-3195953+++UE4+Release-4.14
LogInit: Compatible Engine Version: 4.14.0-3195953+++UE4+Release-4.14
LogInit: Net CL: 3195953
LogDevObjectVersion: Number of dev versions registered: 13
LogDevObjectVersion:   Dev-Blueprints (B0D832E4-1F89-4F0D-ACCF-7EB736FD4AA2): 7
LogDevObjectVersion:   Dev-Build (E1C64328-A22C-4D53-A36C-8E866417BD8C): 0
LogDevObjectVersion:   Dev-Core (375EC13C-06E4-48FB-B500-84F0262A717E): 1
LogDevObjectVersion:   Dev-Editor (E4B068ED-F494-42E9-A231-DA0B2E46BB41): 8
LogDevObjectVersion:   Dev-Framework (CFFC743F-43B0-4480-9391-14DF171D2073): 17
LogDevObjectVersion:   Dev-Mobile (B02B49B5-BB20-44E9-A304-32B752E40360): 0
LogDevObjectVersion:   Dev-Networking (A4E4105C-59A1-49B5-A7C5-40C4547EDFEE): 0
LogDevObjectVersion:   Dev-Online (39C831C9-5AE6-47DC-9A44-9C173E1C8E7C): 0
LogDevObjectVersion:   Dev-Physics (78F01B33-EBEA-4F98-B9B4-84EACCB95AA2): 0
LogDevObjectVersion:   Dev-Platform (6631380F-2D4D-43E0-8009-CF276956A95A): 0
LogDevObjectVersion:   Dev-Rendering (12F88B9F-8875-4AFC-A67C-D90C383ABD29): 12
LogDevObjectVersion:   Dev-Sequencer (7B5AE74C-D270-4C10-A958-57980B212A5A): 1
LogDevObjectVersion:   Dev-VR (D7296918-1DD6-4BDD-9DE2-64A83CC13884): 0
LogInit: Compiled (64-bit): Nov 12 2016 02:14:10
LogInit: Compiled with Visual C++: 19.00.23026.00
LogInit: Build Configuration: Development
LogInit: Branch Name: ++UE4+Release-4.14
LogInit: Command line:  
LogInit: Base directory: C:/Program Files (x86)/Epic Games/4.14/Engine/Binaries/Win64/
LogInit: Installed Engine Build: 1
LogInit: Presizing for max 8388607 objects, including 0 objects not considered by GC, pre-allocating 0 bytes for permanent pool.
LogInit: Object subsystem initialized
[2017.01.10-11.20.10:012][  0]LogInit: Selected Device Profile: [Windows]
[2017.01.10-11.20.10:012][  0]LogInit: Applying CVar settings loaded from the selected device profile: [Windows]
[2017.01.10-11.20.10:023][  0]LogInit: Computer: DESKTOP-QMJBIV2
[2017.01.10-11.20.10:023][  0]LogInit: User: Grego
[2017.01.10-11.20.10:023][  0]LogInit: CPU Page size=65536, Cores=2
[2017.01.10-11.20.10:023][  0]LogInit: High frequency timer resolution =3.609375 MHz
[2017.01.10-11.20.10:024][  0]LogMemory: Memory total: Physical=8.0GB (8GB approx)
[2017.01.10-11.20.10:024][  0]LogMemory: Platform Memory Stats for Windows
[2017.01.10-11.20.10:024][  0]LogMemory: Process Physical Memory: 264.36 MB used, 264.36 MB peak
[2017.01.10-11.20.10:024][  0]LogMemory: Process Virtual Memory: 263.47 MB used, 263.47 MB peak
[2017.01.10-11.20.10:024][  0]LogMemory: Physical Memory: 3214.58 MB used,  4940.50 MB free, 8155.07 MB total
[2017.01.10-11.20.10:024][  0]LogMemory: Virtual Memory: 673.21 MB used,  4940.50 MB free, 134217728.00 MB total
[2017.01.10-11.20.10:174][  0]LogInit: Overriding culture en with editor configuration.
[2017.01.10-11.20.11:130][  0]LogD3D11RHI: D3D11 adapters:
[2017.01.10-11.20.11:623][  0]LogD3D11RHI:    0. 'NVIDIA GeForce GTX 1060 6GB' (Feature Level 11_0)
[2017.01.10-11.20.11:623][  0]LogD3D11RHI:       6100/0/4077 MB DedicatedVideo/DedicatedSystem/SharedSystem, Outputs:1, VendorId:0x10de
[2017.01.10-11.20.11:625][  0]LogD3D11RHI:    1. 'Microsoft Basic Render Driver' (Feature Level 11_0)
[2017.01.10-11.20.11:625][  0]LogD3D11RHI:       0/0/4077 MB DedicatedVideo/DedicatedSystem/SharedSystem, Outputs:0, VendorId:0x1414
[2017.01.10-11.20.11:625][  0]LogD3D11RHI: Chosen D3D11 Adapter: 0
[2017.01.10-11.20.11:630][  0]LogD3D11RHI: Creating new Direct3DDevice
[2017.01.10-11.20.11:630][  0]LogD3D11RHI:     GPU DeviceId: 0x1c03 (for the marketing name, search the web for "GPU Device Id")
[2017.01.10-11.20.11:630][  0]LogWindows: EnumDisplayDevices:
[2017.01.10-11.20.11:630][  0]LogWindows:    0. 'NVIDIA GeForce GTX 1060 6GB' (P:1 D:1)
[2017.01.10-11.20.11:630][  0]LogWindows:    1. 'NVIDIA GeForce GTX 1060 6GB' (P:0 D:0)
[2017.01.10-11.20.11:630][  0]LogWindows:    2. 'NVIDIA GeForce GTX 1060 6GB' (P:0 D:0)
[2017.01.10-11.20.11:630][  0]LogWindows:    3. 'NVIDIA GeForce GTX 1060 6GB' (P:0 D:0)
[2017.01.10-11.20.11:631][  0]LogWindows: DebugString: FoundDriverCount:4 
[2017.01.10-11.20.11:631][  0]LogD3D11RHI:     Adapter Name: NVIDIA GeForce GTX 1060 6GB
[2017.01.10-11.20.11:631][  0]LogD3D11RHI:   Driver Version: 376.33 (internal:21.21.13.7633, unified:376.33)
[2017.01.10-11.20.11:631][  0]LogD3D11RHI:      Driver Date: 12-11-2016
[2017.01.10-11.20.11:631][  0]LogRHI: Texture pool is 1361 MB (70% of 1945 MB)
[2017.01.10-11.20.12:104][  0]LogD3D11RHI: Async texture creation enabled
[2017.01.10-11.20.12:386][  0]LogD3D11RHI: GPU Timing Frequency: 1000.000000 (Debug: 2 1)
[2017.01.10-11.20.12:394][  0]LogShaderCompilers: Guid format shader working directory is 1 characters bigger than the processId version (D:/Escritorio/Repositorios/PGV/TheLastShelter/Intermediate/Shaders/WorkingDirectory/1084/).
[2017.01.10-11.20.12:394][  0]LogShaderCompilers: Cleaned the shader compiler working directory 'C:/Users/Grego/AppData/Local/Temp/UnrealShaderWorkingDir/1027A34443AD2FB034578AB8886ED8EE/'.
[2017.01.10-11.20.12:395][  0]LogShaderCompilers:Display: Using Local Shader Compiler.
[2017.01.10-11.20.13:720][  0]LogTemp:Display: Loaded TP AllDesktopTargetPlatform
[2017.01.10-11.20.13:777][  0]LogTemp:Display: Loaded TP MacClientTargetPlatform
[2017.01.10-11.20.13:835][  0]LogTemp:Display: Loaded TP MacNoEditorTargetPlatform
[2017.01.10-11.20.13:893][  0]LogTemp:Display: Loaded TP MacServerTargetPlatform
[2017.01.10-11.20.13:954][  0]LogTemp:Display: Loaded TP MacTargetPlatform
[2017.01.10-11.20.14:009][  0]LogTemp:Display: Loaded TP WindowsClientTargetPlatform
[2017.01.10-11.20.14:066][  0]LogTemp:Display: Loaded TP WindowsNoEditorTargetPlatform
[2017.01.10-11.20.14:124][  0]LogTemp:Display: Loaded TP WindowsServerTargetPlatform
[2017.01.10-11.20.14:176][  0]LogTemp:Display: Loaded TP WindowsTargetPlatform
[2017.01.10-11.20.14:233][  0]LogTemp:Display: Loaded TP AndroidTargetPlatform
[2017.01.10-11.20.14:289][  0]LogTemp:Display: Loaded TP Android_ASTCTargetPlatform
[2017.01.10-11.20.14:346][  0]LogTemp:Display: Loaded TP Android_ATCTargetPlatform
[2017.01.10-11.20.14:403][  0]LogTemp:Display: Loaded TP Android_DXTTargetPlatform
[2017.01.10-11.20.14:459][  0]LogTemp:Display: Loaded TP Android_ETC1TargetPlatform
[2017.01.10-11.20.14:516][  0]LogTemp:Display: Loaded TP Android_ETC2TargetPlatform
[2017.01.10-11.20.14:634][  0]LogTemp:Display: Loaded TP Android_MultiTargetPlatform
[2017.01.10-11.20.14:634][  0]LogTemp:Display: Loaded TP Android_PVRTCTargetPlatform
[2017.01.10-11.20.14:676][  0]LogTemp:Display: Loaded TP HTML5TargetPlatform
[2017.01.10-11.20.14:779][  0]LogTemp:Display: Loaded TP IOSTargetPlatform
[2017.01.10-11.20.14:817][  0]LogTemp:Display: Loaded TP TVOSTargetPlatform
[2017.01.10-11.20.14:873][  0]LogTemp:Display: Loaded TP LinuxClientTargetPlatform
[2017.01.10-11.20.14:931][  0]LogTemp:Display: Loaded TP LinuxNoEditorTargetPlatform
[2017.01.10-11.20.14:985][  0]LogTemp:Display: Loaded TP LinuxServerTargetPlatform
[2017.01.10-11.20.15:041][  0]LogTemp:Display: Loaded TP LinuxTargetPlatform
[2017.01.10-11.20.15:042][  0]LogTargetPlatformManager:Display: Building Assets For Windows
[2017.01.10-11.20.15:577][  0]LogDerivedDataCache:Display: Max Cache Size: 512 MB
[2017.01.10-11.20.15:870][  0]LogDerivedDataCache: Loaded boot cache 0.29s 50MB C:/Users/Grego/AppData/Local/UnrealEngine/4.14/DerivedDataCache/Boot.ddc.
[2017.01.10-11.20.15:870][  0]LogDerivedDataCache:Display: Loaded Boot cache: C:/Users/Grego/AppData/Local/UnrealEngine/4.14/DerivedDataCache/Boot.ddc
[2017.01.10-11.20.15:871][  0]LogDerivedDataCache: FDerivedDataBackendGraph:  Pak pak cache file D:/Escritorio/Repositorios/PGV/TheLastShelter/DerivedDataCache/DDC.ddp not found, will not use a pak cache.
[2017.01.10-11.20.15:871][  0]LogDerivedDataCache: Unable to find inner node Pak for hierarchical cache Hierarchy.
[2017.01.10-11.20.15:871][  0]LogDerivedDataCache: FDerivedDataBackendGraph:  CompressedPak pak cache file D:/Escritorio/Repositorios/PGV/TheLastShelter/DerivedDataCache/Compressed.ddp not found, will not use a pak cache.
[2017.01.10-11.20.15:871][  0]LogDerivedDataCache: Unable to find inner node CompressedPak for hierarchical cache Hierarchy.
[2017.01.10-11.20.15:891][  0]LogDerivedDataCache:Display: Pak cache opened for reading ../../../Engine/DerivedDataCache/Compressed.ddp.
[2017.01.10-11.20.15:904][  0]LogDerivedDataCache: Using Local data cache path C:/Users/Grego/AppData/Local/UnrealEngine/Common/DerivedDataCache: Writable
[2017.01.10-11.20.16:714][  0]LogInit: Selected Device Profile: [Windows]
[2017.01.10-11.20.16:723][  0]LogContentStreaming: Texture pool size is 0.00 MB
[2017.01.10-11.20.17:012][  0]LogMeshUtilities: Using QuadricMeshReduction for automatic static mesh reduction
[2017.01.10-11.20.17:077][  0]LogSimplygon: Simplygon DLL not present - disabling.
[2017.01.10-11.20.17:147][  0]LogMeshUtilities: Using SimplygonSwarm for distributed automatic mesh merging
[2017.01.10-11.20.17:147][  0]LogMeshUtilities: No automatic skeletal mesh reduction module available
[2017.01.10-11.20.17:147][  0]LogMeshUtilities: No automatic mesh merging module available
[2017.01.10-11.20.18:077][  0]LogNetVersion: GetLocalNetworkVersion: CL: 3195953, ProjectName: thelastshelter, ProjectVersion: , EngineNetworkVersion: 2, GameNetworkVersion: 0, NetworkChecksum: 306971164
[2017.01.10-11.20.18:152][  0]LogAssetRegistry: FAssetRegistry took 0.0241 seconds to start up
[2017.01.10-11.20.18:196][  0]LogPackageLocalizationCache: Processed 3 localized package path(s) for 1 prioritized culture(s) in 0.014149 seconds
[2017.01.10-11.20.18:202][  0]LogUObjectArray: 31946 objects as part of root set at end of initial load.
[2017.01.10-11.20.18:202][  0]LogUObjectAllocator: 6935848 out of 0 bytes used by permanent object pool.
[2017.01.10-11.20.18:202][  0]LogUObjectArray: CloseDisregardForGC: 0/0 objects in disregard for GC pool
[2017.01.10-11.20.18:283][  0]LogInit: WinSock: version 1.1 (2.2), MaxSocks=32767, MaxUdp=65467
[2017.01.10-11.20.19:309][  0]LogSlate: Using Freetype 2.6.0
[2017.01.10-11.20.19:312][  0]LogSlate: SlateFontCache - WITH_FREETYPE: 1, WITH_HARFBUZZ: 1
[2017.01.10-11.20.19:312][  0]LogSlate: SlateFontCache - WITH_FREETYPE: 1, WITH_HARFBUZZ: 1
[2017.01.10-11.20.21:272][  0]LogTcpMessaging: Initializing TcpMessaging bridge
[2017.01.10-11.20.21:321][  0]LogUdpMessaging: Initializing bridge on interface 0.0.0.0:0 to multicast group 230.0.0.1:6666.
[2017.01.10-11.20.21:804][  0]LogMaterial: Uniform references updated for custom material expression Custom.
[2017.01.10-11.20.22:285][  0]SourceControl: Info Source control is disabled
[2017.01.10-11.20.22:286][  0]SourceControl: Info Source control is disabled
[2017.01.10-11.20.22:350][  0]SourceControl: Info Source control is disabled
[2017.01.10-11.20.22:407][  0]SourceControl: Info Source control is disabled
[2017.01.10-11.20.23:985][  0]LogEngine: Initializing Engine...
[2017.01.10-11.20.23:986][  0]LogHMD: Failed to initialize OpenVR with code 110
[2017.01.10-11.20.24:298][  0]LogAIModule: Creating AISystem for world Untitled
[2017.01.10-11.20.24:321][  0]LogInit: XAudio2 using 'Altavoces (Realtek High Definition Audio)' : 2 channels at 48 kHz using 32 bits per sample (channel mask 0x3)
[2017.01.10-11.20.24:336][  0]LogInit: FAudioDevice initialized.
[2017.01.10-11.20.24:360][  0]LogDerivedDataCache: Saved boot cache 0.02s 50MB C:/Users/Grego/AppData/Local/UnrealEngine/4.14/DerivedDataCache/Boot.ddc.
[2017.01.10-11.20.24:365][  0]LogInit: Texture streaming: Enabled
[2017.01.10-11.20.24:596][  0]LogInit: Transaction tracking system initialized
[2017.01.10-11.20.25:031][  0]BlueprintLog: New page: Editor Load
[2017.01.10-11.20.26:251][  0]LocalizationService: Info Localization service is disabled
[2017.01.10-11.20.27:178][  0]LogConsoleResponse:Display: 
[2017.01.10-11.20.27:429][  0]LogFileCache: Scanning file cache for directory 'D:/Escritorio/Repositorios/PGV/TheLastShelter/Content/' took 0.01s
[2017.01.10-11.20.27:429][  0]LogCook:Display: Max memory allowance for cook 16384mb min free memory 0mb
[2017.01.10-11.20.27:429][  0]LogCook:Display: Mobile HDR setting 1
[2017.01.10-11.20.28:783][  0]SourceControl: Info Source control is disabled
[2017.01.10-11.20.28:785][  0]Cmd: MAP LOAD FILE="../../../Engine/Content/Maps/Templates/Template_Default.umap" TEMPLATE=1 SHOWPROGRESS=1 FEATURELEVEL=3
[2017.01.10-11.20.28:787][  0]LightingResults: New page: Lighting Build
[2017.01.10-11.20.28:841][  0]MapCheck: New page: Map Check
[2017.01.10-11.20.28:841][  0]LightingResults: New page: Lighting Build
[2017.01.10-11.20.29:102][  0]LogAIModule: Creating AISystem for world Untitled_1
[2017.01.10-11.20.29:105][  0]LogActorComponent: RegisterComponentWithWorld: (/Temp/Untitled_1.Untitled_1:PersistentLevel.WorldSettings_1.StaticMeshComponent0) Trying to register component with IsPendingKill() == true. Aborting.
[2017.01.10-11.20.29:133][  0]LogEditorServer: Finished looking for orphan Actors (0.000 secs)
[2017.01.10-11.20.29:140][  0]Cmd: MAP CHECKDEP NOCLEARLOG
[2017.01.10-11.20.29:178][  0]MapCheck: Info Map check complete: 0 Error(s), 0 Warning(s), took 37.999ms to complete.
[2017.01.10-11.20.29:178][  0]LogFileHelpers: Loading map 'Template_Default' took 0.393
[2017.01.10-11.20.29:257][  0]LogWindowsTextInputMethodSystem:Display: IME system now deactivated.
[2017.01.10-11.20.29:391][  0]LogCollectionManager: Loaded 0 collections in 0.001584 seconds
[2017.01.10-11.20.29:496][  0]LogFileCache: Scanning file cache for directory 'D:/Escritorio/Repositorios/PGV/TheLastShelter/Saved/Collections/' took 0.01s
[2017.01.10-11.20.29:496][  0]LogFileCache: Scanning file cache for directory 'D:/Escritorio/Repositorios/PGV/TheLastShelter/Content/Developers/Grego/Collections/' took 0.01s
[2017.01.10-11.20.29:496][  0]LogFileCache: Scanning file cache for directory 'D:/Escritorio/Repositorios/PGV/TheLastShelter/Content/Collections/' took 0.01s
[2017.01.10-11.20.29:496][  0]LogCollectionManager: Rebuilt the GUID cache for 0 collections in 0.000001 seconds
[2017.01.10-11.20.29:506][  0]LogContentBrowser: Native class hierarchy populated in 0.0079 seconds. Added 2190 classes and 428 folders.
[2017.01.10-11.20.29:557][  0]LogStats: UGameplayTagsManager::ConstructGameplayTagTree: Construct from data asset -  0.000 s
[2017.01.10-11.20.29:557][  0]LogStats: UGameplayTagsManager::ConstructGameplayTagTree: GameplayTagTreeChangedEvent.Broadcast -  0.000 s
[2017.01.10-11.20.29:558][  0]LogContentBrowser: Native class hierarchy updated for 'GameplayTags' in 0.0005 seconds. Added 13 classes and 0 folders.
[2017.01.10-11.20.29:631][  0]LogContentBrowser: Native class hierarchy updated for 'WidgetCarousel' in 0.0004 seconds. Added 0 classes and 0 folders.
[2017.01.10-11.20.29:828][  0]LogContentBrowser: Native class hierarchy updated for 'AddContentDialog' in 0.0004 seconds. Added 0 classes and 0 folders.
[2017.01.10-11.20.29:888][  0]LogContentBrowser: Native class hierarchy updated for 'SceneOutliner' in 0.0004 seconds. Added 1 classes and 2 folders.
[2017.01.10-11.20.29:990][  0]LogCrashTracker: Crashtracker disabled due to settings.
[2017.01.10-11.20.30:005][  0]LogUObjectGlobals:Warning: Failed to find object 'Class None.'
[2017.01.10-11.20.30:084][  0]LogContentBrowser: Native class hierarchy updated for 'HierarchicalLODOutliner' in 0.0004 seconds. Added 1 classes and 2 folders.
[2017.01.10-11.20.30:084][  0]LogLoad: (Engine Initialization) Total time: 23.21 seconds
[2017.01.10-11.20.30:084][  0]LogLoad: (Engine Initialization) Total Blueprint compile time: 0.13 seconds
[2017.01.10-11.20.30:084][  0]LogExternalProfiler: No external profilers were discovered.  External profiling features will not be available.
[2017.01.10-11.20.30:094][  0]LogOcInput: OculusInput pre-init called
[2017.01.10-11.20.30:115][  0]LogContentStreaming: Texture pool size now 1000 MB
[2017.01.10-11.20.30:268][  0]LogRenderer: Reallocating scene render targets to support 1208x576 NumSamples 1 (Frame:2).
[2017.01.10-11.20.30:365][  1]LogAssetRegistry: Asset discovery search completed in 12.2356 seconds
[2017.01.10-11.20.30:365][  1]LogCollectionManager: Rebuilt the object cache for 0 collections in 0.000001 seconds (found 0 objects)
[2017.01.10-11.20.30:365][  1]LogCollectionManager: Fixed up redirectors for 0 collections in 0.000038 seconds (updated 0 objects)
[2017.01.10-11.21.19:637][874]LogTemp: Repeting last play command: Selected Viewport
[2017.01.10-11.21.19:647][874]LogPlayLevel: PlayLevel: No blueprints needed recompiling
[2017.01.10-11.21.19:649][874]PIE: New page: PIE session: Untitled_1 (Jan 10, 2017, 1:21:19 PM)
[2017.01.10-11.21.19:649][874]LogPlayLevel: Creating play world package: /Temp/UEDPIE_0_Untitled_1
[2017.01.10-11.21.19:652][874]LogPlayLevel: PIE: StaticDuplicateObject took: (0.003053s)
[2017.01.10-11.21.19:653][874]LogAIModule: Creating AISystem for world Untitled_1
[2017.01.10-11.21.19:653][874]LogPlayLevel: PIE: World Init took: (0.000759s)
[2017.01.10-11.21.19:653][874]LogPlayLevel: PIE: Created PIE world by copying editor world from /Temp/Untitled_1.Untitled_1 to /Temp/UEDPIE_0_Untitled_1.Untitled_1 (0.004488s)
[2017.01.10-11.21.19:680][874]LogInit: XAudio2 using 'Altavoces (Realtek High Definition Audio)' : 2 channels at 48 kHz using 32 bits per sample (channel mask 0x3)
[2017.01.10-11.21.19:690][874]LogInit: FAudioDevice initialized.
[2017.01.10-11.21.19:739][874]LogLoad: Game class is 'GameModeBase'
[2017.01.10-11.21.19:742][874]LogWorld: Bringing World /Temp/UEDPIE_0_Untitled_1.Untitled_1 up for play (max tick rate 0) at 2017.01.10-12.21.19
[2017.01.10-11.21.19:742][874]LogWorld: Bringing up level for play took: 0.000970
[2017.01.10-11.21.19:791][874]LogContentBrowser: Native class hierarchy updated for 'MovieSceneCapture' in 0.0004 seconds. Added 11 classes and 0 folders.
[2017.01.10-11.21.19:795][874]PIE: Info Play in editor start time for /Temp/UEDPIE_0_Untitled_1 -0.365
[2017.01.10-11.21.45:958][879]LogAIModule: Creating AISystem for world MainMenuLevel
[2017.01.10-11.21.45:986][879]Cmd: MAP LOAD FILE="D:/Escritorio/Repositorios/PGV/TheLastShelter/Content/Maps/MainMenuLevel.umap" TEMPLATE=0 SHOWPROGRESS=1 FEATURELEVEL=3
[2017.01.10-11.21.45:986][879]LightingResults: New page: Lighting Build
[2017.01.10-11.21.45:987][879]LoadErrors: New page: Loading map: MainMenuLevel.umap
[2017.01.10-11.21.45:987][879]MapCheck: New page: Map Check
[2017.01.10-11.21.45:987][879]LightingResults: New page: Lighting Build
[2017.01.10-11.21.46:005][879]LogEditorServer: Finished looking for orphan Actors (0.000 secs)
[2017.01.10-11.21.46:023][879]Cmd: MAP CHECKDEP NOCLEARLOG
[2017.01.10-11.21.46:068][879]MapCheck: Info Map check complete: 0 Error(s), 0 Warning(s), took 45.115ms to complete.
[2017.01.10-11.21.46:068][879]LogFileHelpers: Loading map 'MainMenuLevel' took 0.084
[2017.01.10-11.21.50:244][376]LogTemp: Repeting last play command: Selected Viewport
[2017.01.10-11.21.50:254][376]LogBlueprintUserMessages: Early PlayInEditor Detection: Level '/Game/Maps/MainMenuLevel.MainMenuLevel:PersistentLevel' has LevelScriptBlueprint '/Game/Maps/MainMenuLevel.MainMenuLevel:PersistentLevel.MainMenuLevel' with GeneratedClass '/Game/Maps/MainMenuLevel.MainMenuLevel_C' with ClassGeneratedBy '/Game/Maps/MainMenuLevel.MainMenuLevel:PersistentLevel.MainMenuLevel'
[2017.01.10-11.21.50:254][376]LogPlayLevel: PlayLevel: No blueprints needed recompiling
[2017.01.10-11.21.50:254][376]PIE: New page: PIE session: MainMenuLevel (Jan 10, 2017, 1:21:50 PM)
[2017.01.10-11.21.50:254][376]LogPlayLevel: Creating play world package: /Game/Maps/UEDPIE_0_MainMenuLevel
[2017.01.10-11.21.50:256][376]LogPlayLevel: PIE: StaticDuplicateObject took: (0.002268s)
[2017.01.10-11.21.50:257][376]LogAIModule: Creating AISystem for world MainMenuLevel
[2017.01.10-11.21.50:257][376]LogPlayLevel: PIE: World Init took: (0.000828s)
[2017.01.10-11.21.50:257][376]LogPlayLevel: PIE: Created PIE world by copying editor world from /Game/Maps/MainMenuLevel.MainMenuLevel to /Game/Maps/UEDPIE_0_MainMenuLevel.MainMenuLevel (0.003311s)
[2017.01.10-11.21.50:279][376]LogInit: XAudio2 using 'Altavoces (Realtek High Definition Audio)' : 2 channels at 48 kHz using 32 bits per sample (channel mask 0x3)
[2017.01.10-11.21.50:287][376]LogInit: FAudioDevice initialized.
[2017.01.10-11.21.50:316][376]LogLoad: Game class is 'GameModeBase'
[2017.01.10-11.21.50:318][376]LogWorld: Bringing World /Game/Maps/UEDPIE_0_MainMenuLevel.MainMenuLevel up for play (max tick rate 0) at 2017.01.10-12.21.50
[2017.01.10-11.21.50:318][376]LogWorld: Bringing up level for play took: 0.001384
[2017.01.10-11.21.50:323][376]PIE: Info Play in editor start time for /Game/Maps/UEDPIE_0_MainMenuLevel 0.163
[2017.01.10-11.21.50:323][376]LogBlueprintUserMessages: Late PlayInEditor Detection: Level '/Game/Maps/MainMenuLevel.MainMenuLevel:PersistentLevel' has LevelScriptBlueprint '/Game/Maps/MainMenuLevel.MainMenuLevel:PersistentLevel.MainMenuLevel' with GeneratedClass '/Game/Maps/MainMenuLevel.MainMenuLevel_C' with ClassGeneratedBy '/Game/Maps/MainMenuLevel.MainMenuLevel:PersistentLevel.MainMenuLevel'
[2017.01.10-11.22.26:016][541]LogBlueprintUserMessages: Early EndPlayMap Detection: Level '/Game/Maps/MainMenuLevel.MainMenuLevel:PersistentLevel' has LevelScriptBlueprint '/Game/Maps/MainMenuLevel.MainMenuLevel:PersistentLevel.MainMenuLevel' with GeneratedClass '/Game/Maps/MainMenuLevel.MainMenuLevel_C' with ClassGeneratedBy '/Game/Maps/MainMenuLevel.MainMenuLevel:PersistentLevel.MainMenuLevel'
[2017.01.10-11.22.26:049][541]LogBlueprintUserMessages: Late EndPlayMap Detection: Level '/Game/Maps/MainMenuLevel.MainMenuLevel:PersistentLevel' has LevelScriptBlueprint '/Game/Maps/MainMenuLevel.MainMenuLevel:PersistentLevel.MainMenuLevel' with GeneratedClass '/Game/Maps/MainMenuLevel.MainMenuLevel_C' with ClassGeneratedBy '/Game/Maps/MainMenuLevel.MainMenuLevel:PersistentLevel.MainMenuLevel'
[2017.01.10-11.22.39:688][998]LogEditorActor: Deleted Actor: BP_Sky_Sphere_C
[2017.01.10-11.22.39:704][998]LogEditorActor: Deleted 1 Actors (0.018 secs)
[2017.01.10-11.22.40:649][108]LogEditorActor: Deleted Actor: PlayerStart
[2017.01.10-11.22.40:663][108]LogEditorActor: Deleted 1 Actors (0.014 secs)
[2017.01.10-11.22.42:074][260]LogEditorActor: Deleted Actor: AtmosphericFog
[2017.01.10-11.22.42:089][260]LogEditorActor: Deleted 1 Actors (0.015 secs)
[2017.01.10-11.22.43:139][382]LogEditorActor: Deleted Actor: DirectionalLight
[2017.01.10-11.22.43:153][382]LogEditorActor: Deleted 1 Actors (0.015 secs)
[2017.01.10-11.22.44:028][484]LogEditorActor: Deleted Actor: StaticMeshActor
[2017.01.10-11.22.44:043][484]LogEditorActor: Deleted 1 Actors (0.015 secs)
[2017.01.10-11.22.46:718][803]LogTemp: Repeting last play command: Selected Viewport
[2017.01.10-11.22.46:729][803]LogBlueprintUserMessages: Early PlayInEditor Detection: Level '/Game/Maps/MainMenuLevel.MainMenuLevel:PersistentLevel' has LevelScriptBlueprint '/Game/Maps/MainMenuLevel.MainMenuLevel:PersistentLevel.MainMenuLevel' with GeneratedClass '/Game/Maps/MainMenuLevel.MainMenuLevel_C' with ClassGeneratedBy '/Game/Maps/MainMenuLevel.MainMenuLevel:PersistentLevel.MainMenuLevel'
[2017.01.10-11.22.46:729][803]LogPlayLevel: PlayLevel: No blueprints needed recompiling
[2017.01.10-11.22.46:729][803]PIE: New page: PIE session: MainMenuLevel (Jan 10, 2017, 1:22:46 PM)
[2017.01.10-11.22.46:729][803]LogPlayLevel: Creating play world package: /Game/Maps/UEDPIE_0_MainMenuLevel
[2017.01.10-11.22.46:730][803]LogPlayLevel: PIE: StaticDuplicateObject took: (0.000796s)
[2017.01.10-11.22.46:730][803]LogAIModule: Creating AISystem for world MainMenuLevel
[2017.01.10-11.22.46:730][803]LogPlayLevel: PIE: World Init took: (0.000583s)
[2017.01.10-11.22.46:730][803]LogPlayLevel: PIE: Created PIE world by copying editor world from /Game/Maps/MainMenuLevel.MainMenuLevel to /Game/Maps/UEDPIE_0_MainMenuLevel.MainMenuLevel (0.001564s)
[2017.01.10-11.22.46:756][803]LogInit: XAudio2 using 'Altavoces (Realtek High Definition Audio)' : 2 channels at 48 kHz using 32 bits per sample (channel mask 0x3)
[2017.01.10-11.22.46:764][803]LogInit: FAudioDevice initialized.
[2017.01.10-11.22.46:795][803]LogLoad: Game class is 'GameModeBase'
[2017.01.10-11.22.46:796][803]LogWorld: Bringing World /Game/Maps/UEDPIE_0_MainMenuLevel.MainMenuLevel up for play (max tick rate 0) at 2017.01.10-12.22.46
[2017.01.10-11.22.46:796][803]LogWorld: Bringing up level for play took: 0.000637
[2017.01.10-11.22.46:798][803]PIE: Info Play in editor start time for /Game/Maps/UEDPIE_0_MainMenuLevel 0.637
[2017.01.10-11.22.46:798][803]LogBlueprintUserMessages: Late PlayInEditor Detection: Level '/Game/Maps/MainMenuLevel.MainMenuLevel:PersistentLevel' has LevelScriptBlueprint '/Game/Maps/MainMenuLevel.MainMenuLevel:PersistentLevel.MainMenuLevel' with GeneratedClass '/Game/Maps/MainMenuLevel.MainMenuLevel_C' with ClassGeneratedBy '/Game/Maps/MainMenuLevel.MainMenuLevel:PersistentLevel.MainMenuLevel'
[2017.01.10-11.22.52:958][533]LogBlueprintUserMessages: Early EndPlayMap Detection: Level '/Game/Maps/MainMenuLevel.MainMenuLevel:PersistentLevel' has LevelScriptBlueprint '/Game/Maps/MainMenuLevel.MainMenuLevel:PersistentLevel.MainMenuLevel' with GeneratedClass '/Game/Maps/MainMenuLevel.MainMenuLevel_C' with ClassGeneratedBy '/Game/Maps/MainMenuLevel.MainMenuLevel:PersistentLevel.MainMenuLevel'
[2017.01.10-11.22.52:989][533]LogBlueprintUserMessages: Late EndPlayMap Detection: Level '/Game/Maps/MainMenuLevel.MainMenuLevel:PersistentLevel' has LevelScriptBlueprint '/Game/Maps/MainMenuLevel.MainMenuLevel:PersistentLevel.MainMenuLevel' with GeneratedClass '/Game/Maps/MainMenuLevel.MainMenuLevel_C' with ClassGeneratedBy '/Game/Maps/MainMenuLevel.MainMenuLevel:PersistentLevel.MainMenuLevel'
[2017.01.10-11.23.34:032][587]Cmd: OBJ SAVEPACKAGE PACKAGE="/Game/Maps/MainMenuLevel" FILE="D:/Escritorio/Repositorios/PGV/TheLastShelter/Content/Maps/MainMenuLevel.umap" SILENT=true AUTOSAVING=false KEEPDIRTY=false
[2017.01.10-11.23.34:205][587]LogSavePackage: Save=61.86ms
[2017.01.10-11.23.34:205][587]LogSavePackage: Moving 'D:/Escritorio/Repositorios/PGV/TheLastShelter/Saved/MainMenuLevelC36AC3DA42C44EC5CF7857B231E29FA5.tmp' to 'D:/Escritorio/Repositorios/PGV/TheLastShelter/Content/Maps/MainMenuLevel.umap'
[2017.01.10-11.23.34:208][587]LogSavePackage:Display: Finished SavePackage D:/Escritorio/Repositorios/PGV/TheLastShelter/Content/Maps/MainMenuLevel.umap
[2017.01.10-11.24.02:024][914]LogEditorViewport: Clicking Background
[2017.01.10-11.24.20:498][ 69]LogContentBrowser: Native class hierarchy updated for 'BlueprintGraph' in 0.0011 seconds. Added 111 classes and 0 folders.
[2017.01.10-11.31.35:693][760]BlueprintLog: New page: Compile MainMenu
[2017.01.10-11.31.36:577][839]Cmd: OBJ SAVEPACKAGE PACKAGE="/Game/HUD/MainMenu" FILE="D:/Escritorio/Repositorios/PGV/TheLastShelter/Content/HUD/MainMenu.uasset" SILENT=true
[2017.01.10-11.31.36:613][839]LogSavePackage: Save=29.55ms
[2017.01.10-11.31.36:613][839]LogSavePackage: Moving 'D:/Escritorio/Repositorios/PGV/TheLastShelter/Saved/MainMenuECB7B9074CFA91DC76F20F81815FAC0E.tmp' to 'D:/Escritorio/Repositorios/PGV/TheLastShelter/Content/HUD/MainMenu.uasset'
[2017.01.10-11.31.36:615][839]LogSavePackage:Display: Finished SavePackage D:/Escritorio/Repositorios/PGV/TheLastShelter/Content/HUD/MainMenu.uasset
[2017.01.10-11.31.46:349][856]LogTemp: Repeting last play command: Selected Viewport
[2017.01.10-11.31.46:365][856]LogBlueprintUserMessages: Early PlayInEditor Detection: Level '/Game/Maps/MainMenuLevel.MainMenuLevel:PersistentLevel' has LevelScriptBlueprint '/Game/Maps/MainMenuLevel.MainMenuLevel:PersistentLevel.MainMenuLevel' with GeneratedClass '/Game/Maps/MainMenuLevel.MainMenuLevel_C' with ClassGeneratedBy '/Game/Maps/MainMenuLevel.MainMenuLevel:PersistentLevel.MainMenuLevel'
[2017.01.10-11.31.46:365][856]LogPlayLevel: PlayLevel: No blueprints needed recompiling
[2017.01.10-11.31.46:366][856]PIE: New page: PIE session: MainMenuLevel (Jan 10, 2017, 1:31:46 PM)
[2017.01.10-11.31.46:366][856]LogPlayLevel: Creating play world package: /Game/Maps/UEDPIE_0_MainMenuLevel
[2017.01.10-11.31.46:367][856]LogPlayLevel: PIE: StaticDuplicateObject took: (0.001206s)
[2017.01.10-11.31.46:367][856]LogAIModule: Creating AISystem for world MainMenuLevel
[2017.01.10-11.31.46:368][856]LogPlayLevel: PIE: World Init took: (0.000809s)
[2017.01.10-11.31.46:368][856]LogPlayLevel: PIE: Created PIE world by copying editor world from /Game/Maps/MainMenuLevel.MainMenuLevel to /Game/Maps/UEDPIE_0_MainMenuLevel.MainMenuLevel (0.002211s)
[2017.01.10-11.31.46:403][856]LogInit: XAudio2 using 'Altavoces (Realtek High Definition Audio)' : 2 channels at 48 kHz using 32 bits per sample (channel mask 0x3)
[2017.01.10-11.31.46:412][856]LogInit: FAudioDevice initialized.
[2017.01.10-11.31.46:444][856]LogLoad: Game class is 'GameModeBase'
[2017.01.10-11.31.46:444][856]LogWorld: Bringing World /Game/Maps/UEDPIE_0_MainMenuLevel.MainMenuLevel up for play (max tick rate 0) at 2017.01.10-12.31.46
[2017.01.10-11.31.46:445][856]LogWorld: Bringing up level for play took: 0.000682
[2017.01.10-11.31.46:447][856]PIE: Info Play in editor start time for /Game/Maps/UEDPIE_0_MainMenuLevel 0.287
[2017.01.10-11.31.46:447][856]LogBlueprintUserMessages: Late PlayInEditor Detection: Level '/Game/Maps/MainMenuLevel.MainMenuLevel:PersistentLevel' has LevelScriptBlueprint '/Game/Maps/MainMenuLevel.MainMenuLevel:PersistentLevel.MainMenuLevel' with GeneratedClass '/Game/Maps/MainMenuLevel.MainMenuLevel_C' with ClassGeneratedBy '/Game/Maps/MainMenuLevel.MainMenuLevel:PersistentLevel.MainMenuLevel'
[2017.01.10-11.33.47:784][ 51]LogBlueprintUserMessages: Early EndPlayMap Detection: Level '/Game/Maps/MainMenuLevel.MainMenuLevel:PersistentLevel' has LevelScriptBlueprint '/Game/Maps/MainMenuLevel.MainMenuLevel:PersistentLevel.MainMenuLevel' with GeneratedClass '/Game/Maps/MainMenuLevel.MainMenuLevel_C' with ClassGeneratedBy '/Game/Maps/MainMenuLevel.MainMenuLevel:PersistentLevel.MainMenuLevel'
[2017.01.10-11.33.47:817][ 51]LogBlueprintUserMessages: Late EndPlayMap Detection: Level '/Game/Maps/MainMenuLevel.MainMenuLevel:PersistentLevel' has LevelScriptBlueprint '/Game/Maps/MainMenuLevel.MainMenuLevel:PersistentLevel.MainMenuLevel' with GeneratedClass '/Game/Maps/MainMenuLevel.MainMenuLevel_C' with ClassGeneratedBy '/Game/Maps/MainMenuLevel.MainMenuLevel:PersistentLevel.MainMenuLevel'
[2017.01.10-11.39.01:026][535]Cmd: OBJ SAVEPACKAGE PACKAGE="/Game/Maps/MainMenuLevel" FILE="D:/Escritorio/Repositorios/PGV/TheLastShelter/Saved/Autosaves/Game/Maps/MainMenuLevel_Auto1.umap" SILENT=true AUTOSAVING=true KEEPDIRTY=false
