Log file open, 01/06/17 12:34:45
LogInit:Display: Running engine for game: TheLastShelter
LogPlatformFile: Not using cached read wrapper
LogInit:Display: RandInit(-1241224284) SRandInit(-1241224277).
LogTaskGraph: Started task graph with 5 named threads and 8 total threads with 1 sets of task threads.
LogStats: Stats thread started at 0.162773
LogPluginManager: Loaded Plugin Paper2D, From L:/Unreal Engine 4/Epic Games/4.14/Engine/Plugins/2D/Paper2D/Paper2D.uplugin
LogPluginManager: Loaded Plugin LightPropagationVolume, From L:/Unreal Engine 4/Epic Games/4.14/Engine/Plugins/Blendables/LightPropagationVolume/LightPropagationVolume.uplugin
LogPluginManager: Loaded Plugin BlankPlugin, From L:/Unreal Engine 4/Epic Games/4.14/Engine/Plugins/Developer/BlankPlugin/BlankPlugin.uplugin
LogPluginManager: Loaded Plugin CodeLiteSourceCodeAccess, From L:/Unreal Engine 4/Epic Games/4.14/Engine/Plugins/Developer/CodeLiteSourceCodeAccess/CodeLiteSourceCodeAccess.uplugin
LogPluginManager: Loaded Plugin GitSourceControl, From L:/Unreal Engine 4/Epic Games/4.14/Engine/Plugins/Developer/GitSourceControl/GitSourceControl.uplugin
LogPluginManager: Loaded Plugin KDevelopSourceCodeAccess, From L:/Unreal Engine 4/Epic Games/4.14/Engine/Plugins/Developer/KDevelopSourceCodeAccess/KDevelopSourceCodeAccess.uplugin
LogPluginManager: Loaded Plugin NullSourceCodeAccess, From L:/Unreal Engine 4/Epic Games/4.14/Engine/Plugins/Developer/NullSourceCodeAccess/NullSourceCodeAccess.uplugin
LogPluginManager: Loaded Plugin OneSkyLocalizationService, From L:/Unreal Engine 4/Epic Games/4.14/Engine/Plugins/Developer/OneSkyLocalizationService/OneSkyLocalizationService.uplugin
LogPluginManager: Loaded Plugin PerforceSourceControl, From L:/Unreal Engine 4/Epic Games/4.14/Engine/Plugins/Developer/PerforceSourceControl/PerforceSourceControl.uplugin
LogPluginManager: Loaded Plugin SubversionSourceControl, From L:/Unreal Engine 4/Epic Games/4.14/Engine/Plugins/Developer/SubversionSourceControl/SubversionSourceControl.uplugin
LogPluginManager: Loaded Plugin UObjectPlugin, From L:/Unreal Engine 4/Epic Games/4.14/Engine/Plugins/Developer/UObjectPlugin/UObjectPlugin.uplugin
LogPluginManager: Loaded Plugin VisualStudioSourceCodeAccess, From L:/Unreal Engine 4/Epic Games/4.14/Engine/Plugins/Developer/VisualStudioSourceCodeAccess/VisualStudioSourceCodeAccess.uplugin
LogPluginManager: Loaded Plugin XCodeSourceCodeAccess, From L:/Unreal Engine 4/Epic Games/4.14/Engine/Plugins/Developer/XCodeSourceCodeAccess/XCodeSourceCodeAccess.uplugin
LogPluginManager: Loaded Plugin AudioCapture, From L:/Unreal Engine 4/Epic Games/4.14/Engine/Plugins/Editor/AudioCapture/AudioCapture.uplugin
LogPluginManager: Loaded Plugin EpicSurvey, From L:/Unreal Engine 4/Epic Games/4.14/Engine/Plugins/Editor/EpicSurvey/EpicSurvey.uplugin
LogPluginManager: Loaded Plugin MacGraphicsSwitching, From L:/Unreal Engine 4/Epic Games/4.14/Engine/Plugins/Editor/MacGraphicsSwitching/MacGraphicsSwitching.uplugin
LogPluginManager: Loaded Plugin MobileLauncherProfileWizard, From L:/Unreal Engine 4/Epic Games/4.14/Engine/Plugins/Editor/MobileLauncherProfileWizard/MobileLauncherProfileWizard.uplugin
LogPluginManager: Loaded Plugin PluginBrowser, From L:/Unreal Engine 4/Epic Games/4.14/Engine/Plugins/Editor/PluginBrowser/PluginBrowser.uplugin
LogPluginManager: Loaded Plugin SpeedTreeImporter, From L:/Unreal Engine 4/Epic Games/4.14/Engine/Plugins/Editor/SpeedTreeImporter/SpeedTreeImporter.uplugin
LogPluginManager: Loaded Plugin SuperSearchEditor, From L:/Unreal Engine 4/Epic Games/4.14/Engine/Plugins/Editor/SuperSearchEditor/SuperSearchEditor.uplugin
LogPluginManager: Loaded Plugin AlembicImporter, From L:/Unreal Engine 4/Epic Games/4.14/Engine/Plugins/Experimental/AlembicImporter/AlembicImporter.uplugin
LogPluginManager: Loaded Plugin BlueprintStats, From L:/Unreal Engine 4/Epic Games/4.14/Engine/Plugins/Experimental/BlueprintStats/BlueprintStats.uplugin
LogPluginManager: Loaded Plugin CharacterAI, From L:/Unreal Engine 4/Epic Games/4.14/Engine/Plugins/Experimental/CharacterAI/CharacterAI.uplugin
LogPluginManager: Loaded Plugin CodeEditor, From L:/Unreal Engine 4/Epic Games/4.14/Engine/Plugins/Experimental/CodeEditor/CodeEditor.uplugin
LogPluginManager: Loaded Plugin CodeView, From L:/Unreal Engine 4/Epic Games/4.14/Engine/Plugins/Experimental/CodeView/CodeView.uplugin
LogPluginManager: Loaded Plugin HTML5Networking, From L:/Unreal Engine 4/Epic Games/4.14/Engine/Plugins/Experimental/HTML5Networking/HTML5Networking.uplugin
LogPluginManager: Loaded Plugin OSVR, From L:/Unreal Engine 4/Epic Games/4.14/Engine/Plugins/Experimental/OSVR/OSVR.uplugin
LogPluginManager: Loaded Plugin Phya, From L:/Unreal Engine 4/Epic Games/4.14/Engine/Plugins/Experimental/Phya/Phya.uplugin
LogPluginManager: Loaded Plugin SignificanceManager, From L:/Unreal Engine 4/Epic Games/4.14/Engine/Plugins/Experimental/SignificanceManager/SignificanceManager.uplugin
LogPluginManager: Loaded Plugin SimpleHMD, From L:/Unreal Engine 4/Epic Games/4.14/Engine/Plugins/Experimental/SimpleHMD/SimpleHMD.uplugin
LogPluginManager: Loaded Plugin StereoPanorama, From L:/Unreal Engine 4/Epic Games/4.14/Engine/Plugins/Experimental/StereoPanorama/StereoPanorama.uplugin
LogPluginManager: Loaded Plugin StructBox, From L:/Unreal Engine 4/Epic Games/4.14/Engine/Plugins/Experimental/StructBox/StructBox.uplugin
LogPluginManager: Loaded Plugin AndroidMedia, From L:/Unreal Engine 4/Epic Games/4.14/Engine/Plugins/Media/AndroidMedia/AndroidMedia.uplugin
LogPluginManager: Loaded Plugin AvfMedia, From L:/Unreal Engine 4/Epic Games/4.14/Engine/Plugins/Media/AvfMedia/AvfMedia.uplugin
LogPluginManager: Loaded Plugin MediaPlayerEditor, From L:/Unreal Engine 4/Epic Games/4.14/Engine/Plugins/Media/MediaPlayerEditor/MediaPlayerEditor.uplugin
LogPluginManager: Loaded Plugin WmfMedia, From L:/Unreal Engine 4/Epic Games/4.14/Engine/Plugins/Media/WmfMedia/WmfMedia.uplugin
LogPluginManager: Loaded Plugin MessagingDebugger, From L:/Unreal Engine 4/Epic Games/4.14/Engine/Plugins/Messaging/MessagingDebugger/MessagingDebugger.uplugin
LogPluginManager: Loaded Plugin TcpMessaging, From L:/Unreal Engine 4/Epic Games/4.14/Engine/Plugins/Messaging/TcpMessaging/TcpMessaging.uplugin
LogPluginManager: Loaded Plugin UdpMessaging, From L:/Unreal Engine 4/Epic Games/4.14/Engine/Plugins/Messaging/UdpMessaging/UdpMessaging.uplugin
LogPluginManager: Loaded Plugin LevelSequenceEditor, From L:/Unreal Engine 4/Epic Games/4.14/Engine/Plugins/MovieScene/LevelSequenceEditor/LevelSequenceEditor.uplugin
LogPluginManager: Loaded Plugin MatineeToLevelSequence, From L:/Unreal Engine 4/Epic Games/4.14/Engine/Plugins/MovieScene/MatineeToLevelSequence/MatineeToLevelSequence.uplugin
LogPluginManager: Loaded Plugin NetcodeUnitTest, From L:/Unreal Engine 4/Epic Games/4.14/Engine/Plugins/NetcodeUnitTest/NetcodeUnitTest/NetcodeUnitTest.uplugin
LogPluginManager: Loaded Plugin NUTUnrealEngine4, From L:/Unreal Engine 4/Epic Games/4.14/Engine/Plugins/NetcodeUnitTest/NUTUnrealEngine4/NUTUnrealEngine4.uplugin
LogPluginManager: Loaded Plugin OnlineSubsystemGameCircle, From L:/Unreal Engine 4/Epic Games/4.14/Engine/Plugins/Online/Android/OnlineSubsystemGameCircle/OnlineSubsystemGameCircle.uplugin
LogPluginManager: Loaded Plugin OnlineSubsystemGooglePlay, From L:/Unreal Engine 4/Epic Games/4.14/Engine/Plugins/Online/Android/OnlineSubsystemGooglePlay/OnlineSubsystemGooglePlay.uplugin
LogPluginManager: Loaded Plugin OnlineSubsystemIOS, From L:/Unreal Engine 4/Epic Games/4.14/Engine/Plugins/Online/IOS/OnlineSubsystemIOS/OnlineSubsystemIOS.uplugin
LogPluginManager: Loaded Plugin OnlineFramework, From L:/Unreal Engine 4/Epic Games/4.14/Engine/Plugins/Online/OnlineFramework/OnlineFramework.uplugin
LogPluginManager: Loaded Plugin OnlineSubsystem, From L:/Unreal Engine 4/Epic Games/4.14/Engine/Plugins/Online/OnlineSubsystem/OnlineSubsystem.uplugin
LogPluginManager: Loaded Plugin OnlineSubsystemAmazon, From L:/Unreal Engine 4/Epic Games/4.14/Engine/Plugins/Online/OnlineSubsystemAmazon/OnlineSubsystemAmazon.uplugin
LogPluginManager: Loaded Plugin OnlineSubsystemFacebook, From L:/Unreal Engine 4/Epic Games/4.14/Engine/Plugins/Online/OnlineSubsystemFacebook/OnlineSubsystemFacebook.uplugin
LogPluginManager: Loaded Plugin OnlineSubsystemNull, From L:/Unreal Engine 4/Epic Games/4.14/Engine/Plugins/Online/OnlineSubsystemNull/OnlineSubsystemNull.uplugin
LogPluginManager: Loaded Plugin OnlineSubsystemOculus, From L:/Unreal Engine 4/Epic Games/4.14/Engine/Plugins/Online/OnlineSubsystemOculus/OnlineSubsystemOculus.uplugin
LogPluginManager: Loaded Plugin OnlineSubsystemSteam, From L:/Unreal Engine 4/Epic Games/4.14/Engine/Plugins/Online/OnlineSubsystemSteam/OnlineSubsystemSteam.uplugin
LogPluginManager: Loaded Plugin OnlineSubsystemUtils, From L:/Unreal Engine 4/Epic Games/4.14/Engine/Plugins/Online/OnlineSubsystemUtils/OnlineSubsystemUtils.uplugin
LogPluginManager: Loaded Plugin IOSTapJoy, From L:/Unreal Engine 4/Epic Games/4.14/Engine/Plugins/Runtime/Advertising/IOSTapJoy/IOSTapJoy.uplugin
LogPluginManager: Loaded Plugin AnalyticsBlueprintLibrary, From L:/Unreal Engine 4/Epic Games/4.14/Engine/Plugins/Runtime/Analytics/AnalyticsBlueprintLibrary/AnalyticsBlueprintLibrary.uplugin
LogPluginManager: Loaded Plugin AnalyticsMulticast, From L:/Unreal Engine 4/Epic Games/4.14/Engine/Plugins/Runtime/Analytics/AnalyticsMulticast/AnalyticsMulticast.uplugin
LogPluginManager: Loaded Plugin Apsalar, From L:/Unreal Engine 4/Epic Games/4.14/Engine/Plugins/Runtime/Analytics/Apsalar/Apsalar.uplugin
LogPluginManager: Loaded Plugin FileLogging, From L:/Unreal Engine 4/Epic Games/4.14/Engine/Plugins/Runtime/Analytics/FileLogging/FileLogging.uplugin
LogPluginManager: Loaded Plugin Flurry, From L:/Unreal Engine 4/Epic Games/4.14/Engine/Plugins/Runtime/Analytics/Flurry/Flurry.uplugin
LogPluginManager: Loaded Plugin AndroidDeviceProfileSelector, From L:/Unreal Engine 4/Epic Games/4.14/Engine/Plugins/Runtime/AndroidDeviceProfileSelector/AndroidDeviceProfileSelector.uplugin
LogPluginManager: Loaded Plugin AndroidMoviePlayer, From L:/Unreal Engine 4/Epic Games/4.14/Engine/Plugins/Runtime/AndroidMoviePlayer/AndroidMoviePlayer.uplugin
LogPluginManager: Loaded Plugin AppleMoviePlayer, From L:/Unreal Engine 4/Epic Games/4.14/Engine/Plugins/Runtime/AppleMoviePlayer/AppleMoviePlayer.uplugin
LogPluginManager: Loaded Plugin ArchVisCharacter, From L:/Unreal Engine 4/Epic Games/4.14/Engine/Plugins/Runtime/ArchVisCharacter/ArchVisCharacter.uplugin
LogPluginManager: Loaded Plugin CableComponent, From L:/Unreal Engine 4/Epic Games/4.14/Engine/Plugins/Runtime/CableComponent/CableComponent.uplugin
LogPluginManager: Loaded Plugin CustomMeshComponent, From L:/Unreal Engine 4/Epic Games/4.14/Engine/Plugins/Runtime/CustomMeshComponent/CustomMeshComponent.uplugin
LogPluginManager: Loaded Plugin ExampleDeviceProfileSelector, From L:/Unreal Engine 4/Epic Games/4.14/Engine/Plugins/Runtime/ExampleDeviceProfileSelector/ExampleDeviceProfileSelector.uplugin
LogPluginManager: Loaded Plugin GearVR, From L:/Unreal Engine 4/Epic Games/4.14/Engine/Plugins/Runtime/GearVR/GearVR.uplugin
LogPluginManager: Loaded Plugin GoogleVRController, From L:/Unreal Engine 4/Epic Games/4.14/Engine/Plugins/Runtime/GoogleVR/GoogleVRController/GoogleVRController.uplugin
LogPluginManager: Loaded Plugin GoogleVRHMD, From L:/Unreal Engine 4/Epic Games/4.14/Engine/Plugins/Runtime/GoogleVR/GoogleVRHMD/GoogleVRHMD.uplugin
LogPluginManager: Loaded Plugin IOSDeviceProfileSelector, From L:/Unreal Engine 4/Epic Games/4.14/Engine/Plugins/Runtime/IOSDeviceProfileSelector/IOSDeviceProfileSelector.uplugin
LogPluginManager: Loaded Plugin LeapMotion, From L:/Unreal Engine 4/Epic Games/4.14/Engine/Plugins/Runtime/LeapMotion/LeapMotion.uplugin
LogPluginManager: Loaded Plugin LinuxDeviceProfileSelector, From L:/Unreal Engine 4/Epic Games/4.14/Engine/Plugins/Runtime/LinuxDeviceProfileSelector/LinuxDeviceProfileSelector.uplugin
LogPluginManager: Loaded Plugin MIDIDevice, From L:/Unreal Engine 4/Epic Games/4.14/Engine/Plugins/Runtime/MIDIDevice/MIDIDevice.uplugin
LogPluginManager: Loaded Plugin MobilePatchingUtils, From L:/Unreal Engine 4/Epic Games/4.14/Engine/Plugins/Runtime/MobilePatchingUtils/MobilePatchingUtils.uplugin
LogPluginManager: Loaded Plugin Ansel, From L:/Unreal Engine 4/Epic Games/4.14/Engine/Plugins/Runtime/Nvidia/Ansel/Ansel.uplugin
LogPluginManager: Loaded Plugin OculusAudio, From L:/Unreal Engine 4/Epic Games/4.14/Engine/Plugins/Runtime/OculusAudio/OculusAudio.uplugin
LogPluginManager: Loaded Plugin OculusInput, From L:/Unreal Engine 4/Epic Games/4.14/Engine/Plugins/Runtime/OculusInput/OculusInput.uplugin
LogPluginManager: Loaded Plugin OculusLibrary, From L:/Unreal Engine 4/Epic Games/4.14/Engine/Plugins/Runtime/OculusLibrary/OculusLibrary.uplugin
LogPluginManager: Loaded Plugin OculusRift, From L:/Unreal Engine 4/Epic Games/4.14/Engine/Plugins/Runtime/OculusRift/OculusRift.uplugin
LogPluginManager: Loaded Plugin Oodle, From L:/Unreal Engine 4/Epic Games/4.14/Engine/Plugins/Runtime/PacketHandlers/CompressionComponents/Oodle/Oodle.uplugin
LogPluginManager: Loaded Plugin ProceduralMeshComponent, From L:/Unreal Engine 4/Epic Games/4.14/Engine/Plugins/Runtime/ProceduralMeshComponent/ProceduralMeshComponent.uplugin
LogPluginManager: Loaded Plugin SoundMod, From L:/Unreal Engine 4/Epic Games/4.14/Engine/Plugins/Runtime/SoundMod/SoundMod.uplugin
LogPluginManager: Loaded Plugin SoundVisualizations, From L:/Unreal Engine 4/Epic Games/4.14/Engine/Plugins/Runtime/SoundVisualizations/SoundVisualizations.uplugin
LogPluginManager: Loaded Plugin SteamController, From L:/Unreal Engine 4/Epic Games/4.14/Engine/Plugins/Runtime/Steam/SteamController/SteamController.uplugin
LogPluginManager: Loaded Plugin SteamVR, From L:/Unreal Engine 4/Epic Games/4.14/Engine/Plugins/Runtime/Steam/SteamVR/SteamVR.uplugin
LogPluginManager: Loaded Plugin WebBrowserWidget, From L:/Unreal Engine 4/Epic Games/4.14/Engine/Plugins/Runtime/WebBrowserWidget/WebBrowserWidget.uplugin
LogPluginManager: Loaded Plugin WindowsDeviceProfileSelector, From L:/Unreal Engine 4/Epic Games/4.14/Engine/Plugins/Runtime/WindowsDeviceProfileSelector/WindowsDeviceProfileSelector.uplugin
LogPluginManager: Loaded Plugin WindowsMoviePlayer, From L:/Unreal Engine 4/Epic Games/4.14/Engine/Plugins/Runtime/WindowsMoviePlayer/WindowsMoviePlayer.uplugin
LogPluginManager: Loaded Plugin ScriptPlugin, From L:/Unreal Engine 4/Epic Games/4.14/Engine/Plugins/ScriptPlugin/ScriptPlugin.uplugin
LogPluginManager: Loaded Plugin SlateRemote, From L:/Unreal Engine 4/Epic Games/4.14/Engine/Plugins/Slate/SlateRemote/SlateRemote.uplugin
LogPluginManager: Loaded Plugin EditorTests, From L:/Unreal Engine 4/Epic Games/4.14/Engine/Plugins/Tests/EditorTests/EditorTests.uplugin
LogPluginManager: Loaded Plugin FbxAutomationTestBuilder, From L:/Unreal Engine 4/Epic Games/4.14/Engine/Plugins/Tests/FbxAutomationTestBuilder/FbxAutomationTestBuilder.uplugin
LogPluginManager: Loaded Plugin FunctionalTestingEditor, From L:/Unreal Engine 4/Epic Games/4.14/Engine/Plugins/Tests/FunctionalTestingEditor/FunctionalTestingEditor.uplugin
LogPluginManager: Loaded Plugin RuntimeTests, From L:/Unreal Engine 4/Epic Games/4.14/Engine/Plugins/Tests/RuntimeTests/RuntimeTests.uplugin
LogPluginManager: Loaded Plugin ScreenshotTools, From L:/Unreal Engine 4/Epic Games/4.14/Engine/Plugins/Tests/ScreenshotTools/ScreenshotTools.uplugin
LogPluginManager: Loaded Plugin VictoryPlugin, From L:/Unreal Engine 4/Epic Games/4.14/Engine/Plugins/VictoryPlugin/VictoryPlugin.uplugin
LogInit: Using libcurl 7.47.1
LogInit:  - built for x86_64-pc-win32
LogInit:  - supports SSL with OpenSSL/1.0.2g
LogInit:  - supports HTTP deflate (compression) using libz 1.2.8
LogInit:  - other features:
LogInit:      CURL_VERSION_SSL
LogInit:      CURL_VERSION_LIBZ
LogInit:      CURL_VERSION_IPV6
LogInit:      CURL_VERSION_ASYNCHDNS
LogInit:      CURL_VERSION_LARGEFILE
LogInit:      CURL_VERSION_IDN
LogInit:  CurlRequestOptions (configurable via config and command line):
LogInit:  - bVerifyPeer = false  - Libcurl will NOT verify peer certificate
LogInit:  - bUseHttpProxy = false  - Libcurl will NOT use HTTP proxy
LogInit:  - bDontReuseConnections = false  - Libcurl will reuse connections
LogInit:  - CertBundlePath = nullptr  - Libcurl will use whatever was configured at build time.
LogInit: Build: ++UE4+Release-4.14-CL-3224400
LogInit: Engine Version: 4.14.1-3224400+++UE4+Release-4.14
LogInit: Compatible Engine Version: 4.14.0-3195953+++UE4+Release-4.14
LogInit: Net CL: 3195953
LogDevObjectVersion: Number of dev versions registered: 13
LogDevObjectVersion:   Dev-Blueprints (B0D832E4-1F89-4F0D-ACCF-7EB736FD4AA2): 7
LogDevObjectVersion:   Dev-Build (E1C64328-A22C-4D53-A36C-8E866417BD8C): 0
LogDevObjectVersion:   Dev-Core (375EC13C-06E4-48FB-B500-84F0262A717E): 1
LogDevObjectVersion:   Dev-Editor (E4B068ED-F494-42E9-A231-DA0B2E46BB41): 8
LogDevObjectVersion:   Dev-Framework (CFFC743F-43B0-4480-9391-14DF171D2073): 17
LogDevObjectVersion:   Dev-Mobile (B02B49B5-BB20-44E9-A304-32B752E40360): 0
LogDevObjectVersion:   Dev-Networking (A4E4105C-59A1-49B5-A7C5-40C4547EDFEE): 0
LogDevObjectVersion:   Dev-Online (39C831C9-5AE6-47DC-9A44-9C173E1C8E7C): 0
LogDevObjectVersion:   Dev-Physics (78F01B33-EBEA-4F98-B9B4-84EACCB95AA2): 0
LogDevObjectVersion:   Dev-Platform (6631380F-2D4D-43E0-8009-CF276956A95A): 0
LogDevObjectVersion:   Dev-Rendering (12F88B9F-8875-4AFC-A67C-D90C383ABD29): 12
LogDevObjectVersion:   Dev-Sequencer (7B5AE74C-D270-4C10-A958-57980B212A5A): 1
LogDevObjectVersion:   Dev-VR (D7296918-1DD6-4BDD-9DE2-64A83CC13884): 0
LogInit: Compiled (64-bit): Dec  7 2016 02:14:32
LogInit: Compiled with Visual C++: 19.00.23026.00
LogInit: Build Configuration: Development
LogInit: Branch Name: ++UE4+Release-4.14
LogInit: Command line: -EpicPortal 
LogInit: Base directory: L:/Unreal Engine 4/Epic Games/4.14/Engine/Binaries/Win64/
LogInit: Installed Engine Build: 1
LogInit: Presizing for max 8388607 objects, including 0 objects not considered by GC, pre-allocating 0 bytes for permanent pool.
LogInit: Object subsystem initialized
[2017.01.06-11.34.46:040][  0]LogInit: Selected Device Profile: [Windows]
[2017.01.06-11.34.46:040][  0]LogInit: Applying CVar settings loaded from the selected device profile: [Windows]
[2017.01.06-11.34.46:100][  0]LogInit: Computer: NEN-PC
[2017.01.06-11.34.46:100][  0]LogInit: User: NeN
[2017.01.06-11.34.46:100][  0]LogInit: CPU Page size=65536, Cores=4
[2017.01.06-11.34.46:100][  0]LogInit: High frequency timer resolution =14.318180 MHz
[2017.01.06-11.34.46:100][  0]LogMemory: Memory total: Physical=8.0GB (8GB approx)
[2017.01.06-11.34.46:100][  0]LogMemory: Platform Memory Stats for Windows
[2017.01.06-11.34.46:100][  0]LogMemory: Process Physical Memory: 264.78 MB used, 264.78 MB peak
[2017.01.06-11.34.46:100][  0]LogMemory: Process Virtual Memory: 262.53 MB used, 262.53 MB peak
[2017.01.06-11.34.46:100][  0]LogMemory: Physical Memory: 7058.89 MB used,  1094.34 MB free, 8153.22 MB total
[2017.01.06-11.34.46:100][  0]LogMemory: Virtual Memory: 675.63 MB used,  1094.34 MB free, 134217728.00 MB total
[2017.01.06-11.34.46:152][  0]LogInit: Overriding culture en with editor configuration.
[2017.01.06-11.35.00:075][  0]LogD3D11RHI: D3D11 adapters:
[2017.01.06-11.35.00:114][  0]LogD3D11RHI:    0. 'AMD Radeon R9 200 Series' (Feature Level 11_0)
[2017.01.06-11.35.00:114][  0]LogD3D11RHI:       4073/0/4076 MB DedicatedVideo/DedicatedSystem/SharedSystem, Outputs:1, VendorId:0x1002
[2017.01.06-11.35.00:117][  0]LogD3D11RHI:    1. 'Microsoft Basic Render Driver' (Feature Level 11_0)
[2017.01.06-11.35.00:117][  0]LogD3D11RHI:       0/0/4076 MB DedicatedVideo/DedicatedSystem/SharedSystem, Outputs:0, VendorId:0x1414
[2017.01.06-11.35.00:117][  0]LogD3D11RHI: Chosen D3D11 Adapter: 0
[2017.01.06-11.35.00:124][  0]LogD3D11RHI: Creating new Direct3DDevice
[2017.01.06-11.35.00:124][  0]LogD3D11RHI:     GPU DeviceId: 0x67b1 (for the marketing name, search the web for "GPU Device Id")
[2017.01.06-11.35.00:124][  0]LogWindows: EnumDisplayDevices:
[2017.01.06-11.35.00:124][  0]LogWindows:    0. 'AMD Radeon R9 200 Series' (P:1 D:1)
[2017.01.06-11.35.00:125][  0]LogWindows:    1. 'AMD Radeon R9 200 Series' (P:0 D:0)
[2017.01.06-11.35.00:125][  0]LogWindows:    2. 'AMD Radeon R9 200 Series' (P:0 D:0)
[2017.01.06-11.35.00:125][  0]LogWindows:    3. 'AMD Radeon R9 200 Series' (P:0 D:0)
[2017.01.06-11.35.00:126][  0]LogWindows:    4. 'AMD Radeon R9 200 Series' (P:0 D:0)
[2017.01.06-11.35.00:126][  0]LogWindows:    5. 'AMD Radeon R9 200 Series' (P:0 D:0)
[2017.01.06-11.35.00:127][  0]LogWindows: DebugString: FoundDriverCount:6 
[2017.01.06-11.35.00:127][  0]LogD3D11RHI:     Adapter Name: AMD Radeon R9 200 Series
[2017.01.06-11.35.00:127][  0]LogD3D11RHI:   Driver Version: Crimson ReLive 16.12.2 (internal:21.19.407.0, unified:21.19.407.0)
[2017.01.06-11.35.00:127][  0]LogD3D11RHI:      Driver Date: 12-19-2016
[2017.01.06-11.35.00:127][  0]LogRHI: Texture pool is 1361 MB (70% of 1945 MB)
[2017.01.06-11.35.00:144][  0]LogD3D11RHI: Async texture creation enabled
[2017.01.06-11.35.00:161][  0]LogD3D11RHI: GPU Timing Frequency: 27.000000 (Debug: 2 1)
[2017.01.06-11.35.00:163][  0]LogShaderCompilers: Guid format shader working directory is 0 characters bigger than the processId version (G:/Mis documentos/GitHub/PGV/TheLastShelter/Intermediate/Shaders/WorkingDirectory/12712/).
[2017.01.06-11.35.00:163][  0]LogShaderCompilers: Cleaned the shader compiler working directory 'C:/Users/NeN/AppData/Local/Temp/UnrealShaderWorkingDir/44D477144907D01939F872B007449F82/'.
[2017.01.06-11.35.00:163][  0]LogShaderCompilers:Display: Using Local Shader Compiler.
[2017.01.06-11.35.02:174][  0]LogTemp:Display: Loaded TP AllDesktopTargetPlatform
[2017.01.06-11.35.02:413][  0]LogTemp:Display: Loaded TP MacClientTargetPlatform
[2017.01.06-11.35.02:493][  0]LogTemp:Display: Loaded TP MacNoEditorTargetPlatform
[2017.01.06-11.35.02:576][  0]LogTemp:Display: Loaded TP MacServerTargetPlatform
[2017.01.06-11.35.02:658][  0]LogTemp:Display: Loaded TP MacTargetPlatform
[2017.01.06-11.35.02:740][  0]LogTemp:Display: Loaded TP WindowsClientTargetPlatform
[2017.01.06-11.35.02:823][  0]LogTemp:Display: Loaded TP WindowsNoEditorTargetPlatform
[2017.01.06-11.35.02:905][  0]LogTemp:Display: Loaded TP WindowsServerTargetPlatform
[2017.01.06-11.35.02:970][  0]LogTemp:Display: Loaded TP WindowsTargetPlatform
[2017.01.06-11.35.03:066][  0]LogTemp:Display: Loaded TP AndroidTargetPlatform
[2017.01.06-11.35.03:146][  0]LogTemp:Display: Loaded TP Android_ASTCTargetPlatform
[2017.01.06-11.35.03:225][  0]LogTemp:Display: Loaded TP Android_ATCTargetPlatform
[2017.01.06-11.35.03:305][  0]LogTemp:Display: Loaded TP Android_DXTTargetPlatform
[2017.01.06-11.35.03:385][  0]LogTemp:Display: Loaded TP Android_ETC1TargetPlatform
[2017.01.06-11.35.03:463][  0]LogTemp:Display: Loaded TP Android_ETC2TargetPlatform
[2017.01.06-11.35.03:619][  0]LogTemp:Display: Loaded TP Android_MultiTargetPlatform
[2017.01.06-11.35.03:619][  0]LogTemp:Display: Loaded TP Android_PVRTCTargetPlatform
[2017.01.06-11.35.03:673][  0]LogTemp:Display: Loaded TP HTML5TargetPlatform
[2017.01.06-11.35.03:791][  0]LogTemp:Display: Loaded TP IOSTargetPlatform
[2017.01.06-11.35.03:843][  0]LogTemp:Display: Loaded TP TVOSTargetPlatform
[2017.01.06-11.35.03:924][  0]LogTemp:Display: Loaded TP LinuxClientTargetPlatform
[2017.01.06-11.35.04:002][  0]LogTemp:Display: Loaded TP LinuxNoEditorTargetPlatform
[2017.01.06-11.35.04:080][  0]LogTemp:Display: Loaded TP LinuxServerTargetPlatform
[2017.01.06-11.35.04:159][  0]LogTemp:Display: Loaded TP LinuxTargetPlatform
[2017.01.06-11.35.04:159][  0]LogTargetPlatformManager:Display: Building Assets For Windows
[2017.01.06-11.35.04:805][  0]LogDerivedDataCache:Display: Max Cache Size: 512 MB
[2017.01.06-11.35.04:915][  0]LogDerivedDataCache: Loaded boot cache 0.11s 50MB C:/Users/NeN/AppData/Local/UnrealEngine/4.14/DerivedDataCache/Boot.ddc.
[2017.01.06-11.35.04:916][  0]LogDerivedDataCache:Display: Loaded Boot cache: C:/Users/NeN/AppData/Local/UnrealEngine/4.14/DerivedDataCache/Boot.ddc
[2017.01.06-11.35.04:916][  0]LogDerivedDataCache: FDerivedDataBackendGraph:  Pak pak cache file G:/Mis documentos/GitHub/PGV/TheLastShelter/DerivedDataCache/DDC.ddp not found, will not use a pak cache.
[2017.01.06-11.35.04:916][  0]LogDerivedDataCache: Unable to find inner node Pak for hierarchical cache Hierarchy.
[2017.01.06-11.35.04:916][  0]LogDerivedDataCache: FDerivedDataBackendGraph:  CompressedPak pak cache file G:/Mis documentos/GitHub/PGV/TheLastShelter/DerivedDataCache/Compressed.ddp not found, will not use a pak cache.
[2017.01.06-11.35.04:916][  0]LogDerivedDataCache: Unable to find inner node CompressedPak for hierarchical cache Hierarchy.
[2017.01.06-11.35.04:945][  0]LogDerivedDataCache:Display: Pak cache opened for reading ../../../Engine/DerivedDataCache/Compressed.ddp.
[2017.01.06-11.35.04:959][  0]LogDerivedDataCache: Using Local data cache path C:/Users/NeN/AppData/Local/UnrealEngine/Common/DerivedDataCache: Writable
[2017.01.06-11.35.05:290][  0]LogInit: Selected Device Profile: [Windows]
[2017.01.06-11.35.05:294][  0]LogContentStreaming: Texture pool size is 0.00 MB
[2017.01.06-11.35.05:912][  0]LogMeshUtilities: Using QuadricMeshReduction for automatic static mesh reduction
[2017.01.06-11.35.06:239][  0]LogSimplygon: Simplygon DLL not present - disabling.
[2017.01.06-11.35.06:306][  0]LogMeshUtilities: Using SimplygonSwarm for distributed automatic mesh merging
[2017.01.06-11.35.06:306][  0]LogMeshUtilities: No automatic skeletal mesh reduction module available
[2017.01.06-11.35.06:306][  0]LogMeshUtilities: No automatic mesh merging module available
[2017.01.06-11.35.07:123][  0]LogNetVersion: GetLocalNetworkVersion: CL: 3195953, ProjectName: thelastshelter, ProjectVersion: , EngineNetworkVersion: 2, GameNetworkVersion: 0, NetworkChecksum: 306971164
[2017.01.06-11.35.07:192][  0]LogAssetRegistry: FAssetRegistry took 0.0222 seconds to start up
[2017.01.06-11.35.07:260][  0]LogPackageLocalizationCache: Processed 3 localized package path(s) for 1 prioritized culture(s) in 0.039352 seconds
[2017.01.06-11.35.07:271][  0]LogUObjectArray: 31946 objects as part of root set at end of initial load.
[2017.01.06-11.35.07:271][  0]LogUObjectAllocator: 6935840 out of 0 bytes used by permanent object pool.
[2017.01.06-11.35.07:271][  0]LogUObjectArray: CloseDisregardForGC: 0/0 objects in disregard for GC pool
[2017.01.06-11.35.07:359][  0]LogInit: WinSock: version 1.1 (2.2), MaxSocks=32767, MaxUdp=65467
[2017.01.06-11.35.08:398][  0]LogSlate: Using Freetype 2.6.0
[2017.01.06-11.35.08:400][  0]LogSlate: SlateFontCache - WITH_FREETYPE: 1, WITH_HARFBUZZ: 1
[2017.01.06-11.35.08:400][  0]LogSlate: SlateFontCache - WITH_FREETYPE: 1, WITH_HARFBUZZ: 1
[2017.01.06-11.35.10:247][  0]LogTcpMessaging: Initializing TcpMessaging bridge
[2017.01.06-11.35.10:300][  0]LogUdpMessaging: Initializing bridge on interface 0.0.0.0:0 to multicast group 230.0.0.1:6666.
[2017.01.06-11.35.10:732][  0]LogMaterial: Uniform references updated for custom material expression Custom.
[2017.01.06-11.35.11:398][  0]SourceControl: Info Source control is disabled
[2017.01.06-11.35.11:401][  0]SourceControl: Info Source control is disabled
[2017.01.06-11.35.11:466][  0]SourceControl: Info Source control is disabled
[2017.01.06-11.35.11:531][  0]SourceControl: Info Source control is disabled
[2017.01.06-11.35.13:365][  0]LogEngine: Initializing Engine...
[2017.01.06-11.35.13:366][  0]LogHMD: Failed to initialize OpenVR with code 110
[2017.01.06-11.35.13:705][  0]LogAIModule: Creating AISystem for world Untitled
[2017.01.06-11.35.13:736][  0]LogInit: XAudio2 using 'Altavoces (Realtek High Definition Audio)' : 6 channels at 48 kHz using 32 bits per sample (channel mask 0x3f)
[2017.01.06-11.35.13:766][  0]LogInit: FAudioDevice initialized.
[2017.01.06-11.35.13:819][  0]LogDerivedDataCache: Saved boot cache 0.05s 50MB C:/Users/NeN/AppData/Local/UnrealEngine/4.14/DerivedDataCache/Boot.ddc.
[2017.01.06-11.35.13:836][  0]LogInit: Texture streaming: Enabled
[2017.01.06-11.35.14:136][  0]LogInit: Transaction tracking system initialized
[2017.01.06-11.35.14:621][  0]BlueprintLog: New page: Editor Load
[2017.01.06-11.35.15:876][  0]LocalizationService: Info Localization service is disabled
[2017.01.06-11.35.16:798][  0]LogConsoleResponse:Display: 
[2017.01.06-11.35.17:156][  0]LogFileCache: Scanning file cache for directory 'G:/Mis documentos/GitHub/PGV/TheLastShelter/Content/' took 0.04s
[2017.01.06-11.35.17:156][  0]LogCook:Display: Max memory allowance for cook 16384mb min free memory 0mb
[2017.01.06-11.35.17:156][  0]LogCook:Display: Mobile HDR setting 1
[2017.01.06-11.35.18:557][  0]SourceControl: Info Source control is disabled
[2017.01.06-11.35.18:557][  0]Cmd: MAP LOAD FILE="../../../Engine/Content/Maps/Templates/Template_Default.umap" TEMPLATE=1 SHOWPROGRESS=1 FEATURELEVEL=3
[2017.01.06-11.35.18:558][  0]LightingResults: New page: Lighting Build
[2017.01.06-11.35.18:615][  0]MapCheck: New page: Map Check
[2017.01.06-11.35.18:615][  0]LightingResults: New page: Lighting Build
[2017.01.06-11.35.18:967][  0]LogAIModule: Creating AISystem for world Untitled_1
[2017.01.06-11.35.18:968][  0]LogActorComponent: RegisterComponentWithWorld: (/Temp/Untitled_1.Untitled_1:PersistentLevel.WorldSettings_1.StaticMeshComponent0) Trying to register component with IsPendingKill() == true. Aborting.
[2017.01.06-11.35.18:975][  0]LogEditorServer: Finished looking for orphan Actors (0.000 secs)
[2017.01.06-11.35.18:981][  0]Cmd: MAP CHECKDEP NOCLEARLOG
[2017.01.06-11.35.19:072][  0]MapCheck: Info Map check complete: 0 Error(s), 0 Warning(s), took 90.711ms to complete.
[2017.01.06-11.35.19:072][  0]LogFileHelpers: Loading map 'Template_Default' took 0.515
[2017.01.06-11.35.20:210][  0]LogCollectionManager: Loaded 0 collections in 0.003073 seconds
[2017.01.06-11.35.20:446][  0]LogFileCache: Scanning file cache for directory 'G:/Mis documentos/GitHub/PGV/TheLastShelter/Saved/Collections/' took 0.01s
[2017.01.06-11.35.20:446][  0]LogFileCache: Scanning file cache for directory 'G:/Mis documentos/GitHub/PGV/TheLastShelter/Content/Developers/NeN/Collections/' took 0.01s
[2017.01.06-11.35.20:446][  0]LogFileCache: Scanning file cache for directory 'G:/Mis documentos/GitHub/PGV/TheLastShelter/Content/Collections/' took 0.01s
[2017.01.06-11.35.20:446][  0]LogCollectionManager: Rebuilt the GUID cache for 0 collections in 0.000003 seconds
[2017.01.06-11.35.20:486][  0]LogContentBrowser: Native class hierarchy populated in 0.0344 seconds. Added 2190 classes and 428 folders.
[2017.01.06-11.35.20:720][  0]LogStats: UGameplayTagsManager::ConstructGameplayTagTree: Construct from data asset -  0.000 s
[2017.01.06-11.35.20:720][  0]LogStats: UGameplayTagsManager::ConstructGameplayTagTree: GameplayTagTreeChangedEvent.Broadcast -  0.000 s
[2017.01.06-11.35.20:721][  0]LogContentBrowser: Native class hierarchy updated for 'GameplayTags' in 0.0009 seconds. Added 13 classes and 0 folders.
[2017.01.06-11.35.20:853][  0]LogContentBrowser: Native class hierarchy updated for 'WidgetCarousel' in 0.0007 seconds. Added 0 classes and 0 folders.
[2017.01.06-11.35.22:083][  0]LogContentBrowser: Native class hierarchy updated for 'AddContentDialog' in 0.0007 seconds. Added 0 classes and 0 folders.
[2017.01.06-11.35.22:231][  0]LogContentBrowser: Native class hierarchy updated for 'SceneOutliner' in 0.0007 seconds. Added 1 classes and 2 folders.
[2017.01.06-11.35.23:145][  0]LogCrashTracker: Crashtracker disabled due to settings.
[2017.01.06-11.35.23:317][  0]LogDirectoryWatcher:Warning: Failed to begin reading directory changes for G:/Mis documentos/GitHub/PGV/TheLastShelter/Plugins/. Error: El sistema no puede encontrar el archivo especificado. (0x00000002)
[2017.01.06-11.35.23:443][  0]LogUObjectGlobals:Warning: Failed to find object 'Class None.'
[2017.01.06-11.35.23:566][  0]LogContentBrowser: Native class hierarchy updated for 'HierarchicalLODOutliner' in 0.0007 seconds. Added 1 classes and 2 folders.
[2017.01.06-11.35.23:567][  0]LogLoad: (Engine Initialization) Total time: 40.49 seconds
[2017.01.06-11.35.23:567][  0]LogLoad: (Engine Initialization) Total Blueprint compile time: 0.13 seconds
[2017.01.06-11.35.23:567][  0]LogExternalProfiler: Found external profiler: VSPerf
[2017.01.06-11.35.23:567][  0]LogExternalProfiler: Using external profiler: VSPerf
[2017.01.06-11.35.23:907][  0]LogOcInput: OculusInput pre-init called
[2017.01.06-11.35.24:166][  0]LogContentStreaming: Texture pool size now 1000 MB
[2017.01.06-11.35.25:533][  0]LogRenderer: Reallocating scene render targets to support 1208x576 NumSamples 1 (Frame:2).
[2017.01.06-11.35.26:210][  2]LogAssetRegistry: Asset discovery search completed in 19.0406 seconds
[2017.01.06-11.35.26:210][  2]LogCollectionManager: Rebuilt the object cache for 0 collections in 0.000002 seconds (found 0 objects)
[2017.01.06-11.35.26:210][  2]LogCollectionManager: Fixed up redirectors for 0 collections in 0.000024 seconds (updated 0 objects)
[2017.01.06-11.36.00:525][594]LogDirectoryWatcher: A directory notification for '../../../Engine/Plugins/' was aborted.
[2017.01.06-12.00.30:000][452]LogContentBrowser: Native class hierarchy updated for 'BlueprintGraph' in 0.0025 seconds. Added 111 classes and 0 folders.
[2017.01.06-12.01.43:852][442]LogFileHelpers: Editor autosave (incl. sublevels) for '/Temp/Untitled_1' took 0.065
[2017.01.06-12.01.43:866][442]OBJ SavePackage: Generating thumbnails for [0] asset(s) in package [/Game/MainMenu] ([1] browsable assets)...
[2017.01.06-12.01.43:868][442]OBJ SavePackage: Finished generating thumbnails for package [/Game/MainMenu]
[2017.01.06-12.01.43:868][442]Cmd: OBJ SAVEPACKAGE PACKAGE="/Game/MainMenu" FILE="G:/Mis documentos/GitHub/PGV/TheLastShelter/Saved/Autosaves/Game/MainMenu_Auto1.uasset" SILENT=false AUTOSAVING=true
[2017.01.06-12.01.44:250][442]LogSavePackage: Save=117.81ms
[2017.01.06-12.01.44:250][442]LogSavePackage: Moving 'G:/Mis documentos/GitHub/PGV/TheLastShelter/Saved/MainMenu_Auto133FAAD06433970F3F735CD90EB263730.tmp' to 'G:/Mis documentos/GitHub/PGV/TheLastShelter/Saved/Autosaves/Game/MainMenu_Auto1.uasset'
[2017.01.06-12.01.44:269][442]LogSavePackage:Display: Finished SavePackage G:/Mis documentos/GitHub/PGV/TheLastShelter/Saved/Autosaves/Game/MainMenu_Auto1.uasset
[2017.01.06-12.01.44:269][442]LogFileHelpers: Auto-saving content packages took 0.403
[2017.01.06-12.11.38:664][631]BlueprintLog: New page: Compile MainMenu
[2017.01.06-12.11.39:860][649]Cmd: OBJ SAVEPACKAGE PACKAGE="/Game/MainMenu" FILE="G:/Mis documentos/GitHub/PGV/TheLastShelter/Content/MainMenu.uasset" SILENT=true
[2017.01.06-12.11.39:910][649]LogSavePackage: Save=44.89ms
[2017.01.06-12.11.39:910][649]LogSavePackage: Moving 'G:/Mis documentos/GitHub/PGV/TheLastShelter/Saved/MainMenu3BFF86CA4E42AC3821FEC785385C3A25.tmp' to 'G:/Mis documentos/GitHub/PGV/TheLastShelter/Content/MainMenu.uasset'
[2017.01.06-12.11.39:912][649]LogSavePackage:Display: Finished SavePackage G:/Mis documentos/GitHub/PGV/TheLastShelter/Content/MainMenu.uasset
[2017.01.06-12.17.34:555][558]Cmd: OBJ SAVEPACKAGE PACKAGE="/Game/MainMenu" FILE="G:/Mis documentos/GitHub/PGV/TheLastShelter/Content/MainMenu.uasset" SILENT=true
[2017.01.06-12.17.34:629][558]LogSavePackage: Save=67.31ms
[2017.01.06-12.17.34:629][558]LogSavePackage: Moving 'G:/Mis documentos/GitHub/PGV/TheLastShelter/Saved/MainMenu7C21000149C82AE8A1A2F28FDCC2205E.tmp' to 'G:/Mis documentos/GitHub/PGV/TheLastShelter/Content/MainMenu.uasset'
[2017.01.06-12.17.34:631][558]LogSavePackage:Display: Finished SavePackage G:/Mis documentos/GitHub/PGV/TheLastShelter/Content/MainMenu.uasset
[2017.01.06-12.20.26:465][191]BlueprintLog: New page: Compile MainMenu
[2017.01.06-12.25.53:853][855]LogTexture:Display: Building textures: Gradient (AutoDXT)
[2017.01.06-12.25.53:985][855]LogTexture:Display: Building textures: Greyscale (AutoDXT)
[2017.01.06-12.26.26:231][925]LogTexture:Display: Building textures: T_ColorGrid (AutoDXT)
[2017.01.06-12.27.19:843][715]LogTexture:Display: Building textures: VivePreControllerSpec (AutoDXT)
[2017.01.06-12.27.21:219][715]LogTexture:Display: Building textures: VivePreControllerDiffuse (AutoDXT)
[2017.01.06-12.27.22:246][715]LogTexture:Display: Building textures: VivePreController_MasksA (AutoDXT)
[2017.01.06-12.27.22:428][715]LogTexture:Display: Building textures: VivePreController_MasksB (AutoDXT)
[2017.01.06-12.27.22:462][715]LogTexture:Display: Building textures: VRButtonBackground (BGRA8)
[2017.01.06-12.27.22:559][715]LogTexture:Display: Building textures: T_VivePreController_EM (AutoDXT)
[2017.01.06-12.27.26:563][832]BlueprintLog: New page: Compile MainMenu
[2017.01.06-12.27.27:471][855]Cmd: OBJ SAVEPACKAGE PACKAGE="/Game/MainMenu" FILE="G:/Mis documentos/GitHub/PGV/TheLastShelter/Content/MainMenu.uasset" SILENT=true
[2017.01.06-12.27.27:545][855]LogSavePackage: Save=46.60ms
[2017.01.06-12.27.27:545][855]LogSavePackage: Moving 'G:/Mis documentos/GitHub/PGV/TheLastShelter/Saved/MainMenu0897040640DDE655F6FD17983F13A99A.tmp' to 'G:/Mis documentos/GitHub/PGV/TheLastShelter/Content/MainMenu.uasset'
[2017.01.06-12.27.27:547][855]LogSavePackage:Display: Finished SavePackage G:/Mis documentos/GitHub/PGV/TheLastShelter/Content/MainMenu.uasset
[2017.01.06-12.30.24:991][868]Cmd: OBJ SAVEPACKAGE PACKAGE="/Game/textures/background" FILE="G:/Mis documentos/GitHub/PGV/TheLastShelter/Content/textures/background.uasset" SILENT=true
[2017.01.06-12.30.25:085][868]LogSavePackage: Save=92.82ms
[2017.01.06-12.30.25:085][868]LogSavePackage: Moving 'G:/Mis documentos/GitHub/PGV/TheLastShelter/Saved/background6E6DCA8444027F87A4ECEDB56151F55C.tmp' to 'G:/Mis documentos/GitHub/PGV/TheLastShelter/Content/textures/background.uasset'
[2017.01.06-12.30.25:087][868]LogSavePackage:Display: Finished SavePackage G:/Mis documentos/GitHub/PGV/TheLastShelter/Content/textures/background.uasset
[2017.01.06-12.30.25:104][868]Cmd: OBJ SAVEPACKAGE PACKAGE="/Game/textures/backgroundSound" FILE="G:/Mis documentos/GitHub/PGV/TheLastShelter/Content/textures/backgroundSound.uasset" SILENT=true
[2017.01.06-12.30.25:115][868]LogSavePackage: Save=10.14ms
[2017.01.06-12.30.25:115][868]LogSavePackage: Moving 'G:/Mis documentos/GitHub/PGV/TheLastShelter/Saved/backgroundSoundAFD2CD5A444C9A245D766D9A937A068E.tmp' to 'G:/Mis documentos/GitHub/PGV/TheLastShelter/Content/textures/backgroundSound.uasset'
[2017.01.06-12.30.25:117][868]LogSavePackage:Display: Finished SavePackage G:/Mis documentos/GitHub/PGV/TheLastShelter/Content/textures/backgroundSound.uasset
[2017.01.06-12.30.25:145][868]Cmd: OBJ SAVEPACKAGE PACKAGE="/Game/textures/conaudio" FILE="G:/Mis documentos/GitHub/PGV/TheLastShelter/Content/textures/conaudio.uasset" SILENT=true
[2017.01.06-12.30.25:183][868]LogSavePackage: Save=14.13ms
[2017.01.06-12.30.25:183][868]LogSavePackage: Moving 'G:/Mis documentos/GitHub/PGV/TheLastShelter/Saved/conaudioB104979247215062B7416C97D86AF833.tmp' to 'G:/Mis documentos/GitHub/PGV/TheLastShelter/Content/textures/conaudio.uasset'
[2017.01.06-12.30.25:185][868]LogSavePackage:Display: Finished SavePackage G:/Mis documentos/GitHub/PGV/TheLastShelter/Content/textures/conaudio.uasset
[2017.01.06-12.30.25:208][868]Cmd: OBJ SAVEPACKAGE PACKAGE="/Game/textures/fondo_bg_audio" FILE="G:/Mis documentos/GitHub/PGV/TheLastShelter/Content/textures/fondo_bg_audio.uasset" SILENT=true
[2017.01.06-12.30.25:216][868]LogSavePackage: Save=6.17ms
[2017.01.06-12.30.25:216][868]LogSavePackage: Moving 'G:/Mis documentos/GitHub/PGV/TheLastShelter/Saved/fondo_bg_audioF13DA2E84463011C6197A4ABBC08F07C.tmp' to 'G:/Mis documentos/GitHub/PGV/TheLastShelter/Content/textures/fondo_bg_audio.uasset'
[2017.01.06-12.30.25:218][868]LogSavePackage:Display: Finished SavePackage G:/Mis documentos/GitHub/PGV/TheLastShelter/Content/textures/fondo_bg_audio.uasset
[2017.01.06-12.30.25:241][868]Cmd: OBJ SAVEPACKAGE PACKAGE="/Game/textures/logo" FILE="G:/Mis documentos/GitHub/PGV/TheLastShelter/Content/textures/logo.uasset" SILENT=true
[2017.01.06-12.30.25:254][868]LogSavePackage: Save=10.10ms
[2017.01.06-12.30.25:254][868]LogSavePackage: Moving 'G:/Mis documentos/GitHub/PGV/TheLastShelter/Saved/logoA3115C724AD917852C722CB0746485CD.tmp' to 'G:/Mis documentos/GitHub/PGV/TheLastShelter/Content/textures/logo.uasset'
[2017.01.06-12.30.25:256][868]LogSavePackage:Display: Finished SavePackage G:/Mis documentos/GitHub/PGV/TheLastShelter/Content/textures/logo.uasset
[2017.01.06-12.30.25:279][868]Cmd: OBJ SAVEPACKAGE PACKAGE="/Game/textures/sinaudio" FILE="G:/Mis documentos/GitHub/PGV/TheLastShelter/Content/textures/sinaudio.uasset" SILENT=true
[2017.01.06-12.30.25:294][868]LogSavePackage: Save=13.59ms
[2017.01.06-12.30.25:294][868]LogSavePackage: Moving 'G:/Mis documentos/GitHub/PGV/TheLastShelter/Saved/sinaudio090F7D5448FBB17B8AA1D7BFB0B71604.tmp' to 'G:/Mis documentos/GitHub/PGV/TheLastShelter/Content/textures/sinaudio.uasset'
[2017.01.06-12.30.25:296][868]LogSavePackage:Display: Finished SavePackage G:/Mis documentos/GitHub/PGV/TheLastShelter/Content/textures/sinaudio.uasset
[2017.01.06-12.30.26:016][868]Cmd: OBJ SAVEPACKAGE PACKAGE="/Game/MainMenu" FILE="G:/Mis documentos/GitHub/PGV/TheLastShelter/Content/MainMenu.uasset" SILENT=true
[2017.01.06-12.30.26:066][868]LogSavePackage: Save=47.20ms
[2017.01.06-12.30.26:066][868]LogSavePackage: Moving 'G:/Mis documentos/GitHub/PGV/TheLastShelter/Saved/MainMenuF934BF21475F0302F80FFC93593BAF8B.tmp' to 'G:/Mis documentos/GitHub/PGV/TheLastShelter/Content/MainMenu.uasset'
[2017.01.06-12.30.26:067][868]LogSavePackage:Display: Finished SavePackage G:/Mis documentos/GitHub/PGV/TheLastShelter/Content/MainMenu.uasset
[2017.01.06-12.30.26:070][868]Cmd: OBJ SAVEPACKAGE PACKAGE="/Game/MainMenu" FILE="G:/Mis documentos/GitHub/PGV/TheLastShelter/Content/MainMenu.uasset" SILENT=true
[2017.01.06-12.30.26:119][868]LogSavePackage: Save=46.68ms
[2017.01.06-12.30.26:119][868]LogSavePackage: Moving 'G:/Mis documentos/GitHub/PGV/TheLastShelter/Saved/MainMenuCEF45BB346B0B590FF5E9D859F12ABB5.tmp' to 'G:/Mis documentos/GitHub/PGV/TheLastShelter/Content/MainMenu.uasset'
[2017.01.06-12.30.26:121][868]LogSavePackage:Display: Finished SavePackage G:/Mis documentos/GitHub/PGV/TheLastShelter/Content/MainMenu.uasset
[2017.01.06-12.30.26:124][868]Cmd: OBJ SAVEPACKAGE PACKAGE="/Game/MainMenu" FILE="G:/Mis documentos/GitHub/PGV/TheLastShelter/Content/MainMenu.uasset" SILENT=true
[2017.01.06-12.30.26:174][868]LogSavePackage: Save=46.97ms
[2017.01.06-12.30.26:174][868]LogSavePackage: Moving 'G:/Mis documentos/GitHub/PGV/TheLastShelter/Saved/MainMenu2A01571E49EC348B9F81359C00C586E5.tmp' to 'G:/Mis documentos/GitHub/PGV/TheLastShelter/Content/MainMenu.uasset'
[2017.01.06-12.30.26:175][868]LogSavePackage:Display: Finished SavePackage G:/Mis documentos/GitHub/PGV/TheLastShelter/Content/MainMenu.uasset
[2017.01.06-12.30.26:178][868]Cmd: OBJ SAVEPACKAGE PACKAGE="/Game/MainMenu" FILE="G:/Mis documentos/GitHub/PGV/TheLastShelter/Content/MainMenu.uasset" SILENT=true
[2017.01.06-12.30.26:227][868]LogSavePackage: Save=45.62ms
[2017.01.06-12.30.26:227][868]LogSavePackage: Moving 'G:/Mis documentos/GitHub/PGV/TheLastShelter/Saved/MainMenu7F38AA3046E020D703C791A914BA6D02.tmp' to 'G:/Mis documentos/GitHub/PGV/TheLastShelter/Content/MainMenu.uasset'
[2017.01.06-12.30.26:229][868]LogSavePackage:Display: Finished SavePackage G:/Mis documentos/GitHub/PGV/TheLastShelter/Content/MainMenu.uasset
[2017.01.06-12.30.26:232][868]Cmd: OBJ SAVEPACKAGE PACKAGE="/Game/MainMenu" FILE="G:/Mis documentos/GitHub/PGV/TheLastShelter/Content/MainMenu.uasset" SILENT=true
[2017.01.06-12.30.26:281][868]LogSavePackage: Save=45.96ms
[2017.01.06-12.30.26:281][868]LogSavePackage: Moving 'G:/Mis documentos/GitHub/PGV/TheLastShelter/Saved/MainMenu5F7489694802B2AB8C436CB019B17262.tmp' to 'G:/Mis documentos/GitHub/PGV/TheLastShelter/Content/MainMenu.uasset'
[2017.01.06-12.30.26:282][868]LogSavePackage:Display: Finished SavePackage G:/Mis documentos/GitHub/PGV/TheLastShelter/Content/MainMenu.uasset
[2017.01.06-12.30.26:285][868]Cmd: OBJ SAVEPACKAGE PACKAGE="/Game/MainMenu" FILE="G:/Mis documentos/GitHub/PGV/TheLastShelter/Content/MainMenu.uasset" SILENT=true
[2017.01.06-12.30.26:334][868]LogSavePackage: Save=45.73ms
[2017.01.06-12.30.26:334][868]LogSavePackage: Moving 'G:/Mis documentos/GitHub/PGV/TheLastShelter/Saved/MainMenu9F637DAA4E11E14BEF697B85C0B5374C.tmp' to 'G:/Mis documentos/GitHub/PGV/TheLastShelter/Content/MainMenu.uasset'
[2017.01.06-12.30.26:335][868]LogSavePackage:Display: Finished SavePackage G:/Mis documentos/GitHub/PGV/TheLastShelter/Content/MainMenu.uasset
[2017.01.06-12.30.38:009][483]LogTemp: Repeting last play command: Selected Viewport
[2017.01.06-12.30.38:049][483]LogPlayLevel: PlayLevel: No blueprints needed recompiling
[2017.01.06-12.30.38:176][483]PIE: New page: PIE session: Untitled_1 (Jan 6, 2017, 2:30:38 PM)
[2017.01.06-12.30.38:176][483]LogPlayLevel: Creating play world package: /Temp/UEDPIE_0_Untitled_1
[2017.01.06-12.30.38:202][483]LogPlayLevel: PIE: StaticDuplicateObject took: (0.025476s)
[2017.01.06-12.30.38:203][483]LogAIModule: Creating AISystem for world Untitled_1
[2017.01.06-12.30.38:214][483]LogPlayLevel: PIE: World Init took: (0.012224s)
[2017.01.06-12.30.38:222][483]LogPlayLevel: PIE: Created PIE world by copying editor world from /Temp/Untitled_1.Untitled_1 to /Temp/UEDPIE_0_Untitled_1.Untitled_1 (0.045923s)
[2017.01.06-12.30.38:293][483]LogInit: XAudio2 using 'Altavoces (Realtek High Definition Audio)' : 6 channels at 48 kHz using 32 bits per sample (channel mask 0x3f)
[2017.01.06-12.30.38:309][483]LogInit: FAudioDevice initialized.
[2017.01.06-12.30.38:629][483]LogLoad: Game class is 'GameModeBase'
[2017.01.06-12.30.38:633][483]LogWorld: Bringing World /Temp/UEDPIE_0_Untitled_1.Untitled_1 up for play (max tick rate 0) at 2017.01.06-13.30.38
[2017.01.06-12.30.38:649][483]LogWorld: Bringing up level for play took: 0.013660
[2017.01.06-12.30.38:917][483]LogContentBrowser: Native class hierarchy updated for 'MovieSceneCapture' in 0.0011 seconds. Added 11 classes and 0 folders.
[2017.01.06-12.30.38:991][483]PIE: Info Play in editor start time for /Temp/UEDPIE_0_Untitled_1 1.027
[2017.01.06-12.31.19:136][  5]LogMetaData: Removing '/Game/HUD/MainMenu.MainMenu_C' ref from Metadata '/Game/MainMenu.PackageMetaData'
[2017.01.06-12.31.19:136][  5]LogMetaData: Removing '/Game/HUD/MainMenu.MainMenu:EventGraph.K2Node_Event_0' ref from Metadata '/Game/MainMenu.PackageMetaData'
[2017.01.06-12.31.19:136][  5]LogMetaData: Removing '/Game/HUD/MainMenu.MainMenu_C:index_canvas' ref from Metadata '/Game/MainMenu.PackageMetaData'
[2017.01.06-12.31.19:136][  5]LogMetaData: Removing '/Game/HUD/MainMenu.MainMenu_C:ExecuteUbergraph_MainMenu' ref from Metadata '/Game/MainMenu.PackageMetaData'
[2017.01.06-12.31.19:136][  5]LogMetaData: Removing '/Game/HUD/MainMenu.MainMenu_C:Construct' ref from Metadata '/Game/MainMenu.PackageMetaData'
[2017.01.06-12.31.19:136][  5]LogMetaData: Removing '/Game/HUD/MainMenu.MainMenu_C:Tick' ref from Metadata '/Game/MainMenu.PackageMetaData'
[2017.01.06-12.31.19:136][  5]LogMetaData: Removing '/Game/HUD/MainMenu.MainMenu_C:bt_Muted' ref from Metadata '/Game/MainMenu.PackageMetaData'
[2017.01.06-12.31.19:136][  5]LogMetaData: Removing '/Game/HUD/MainMenu.MainMenu_C:bt_Options_Main' ref from Metadata '/Game/MainMenu.PackageMetaData'
[2017.01.06-12.31.19:136][  5]LogMetaData: Removing '/Game/HUD/MainMenu.MainMenu_C:bt_Play_Main' ref from Metadata '/Game/MainMenu.PackageMetaData'
[2017.01.06-12.31.19:136][  5]LogMetaData: Removing '/Game/HUD/MainMenu.MainMenu_C:bt_Salir_Main' ref from Metadata '/Game/MainMenu.PackageMetaData'
[2017.01.06-12.31.19:136][  5]LogMetaData: Removing '/Game/HUD/MainMenu.MainMenu_C:bt_Sound' ref from Metadata '/Game/MainMenu.PackageMetaData'
[2017.01.06-12.31.19:136][  5]LogMetaData: Removing '/Game/HUD/MainMenu.MainMenu_C:CanvasLoading' ref from Metadata '/Game/MainMenu.PackageMetaData'
[2017.01.06-12.31.19:136][  5]LogMetaData: Removing '/Game/HUD/MainMenu.MainMenu_C:CanvasMain' ref from Metadata '/Game/MainMenu.PackageMetaData'
[2017.01.06-12.31.19:136][  5]LogMetaData: Removing '/Game/HUD/MainMenu.MainMenu_C:CanvasSound' ref from Metadata '/Game/MainMenu.PackageMetaData'
[2017.01.06-12.31.19:136][  5]LogMetaData: Removing '/Game/HUD/MainMenu.MainMenu_C:Image_162' ref from Metadata '/Game/MainMenu.PackageMetaData'
[2017.01.06-12.31.19:136][  5]LogMetaData: Removing '/Game/HUD/MainMenu.MainMenu_C:img_back_muted' ref from Metadata '/Game/MainMenu.PackageMetaData'
[2017.01.06-12.31.19:136][  5]LogMetaData: Removing '/Game/HUD/MainMenu.MainMenu_C:img_back_sound' ref from Metadata '/Game/MainMenu.PackageMetaData'
[2017.01.06-12.31.19:136][  5]LogMetaData: Removing '/Game/HUD/MainMenu.MainMenu_C:img_enclosure_bt' ref from Metadata '/Game/MainMenu.PackageMetaData'
[2017.01.06-12.31.19:136][  5]LogMetaData: Removing '/Game/HUD/MainMenu.MainMenu_C:img_logo' ref from Metadata '/Game/MainMenu.PackageMetaData'
[2017.01.06-12.31.19:136][  5]LogMetaData: Removing '/Game/HUD/MainMenu.MainMenu_C:img_logo_main' ref from Metadata '/Game/MainMenu.PackageMetaData'
[2017.01.06-12.31.19:136][  5]LogMetaData: Removing '/Game/HUD/MainMenu.MainMenu_C:ProgressBar_Loading' ref from Metadata '/Game/MainMenu.PackageMetaData'
[2017.01.06-12.31.19:136][  5]LogMetaData: Removing '/Game/HUD/MainMenu.SKEL_MainMenu_C:ExecuteUbergraph_MainMenu' ref from Metadata '/Game/MainMenu.PackageMetaData'
[2017.01.06-12.31.19:136][  5]LogMetaData: Removing '/Game/HUD/MainMenu.SKEL_MainMenu_C:Construct' ref from Metadata '/Game/MainMenu.PackageMetaData'
[2017.01.06-12.31.19:136][  5]LogMetaData: Removing '/Game/HUD/MainMenu.SKEL_MainMenu_C' ref from Metadata '/Game/MainMenu.PackageMetaData'
[2017.01.06-12.31.19:136][  5]LogMetaData: Removing '/Game/HUD/MainMenu.SKEL_MainMenu_C:Tick' ref from Metadata '/Game/MainMenu.PackageMetaData'
[2017.01.06-12.31.19:136][  5]LogMetaData: Removing '/Game/HUD/MainMenu.SKEL_MainMenu_C:bt_Muted' ref from Metadata '/Game/MainMenu.PackageMetaData'
[2017.01.06-12.31.19:136][  5]LogMetaData: Removing '/Game/HUD/MainMenu.SKEL_MainMenu_C:bt_Options_Main' ref from Metadata '/Game/MainMenu.PackageMetaData'
[2017.01.06-12.31.19:136][  5]LogMetaData: Removing '/Game/HUD/MainMenu.SKEL_MainMenu_C:bt_Play_Main' ref from Metadata '/Game/MainMenu.PackageMetaData'
[2017.01.06-12.31.19:136][  5]LogMetaData: Removing '/Game/HUD/MainMenu.SKEL_MainMenu_C:bt_Salir_Main' ref from Metadata '/Game/MainMenu.PackageMetaData'
[2017.01.06-12.31.19:136][  5]LogMetaData: Removing '/Game/HUD/MainMenu.SKEL_MainMenu_C:bt_Sound' ref from Metadata '/Game/MainMenu.PackageMetaData'
[2017.01.06-12.31.19:136][  5]LogMetaData: Removing '/Game/HUD/MainMenu.SKEL_MainMenu_C:CanvasLoading' ref from Metadata '/Game/MainMenu.PackageMetaData'
[2017.01.06-12.31.19:136][  5]LogMetaData: Removing '/Game/HUD/MainMenu.SKEL_MainMenu_C:CanvasMain' ref from Metadata '/Game/MainMenu.PackageMetaData'
[2017.01.06-12.31.19:136][  5]LogMetaData: Removing '/Game/HUD/MainMenu.SKEL_MainMenu_C:CanvasSound' ref from Metadata '/Game/MainMenu.PackageMetaData'
[2017.01.06-12.31.19:136][  5]LogMetaData: Removing '/Game/HUD/MainMenu.SKEL_MainMenu_C:Image_162' ref from Metadata '/Game/MainMenu.PackageMetaData'
[2017.01.06-12.31.19:136][  5]LogMetaData: Removing '/Game/HUD/MainMenu.SKEL_MainMenu_C:img_back_muted' ref from Metadata '/Game/MainMenu.PackageMetaData'
[2017.01.06-12.31.19:136][  5]LogMetaData: Removing '/Game/HUD/MainMenu.SKEL_MainMenu_C:img_back_sound' ref from Metadata '/Game/MainMenu.PackageMetaData'
[2017.01.06-12.31.19:136][  5]LogMetaData: Removing '/Game/HUD/MainMenu.SKEL_MainMenu_C:img_enclosure_bt' ref from Metadata '/Game/MainMenu.PackageMetaData'
[2017.01.06-12.31.19:136][  5]LogMetaData: Removing '/Game/HUD/MainMenu.SKEL_MainMenu_C:img_logo' ref from Metadata '/Game/MainMenu.PackageMetaData'
[2017.01.06-12.31.19:136][  5]LogMetaData: Removing '/Game/HUD/MainMenu.SKEL_MainMenu_C:img_logo_main' ref from Metadata '/Game/MainMenu.PackageMetaData'
[2017.01.06-12.31.19:136][  5]LogMetaData: Removing '/Game/HUD/MainMenu.SKEL_MainMenu_C:ProgressBar_Loading' ref from Metadata '/Game/MainMenu.PackageMetaData'
[2017.01.06-12.31.19:136][  5]LogMetaData: Removing '/Game/HUD/MainMenu.SKEL_MainMenu_C:index_canvas' ref from Metadata '/Game/MainMenu.PackageMetaData'
[2017.01.06-12.31.19:156][  5]Cmd: OBJ SAVEPACKAGE PACKAGE="/Game/HUD/MainMenu" FILE="G:/Mis documentos/GitHub/PGV/TheLastShelter/Content/HUD/MainMenu.uasset" SILENT=true
[2017.01.06-12.31.19:211][  5]LogSavePackage: Save=52.65ms
[2017.01.06-12.31.19:211][  5]LogSavePackage: Moving 'G:/Mis documentos/GitHub/PGV/TheLastShelter/Saved/MainMenuE5520A1F49ACD6CC21B782A911357B2F.tmp' to 'G:/Mis documentos/GitHub/PGV/TheLastShelter/Content/HUD/MainMenu.uasset'
[2017.01.06-12.31.19:213][  5]LogSavePackage:Display: Finished SavePackage G:/Mis documentos/GitHub/PGV/TheLastShelter/Content/HUD/MainMenu.uasset
[2017.01.06-12.31.19:218][  5]Cmd: OBJ SAVEPACKAGE PACKAGE="/Game/MainMenu" FILE="G:/Mis documentos/GitHub/PGV/TheLastShelter/Content/MainMenu.uasset" SILENT=true
[2017.01.06-12.31.19:223][  5]LogSavePackage: Save=3.09ms
[2017.01.06-12.31.19:223][  5]LogSavePackage: Moving 'G:/Mis documentos/GitHub/PGV/TheLastShelter/Saved/MainMenuE214314C4E8E694084B7F0BC71618E2D.tmp' to 'G:/Mis documentos/GitHub/PGV/TheLastShelter/Content/MainMenu.uasset'
[2017.01.06-12.31.19:225][  5]LogSavePackage:Display: Finished SavePackage G:/Mis documentos/GitHub/PGV/TheLastShelter/Content/MainMenu.uasset
[2017.01.06-12.32.13:423][316]LogMaterial: Missing cached shader map for material letters_main_menu, compiling. 
[2017.01.06-12.32.13:875][316]LogMaterial: Missing cached shader map for material letters_main_menu, compiling. 
[2017.01.06-12.32.13:897][316]LogMaterial: 0.01 seconds spent updating 1 materials, 1 interfaces, 0 instances, 0 with static permutations.
[2017.01.06-12.32.19:282][691]MaterialEditorStats: Info Base pass shader with only dynamic lighting: 22 instructions
[2017.01.06-12.32.19:282][691]MaterialEditorStats: Info Vertex shader: 29 instructions
[2017.01.06-12.32.19:282][691]MaterialEditorStats: Info Texture samplers: 0/16
[2017.01.06-12.33.12:192][ 60]LogMaterial: Missing cached shader map for material letters_main_menu, compiling. 
[2017.01.06-12.33.12:208][ 60]LogMaterial: 0.00 seconds spent updating 1 materials, 1 interfaces, 0 instances, 0 with static permutations.
[2017.01.06-12.33.12:220][ 60]LogMaterial: Missing cached shader map for material FMatExpressionPreview MaterialExpressionFontSample_0, compiling. 
[2017.01.06-12.33.15:872][272]MaterialEditorStats: Info Base pass shader with only dynamic lighting: 22 instructions
[2017.01.06-12.33.15:872][272]MaterialEditorStats: Info Vertex shader: 29 instructions
[2017.01.06-12.33.15:872][272]MaterialEditorStats: Info Texture samplers: 0/16
[2017.01.06-12.34.00:682][754]LogFileHelpers: Editor autosave (incl. sublevels) for '/Temp/Untitled_1' took 0.252
[2017.01.06-12.34.00:685][754]OBJ SavePackage: Generating thumbnails for [1] asset(s) in package [/Game/Material/letters_main_menu] ([1] browsable assets)...
[2017.01.06-12.34.00:725][754]OBJ SavePackage:     Rendered thumbnail for [Material /Game/Material/letters_main_menu.letters_main_menu]
[2017.01.06-12.34.00:725][754]OBJ SavePackage: Finished generating thumbnails for package [/Game/Material/letters_main_menu]
[2017.01.06-12.34.00:725][754]Cmd: OBJ SAVEPACKAGE PACKAGE="/Game/Material/letters_main_menu" FILE="G:/Mis documentos/GitHub/PGV/TheLastShelter/Saved/Autosaves/Game/Material/letters_main_menu_Auto2.uasset" SILENT=false AUTOSAVING=true
[2017.01.06-12.34.00:760][754]LogSavePackage: Save=31.29ms
[2017.01.06-12.34.00:760][754]LogSavePackage: Moving 'G:/Mis documentos/GitHub/PGV/TheLastShelter/Saved/letters_main_menu_Auto24D700A4B41C42EC0A24F3DB9AC90F9AA.tmp' to 'G:/Mis documentos/GitHub/PGV/TheLastShelter/Saved/Autosaves/Game/Material/letters_main_menu_Auto2.uasset'
[2017.01.06-12.34.00:762][754]LogSavePackage:Display: Finished SavePackage G:/Mis documentos/GitHub/PGV/TheLastShelter/Saved/Autosaves/Game/Material/letters_main_menu_Auto2.uasset
[2017.01.06-12.34.00:762][754]LogFileHelpers: Auto-saving content packages took 0.078
[2017.01.06-12.35.51:150][210]LogMaterial: Missing cached shader map for material letters_main_menu, compiling. 
[2017.01.06-12.35.51:165][210]LogMaterial: 0.00 seconds spent updating 1 materials, 1 interfaces, 0 instances, 0 with static permutations.
[2017.01.06-12.36.12:394][472]MaterialEditorStats: Info Base pass shader with only dynamic lighting: 22 instructions
[2017.01.06-12.36.12:394][472]MaterialEditorStats: Info Vertex shader: 29 instructions
[2017.01.06-12.36.12:394][472]MaterialEditorStats: Info Texture samplers: 0/16
[2017.01.06-12.36.23:423][ 33]LogMaterial: Missing cached shader map for material letters_main_menu, compiling. 
[2017.01.06-12.36.23:439][ 33]LogMaterial: 0.00 seconds spent updating 1 materials, 1 interfaces, 0 instances, 0 with static permutations.
[2017.01.06-12.36.23:440][ 33]LogMaterial: Missing cached shader map for material FMatExpressionPreview MaterialExpressionTextureSample_0, compiling. 
[2017.01.06-12.36.26:904][222]MaterialEditorStats: Info Base pass shader with only dynamic lighting: 22 instructions
[2017.01.06-12.36.26:904][222]MaterialEditorStats: Info Vertex shader: 29 instructions
[2017.01.06-12.36.26:904][222]MaterialEditorStats: Info Texture samplers: 0/16
[2017.01.06-13.11.48:093][  3]LogMaterial: Missing cached shader map for material letters_main_menu, compiling. 
[2017.01.06-13.11.48:132][  3]LogMaterial: 0.00 seconds spent updating 1 materials, 1 interfaces, 0 instances, 0 with static permutations.
[2017.01.06-13.11.48:387][  3]LogMaterial: Missing cached shader map for material letters_main_menu, compiling. 
[2017.01.06-13.11.48:468][  3]LogMaterial: Missing cached shader map for material letters_main_menu, compiling. 
[2017.01.06-13.11.48:497][  3]LogMaterial: 0.00 seconds spent updating 1 materials, 1 interfaces, 0 instances, 0 with static permutations.
[2017.01.06-13.12.40:741][  3]Cmd: OBJ SAVEPACKAGE PACKAGE="/Game/Material/letters_main_menu" FILE="G:/Mis documentos/GitHub/PGV/TheLastShelter/Content/Material/letters_main_menu.uasset" SILENT=true
[2017.01.06-13.12.41:022][  3]LogSavePackage: Save=57.56ms
[2017.01.06-13.12.41:022][  3]LogSavePackage: Moving 'G:/Mis documentos/GitHub/PGV/TheLastShelter/Saved/letters_main_menu59438FE8435636D757BE4D9483EBA532.tmp' to 'G:/Mis documentos/GitHub/PGV/TheLastShelter/Content/Material/letters_main_menu.uasset'
[2017.01.06-13.12.41:025][  3]LogSavePackage:Display: Finished SavePackage G:/Mis documentos/GitHub/PGV/TheLastShelter/Content/Material/letters_main_menu.uasset
[2017.01.06-13.12.44:586][  3]LogWindowsTextInputMethodSystem:Display: IME system now deactivated.
[2017.01.06-13.12.45:208][  4]Cmd: QUIT_EDITOR
[2017.01.06-13.12.46:808][  4]LogExit: Preparing to exit.
[2017.01.06-13.12.48:984][  4]LogExit: Editor shut down
[2017.01.06-13.12.48:986][  4]LogExit: Transaction tracking system shut down
[2017.01.06-13.12.54:616][  4]LogObj: Freed 0b from 0 cluster array pools.
[2017.01.06-13.12.54:648][  4]LogExit: Object subsystem successfully closed.
[2017.01.06-13.12.54:861][  4]LogD3D11RHI: Shutdown
[2017.01.06-13.12.54:869][  4]LogD3D11RHI: CleanupD3DDevice
[2017.01.06-13.12.55:100][  4]LogD3D11RHI: ~FD3D11DynamicRHI
[2017.01.06-13.12.56:411][  4]LogHttp:Display: Http module shutting down, but needs to wait on 1 outstanding Http requests:
[2017.01.06-13.12.56:412][  4]LogHttp:Display: 	verb=[POST] url=[https://datarouter.ol.epicgames.com/datarouter/api/v1/public/data?SessionID=%7B3FC7BC9A-4539-2ECE-C75D-0EABB719AD46%7D&AppID=UEEditor.Rocket.Release&AppVersion=4.14.1-3224400%2B%2B%2BUE4%2BRelease-4.14&UserID=0636ed074715a6528987088242ffb35f%7C4ce4a9e487ef46408105a210f5327efb%7C332cae6d-2768-4bae-971c-d1db598faa64&AppEnvironment=datacollector-binary&UploadType=eteventstream] status=Processing
[2017.01.06-13.12.56:577][  4]LogModuleManager: Shutting down and abandoning module MaterialEditor (246)
[2017.01.06-13.12.56:603][  4]LogModuleManager: Shutting down and abandoning module MovieSceneCapture (245)
[2017.01.06-13.12.56:603][  4]LogModuleManager: Shutting down and abandoning module SequencerWidgets (244)
[2017.01.06-13.12.56:603][  4]LogModuleManager: Shutting down and abandoning module BlueprintGraph (243)
[2017.01.06-13.12.56:603][  4]LogModuleManager: Shutting down and abandoning module BlueprintProfiler (242)
[2017.01.06-13.12.56:619][  4]LogModuleManager: Shutting down and abandoning module HierarchicalLODOutliner (241)
[2017.01.06-13.12.56:626][  4]LogModuleManager: Shutting down and abandoning module CrashTracker (240)
[2017.01.06-13.12.56:647][  4]LogModuleManager: Shutting down and abandoning module SceneOutliner (239)
[2017.01.06-13.12.56:666][  4]LogModuleManager: Shutting down and abandoning module WidgetCarousel (238)
[2017.01.06-13.12.56:666][  4]LogModuleManager: Shutting down and abandoning module AddContentDialog (237)
[2017.01.06-13.12.56:683][  4]LogDirectoryWatcher: A directory notification for 'L:/Unreal Engine 4/Epic Games/4.14/FeaturePacks/' was aborted.
[2017.01.06-13.12.56:780][  4]LogModuleManager: Shutting down and abandoning module GameplayTags (236)
[2017.01.06-13.12.56:780][  4]LogModuleManager: Shutting down and abandoning module EditorWidgets (235)
[2017.01.06-13.12.56:780][  4]LogModuleManager: Shutting down and abandoning module CollectionManager (234)
[2017.01.06-13.12.56:813][  4]LogDirectoryWatcher: A directory notification for 'G:/Mis documentos/GitHub/PGV/TheLastShelter/Content/Collections/' was aborted.
[2017.01.06-13.12.56:813][  4]LogDirectoryWatcher: A directory notification for 'G:/Mis documentos/GitHub/PGV/TheLastShelter/Content/Developers/NeN/Collections/' was aborted.
[2017.01.06-13.12.56:813][  4]LogDirectoryWatcher: A directory notification for 'G:/Mis documentos/GitHub/PGV/TheLastShelter/Saved/Collections/' was aborted.
[2017.01.06-13.12.56:813][  4]LogModuleManager: Shutting down and abandoning module StatsViewer (233)
[2017.01.06-13.12.56:836][  4]LogModuleManager: Shutting down and abandoning module FoliageEdit (232)
[2017.01.06-13.12.56:844][  4]LogModuleManager: Shutting down and abandoning module LandscapeEditor (231)
[2017.01.06-13.12.56:851][  4]LogModuleManager: Shutting down and abandoning module SceneDepthPickerMode (230)
[2017.01.06-13.12.56:851][  4]LogModuleManager: Shutting down and abandoning module ActorPickerMode (229)
[2017.01.06-13.12.56:851][  4]LogModuleManager: Shutting down and abandoning module GeometryMode (228)
[2017.01.06-13.12.56:851][  4]LogModuleManager: Shutting down and abandoning module TextureAlignMode (227)
[2017.01.06-13.12.56:851][  4]LogModuleManager: Shutting down and abandoning module BspMode (226)
[2017.01.06-13.12.56:871][  4]LogModuleManager: Shutting down and abandoning module HardwareSurvey (225)
[2017.01.06-13.12.56:890][  4]LogModuleManager: Shutting down and abandoning module SequenceRecorderSections (224)
[2017.01.06-13.12.56:904][  4]LogModuleManager: Shutting down and abandoning module AutomationWorker (223)
[2017.01.06-13.12.56:935][  4]LogModuleManager: Shutting down and abandoning module MatineeToLevelSequence (222)
[2017.01.06-13.12.56:952][  4]LogModuleManager: Shutting down and abandoning module PlacementMode (221)
[2017.01.06-13.12.57:003][  4]LogModuleManager: Shutting down and abandoning module LevelSequenceEditor (220)
[2017.01.06-13.12.57:034][  4]LogModuleManager: Shutting down and abandoning module WmfMediaFactory (219)
[2017.01.06-13.12.57:034][  4]LogModuleManager: Shutting down and abandoning module WmfMediaEditor (218)
[2017.01.06-13.12.57:034][  4]LogModuleManager: Shutting down and abandoning module AvfMediaFactory (217)
[2017.01.06-13.12.57:034][  4]LogModuleManager: Shutting down and abandoning module AvfMediaEditor (216)
[2017.01.06-13.12.57:034][  4]LogModuleManager: Shutting down and abandoning module Media (215)
[2017.01.06-13.12.57:034][  4]LogModuleManager: Shutting down and abandoning module AndroidMediaFactory (214)
[2017.01.06-13.12.57:034][  4]LogModuleManager: Shutting down and abandoning module AndroidMediaEditor (213)
[2017.01.06-13.12.57:034][  4]LogModuleManager: Shutting down and abandoning module CharacterAI (212)
[2017.01.06-13.12.57:034][  4]LogModuleManager: Shutting down and abandoning module SequenceRecorder (211)
[2017.01.06-13.12.57:082][  4]LogModuleManager: Shutting down and abandoning module AudioCapture (210)
[2017.01.06-13.12.57:082][  4]LogModuleManager: Shutting down and abandoning module SmartSnapping (209)
[2017.01.06-13.12.57:082][  4]LogModuleManager: Shutting down and abandoning module SessionServices (208)
[2017.01.06-13.12.57:082][  4]LogModuleManager: Shutting down and abandoning module ViewportSnapping (207)
[2017.01.06-13.12.57:082][  4]LogModuleManager: Shutting down and abandoning module ViewportInteraction (206)
[2017.01.06-13.12.57:082][  4]LogModuleManager: Shutting down and abandoning module LogVisualizer (205)
[2017.01.06-13.12.57:100][  4]LogModuleManager: Shutting down and abandoning module GameProjectGeneration (204)
[2017.01.06-13.12.57:106][  4]LogModuleManager: Shutting down and abandoning module IntroTutorials (203)
[2017.01.06-13.12.57:116][  4]LogModuleManager: Shutting down and abandoning module EditorLiveStreaming (202)
[2017.01.06-13.12.57:116][  4]LogModuleManager: Shutting down and abandoning module IOSPlatformEditor (201)
[2017.01.06-13.12.57:124][  4]LogModuleManager: Shutting down and abandoning module HTML5PlatformEditor (200)
[2017.01.06-13.12.57:124][  4]LogModuleManager: Shutting down and abandoning module AndroidDeviceDetection (199)
[2017.01.06-13.12.57:386][  4]LogModuleManager: Shutting down and abandoning module AndroidPlatformEditor (198)
[2017.01.06-13.12.57:417][  4]LogModuleManager: Shutting down and abandoning module IOSRuntimeSettings (197)
[2017.01.06-13.12.57:417][  4]LogModuleManager: Shutting down and abandoning module AndroidRuntimeSettings (196)
[2017.01.06-13.12.57:417][  4]LogModuleManager: Shutting down and abandoning module InputBindingEditor (195)
[2017.01.06-13.12.57:449][  4]LogModuleManager: Shutting down and abandoning module NiagaraEditor (194)
[2017.01.06-13.12.57:484][  4]LogModuleManager: Shutting down and abandoning module MergeActors (193)
[2017.01.06-13.12.57:494][  4]LogModuleManager: Shutting down and abandoning module SizeMap (192)
[2017.01.06-13.12.57:520][  4]LogModuleManager: Shutting down and abandoning module TreeMap (191)
[2017.01.06-13.12.57:528][  4]LogModuleManager: Shutting down and abandoning module ReferenceViewer (190)
[2017.01.06-13.12.57:528][  4]LogModuleManager: Shutting down and abandoning module LocalizationService (189)
[2017.01.06-13.12.57:543][  4]LogModuleManager: Shutting down and abandoning module LocalizationDashboard (188)
[2017.01.06-13.12.57:569][  4]LogModuleManager: Shutting down and abandoning module HardwareTargeting (187)
[2017.01.06-13.12.57:602][  4]LogModuleManager: Shutting down and abandoning module DeviceProfileEditor (186)
[2017.01.06-13.12.57:624][  4]LogModuleManager: Shutting down and abandoning module UndoHistory (185)
[2017.01.06-13.12.57:646][  4]LogModuleManager: Shutting down and abandoning module UserFeedback (184)
[2017.01.06-13.12.57:646][  4]LogModuleManager: Shutting down and abandoning module XmlParser (183)
[2017.01.06-13.12.57:660][  4]LogModuleManager: Shutting down and abandoning module Blutility (182)
[2017.01.06-13.12.57:665][  4]LogModuleManager: Shutting down and abandoning module ProjectTargetPlatformEditor (181)
[2017.01.06-13.12.57:666][  4]LogModuleManager: Shutting down and abandoning module ProjectSettingsViewer (180)
[2017.01.06-13.12.57:666][  4]LogModuleManager: Shutting down and abandoning module EditorSettingsViewer (179)
[2017.01.06-13.12.57:666][  4]LogModuleManager: Shutting down and abandoning module SettingsEditor (178)
[2017.01.06-13.12.57:681][  4]LogModuleManager: Shutting down and abandoning module ProjectLauncher (177)
[2017.01.06-13.12.57:711][  4]LogModuleManager: Shutting down and abandoning module SessionFrontend (176)
[2017.01.06-13.12.57:722][  4]LogModuleManager: Shutting down and abandoning module ProfilerClient (175)
[2017.01.06-13.12.57:747][  4]LogModuleManager: Shutting down and abandoning module TargetDeviceServices (174)
[2017.01.06-13.12.57:747][  4]LogModuleManager: Shutting down and abandoning module DeviceManager (173)
[2017.01.06-13.12.57:843][  4]LogModuleManager: Shutting down and abandoning module AutomationController (172)
[2017.01.06-13.12.57:876][  4]LogModuleManager: Shutting down and abandoning module AutomationWindow (171)
[2017.01.06-13.12.57:909][  4]LogModuleManager: Shutting down and abandoning module Layers (170)
[2017.01.06-13.12.57:923][  4]LogModuleManager: Shutting down and abandoning module ComponentVisualizers (169)
[2017.01.06-13.12.57:923][  4]LogModuleManager: Shutting down and abandoning module DetailCustomizations (168)
[2017.01.06-13.12.57:937][  4]LogModuleManager: Shutting down and abandoning module PackagesDialog (167)
[2017.01.06-13.12.57:937][  4]LogModuleManager: Shutting down and abandoning module AnimGraph (166)
[2017.01.06-13.12.57:937][  4]LogModuleManager: Shutting down and abandoning module Persona (165)
[2017.01.06-13.12.57:947][  4]LogModuleManager: Shutting down and abandoning module Kismet (164)
[2017.01.06-13.12.57:972][  4]LogModuleManager: Shutting down and abandoning module GraphEditor (163)
[2017.01.06-13.12.57:972][  4]LogModuleManager: Shutting down and abandoning module ClassViewer (162)
[2017.01.06-13.12.57:982][  4]LogModuleManager: Shutting down and abandoning module Toolbox (161)
[2017.01.06-13.12.58:011][  4]LogModuleManager: Shutting down and abandoning module ModuleUI (160)
[2017.01.06-13.12.58:028][  4]LogModuleManager: Shutting down and abandoning module MovieSceneTools (159)
[2017.01.06-13.12.58:047][  4]LogModuleManager: Shutting down and abandoning module OutputLog (158)
[2017.01.06-13.12.58:074][  4]LogModuleManager: Shutting down and abandoning module GammaUI (157)
[2017.01.06-13.12.58:101][  4]LogModuleManager: Shutting down and abandoning module Documentation (156)
[2017.01.06-13.12.58:101][  4]LogModuleManager: Shutting down and abandoning module Niagara (155)
[2017.01.06-13.12.58:101][  4]LogModuleManager: Shutting down and abandoning module StreamingPauseRendering (154)
[2017.01.06-13.12.58:101][  4]LogModuleManager: Shutting down and abandoning module AnalyticsET (153)
[2017.01.06-13.12.58:101][  4]LogModuleManager: Shutting down and abandoning module PortalServices (152)
[2017.01.06-13.12.58:101][  4]LogModuleManager: Shutting down and abandoning module PortalRpc (151)
[2017.01.06-13.12.58:101][  4]LogModuleManager: Shutting down and abandoning module MessagingRpc (150)
[2017.01.06-13.12.58:101][  4]LogModuleManager: Shutting down and abandoning module GameplayDebugger (149)
[2017.01.06-13.12.58:121][  4]LogModuleManager: Shutting down and abandoning module AITestSuite (148)
[2017.01.06-13.12.58:128][  4]LogModuleManager: Shutting down and abandoning module AIModule (147)
[2017.01.06-13.12.58:128][  4]LogModuleManager: Shutting down and abandoning module ProfilerService (146)
[2017.01.06-13.12.58:208][  4]LogModuleManager: Shutting down and abandoning module TaskGraph (145)
[2017.01.06-13.12.58:235][  4]LogModuleManager: Shutting down and abandoning module SlateRemote (144)
[2017.01.06-13.12.58:235][  4]LogModuleManager: Shutting down and abandoning module SteamVRController (143)
[2017.01.06-13.12.58:235][  4]LogModuleManager: Shutting down and abandoning module SteamVR (142)
[2017.01.06-13.12.58:235][  4]LogModuleManager: Shutting down and abandoning module ProceduralMeshComponentEditor (141)
[2017.01.06-13.12.58:256][  4]LogModuleManager: Shutting down and abandoning module ProceduralMeshComponent (140)
[2017.01.06-13.12.58:288][  4]LogModuleManager: Shutting down and abandoning module OculusLibrary (139)
[2017.01.06-13.12.58:288][  4]LogModuleManager: Shutting down and abandoning module OculusInput (138)
[2017.01.06-13.12.58:288][  4]LogModuleManager: Shutting down and abandoning module MobilePatchingUtils (137)
[2017.01.06-13.12.58:288][  4]LogModuleManager: Shutting down and abandoning module CustomMeshComponent (136)
[2017.01.06-13.12.58:288][  4]LogModuleManager: Shutting down and abandoning module CableComponent (135)
[2017.01.06-13.12.58:315][  4]LogModuleManager: Shutting down and abandoning module ArchVisCharacter (134)
[2017.01.06-13.12.58:315][  4]LogModuleManager: Shutting down and abandoning module MediaPlayerEditor (132)
[2017.01.06-13.12.58:351][  4]LogModuleManager: Shutting down and abandoning module HTML5Networking (131)
[2017.01.06-13.12.58:351][  4]LogModuleManager: Shutting down and abandoning module GeometryCacheEd (130)
[2017.01.06-13.12.58:351][  4]LogModuleManager: Shutting down and abandoning module GeometryCache (129)
[2017.01.06-13.12.58:351][  4]LogModuleManager: Shutting down and abandoning module AlembicLibrary (128)
[2017.01.06-13.12.58:364][  4]LogModuleManager: Shutting down and abandoning module AlembicImporter (127)
[2017.01.06-13.12.58:381][  4]LogModuleManager: Shutting down and abandoning module SuperSearch (126)
[2017.01.06-13.12.58:381][  4]LogModuleManager: Shutting down and abandoning module SuperSearchEditor (125)
[2017.01.06-13.12.58:381][  4]LogModuleManager: Shutting down and abandoning module SpeedTreeImporter (124)
[2017.01.06-13.12.58:381][  4]LogModuleManager: Shutting down and abandoning module PluginBrowser (123)
[2017.01.06-13.12.58:381][  4]LogModuleManager: Shutting down and abandoning module MobileLauncherProfileWizard (122)
[2017.01.06-13.12.58:391][  4]LogModuleManager: Shutting down and abandoning module EpicSurvey (121)
[2017.01.06-13.12.58:405][  4]LogModuleManager: Shutting down and abandoning module DesktopPlatform (120)
[2017.01.06-13.12.58:405][  4]LogModuleManager: Shutting down and abandoning module VisualStudioSourceCodeAccess (119)
[2017.01.06-13.12.58:431][  4]LogModuleManager: Shutting down and abandoning module UObjectPlugin (118)
[2017.01.06-13.12.58:431][  4]LogModuleManager: Shutting down and abandoning module SubversionSourceControl (117)
[2017.01.06-13.12.58:463][  4]LogModuleManager: Shutting down and abandoning module PerforceSourceControl (116)
[2017.01.06-13.12.58:484][  4]LogModuleManager: Shutting down and abandoning module SourceControl (115)
[2017.01.06-13.12.58:504][  4]LogModuleManager: Shutting down and abandoning module GitSourceControl (114)
[2017.01.06-13.12.58:514][  4]LogModuleManager: Shutting down and abandoning module LightPropagationVolumeEditor (113)
[2017.01.06-13.12.58:514][  4]LogModuleManager: Shutting down and abandoning module PaperTiledImporter (112)
[2017.01.06-13.12.58:535][  4]LogModuleManager: Shutting down and abandoning module PaperSpriteSheetImporter (111)
[2017.01.06-13.12.58:535][  4]LogModuleManager: Shutting down and abandoning module MeshPaint (110)
[2017.01.06-13.12.58:535][  4]LogModuleManager: Shutting down and abandoning module PixelInspectorModule (109)
[2017.01.06-13.12.58:555][  4]LogModuleManager: Shutting down and abandoning module HotReload (108)
[2017.01.06-13.12.58:573][  4]LogModuleManager: Shutting down and abandoning module MainFrame (107)
[2017.01.06-13.12.58:573][  4]LogModuleManager: Shutting down and abandoning module LevelEditor (106)
[2017.01.06-13.12.58:612][  4]LogModuleManager: Shutting down and abandoning module ContentBrowser (105)
[2017.01.06-13.12.58:614][  4]LogModuleManager: Shutting down and abandoning module Paper2DEditor (104)
[2017.01.06-13.12.58:627][  4]LogModuleManager: Shutting down and abandoning module UdpMessaging (103)
[2017.01.06-13.12.58:728][  4]LogModuleManager: Shutting down and abandoning module TcpMessaging (102)
[2017.01.06-13.12.58:855][  4]LogModuleManager: Shutting down and abandoning module LightPropagationVolumeRuntime (101)
[2017.01.06-13.12.58:855][  4]LogModuleManager: Shutting down and abandoning module Paper2D (100)
[2017.01.06-13.12.58:876][  4]LogModuleManager: Shutting down and abandoning module WindowsMoviePlayer (99)
[2017.01.06-13.12.58:912][  4]LogModuleManager: Shutting down and abandoning module WmfMedia (98)
[2017.01.06-13.12.58:940][  4]LogModuleManager: Shutting down and abandoning module MediaAssets (97)
[2017.01.06-13.12.58:940][  4]LogModuleManager: Shutting down and abandoning module GameLiveStreaming (96)
[2017.01.06-13.12.58:956][  4]LogModuleManager: Shutting down and abandoning module GameplayTagsEditor (95)
[2017.01.06-13.12.58:956][  4]LogModuleManager: Shutting down and abandoning module VREditor (94)
[2017.01.06-13.12.58:956][  4]LogModuleManager: Shutting down and abandoning module GameplayTasksEditor (93)
[2017.01.06-13.12.58:956][  4]LogModuleManager: Shutting down and abandoning module BehaviorTreeEditor (92)
[2017.01.06-13.12.58:996][  4]LogModuleManager: Shutting down and abandoning module FunctionalTesting (91)
[2017.01.06-13.12.59:014][  4]LogModuleManager: Shutting down and abandoning module CollisionAnalyzer (90)
[2017.01.06-13.12.59:033][  4]LogModuleManager: Shutting down and abandoning module Sequencer (89)
[2017.01.06-13.12.59:033][  4]LogModuleManager: Shutting down and abandoning module WorkspaceMenuStructure (88)
[2017.01.06-13.12.59:033][  4]LogModuleManager: Shutting down and abandoning module MessageLog (87)
[2017.01.06-13.12.59:033][  4]LogModuleManager: Shutting down and abandoning module AssetTools (86)
[2017.01.06-13.12.59:048][  4]LogModuleManager: Shutting down and abandoning module UMGEditor (85)
[2017.01.06-13.12.59:048][  4]LogModuleManager: Shutting down and abandoning module UMG (84)
[2017.01.06-13.12.59:048][  4]LogModuleManager: Shutting down and abandoning module SlateReflector (83)
[2017.01.06-13.12.59:073][  4]LogModuleManager: Shutting down and abandoning module Slate (82)
[2017.01.06-13.12.59:073][  4]LogModuleManager: Shutting down and abandoning module EditorStyle (81)
[2017.01.06-13.12.59:090][  4]LogModuleManager: Shutting down and abandoning module SourceCodeAccess (80)
[2017.01.06-13.12.59:090][  4]LogModuleManager: Shutting down and abandoning module HeadMountedDisplay (79)
[2017.01.06-13.12.59:090][  4]LogModuleManager: Shutting down and abandoning module XAudio2 (78)
[2017.01.06-13.12.59:090][  4]LogModuleManager: Shutting down and abandoning module Networking (76)
[2017.01.06-13.12.59:090][  4]LogModuleManager: Shutting down and abandoning module Core (75)
[2017.01.06-13.12.59:090][  4]LogModuleManager: Shutting down and abandoning module DirectoryWatcher (74)
[2017.01.06-13.12.59:090][  4]LogDirectoryWatcher: A directory notification for '../../../Engine/Content/' was aborted.
[2017.01.06-13.12.59:091][  4]LogDirectoryWatcher: A directory notification for 'G:/Mis documentos/GitHub/PGV/TheLastShelter/Content/' was aborted.
[2017.01.06-13.12.59:092][  4]LogDirectoryWatcher: A directory notification for '../../../Engine/Plugins/2D/Paper2D/Content/' was aborted.
[2017.01.06-13.12.59:095][  4]LogModuleManager: Shutting down and abandoning module AssetRegistry (73)
[2017.01.06-13.12.59:344][  4]LogModuleManager: Shutting down and abandoning module KismetCompiler (72)
[2017.01.06-13.12.59:344][  4]LogModuleManager: Shutting down and abandoning module PhysXFormats (71)
[2017.01.06-13.12.59:358][  4]LogModuleManager: Shutting down and abandoning module SimplygonSwarm (70)
[2017.01.06-13.12.59:363][  4]LogModuleManager: Shutting down and abandoning module SimplygonMeshReduction (69)
[2017.01.06-13.12.59:383][  4]LogModuleManager: Shutting down and abandoning module QuadricMeshReduction (68)
[2017.01.06-13.12.59:405][  4]LogModuleManager: Shutting down and abandoning module PropertyEditor (67)
[2017.01.06-13.12.59:426][  4]LogModuleManager: Shutting down and abandoning module MeshUtilities (66)
[2017.01.06-13.12.59:450][  4]LogModuleManager: Shutting down and abandoning module DerivedDataCache (65)
[2017.01.06-13.12.59:530][  4]LogDerivedDataCache: Shutdown
[2017.01.06-13.12.59:530][  4]LogModuleManager: Shutting down and abandoning module VulkanShaderFormat (64)
[2017.01.06-13.12.59:549][  4]LogModuleManager: Shutting down and abandoning module ShaderFormatOpenGL (63)
[2017.01.06-13.12.59:562][  4]LogModuleManager: Shutting down and abandoning module ShaderFormatD3D (62)
[2017.01.06-13.12.59:586][  4]LogModuleManager: Shutting down and abandoning module MetalShaderFormat (61)
[2017.01.06-13.12.59:609][  4]LogModuleManager: Shutting down and abandoning module TextureFormatUncompressed (60)
[2017.01.06-13.12.59:610][  4]LogModuleManager: Shutting down and abandoning module TextureFormatPVR (59)
[2017.01.06-13.12.59:630][  4]LogModuleManager: Shutting down and abandoning module TextureFormatDXT (58)
[2017.01.06-13.12.59:631][  4]LogModuleManager: Shutting down and abandoning module TextureFormatIntelISPCTexComp (57)
[2017.01.06-13.12.59:649][  4]LogModuleManager: Shutting down and abandoning module ImageWrapper (56)
[2017.01.06-13.12.59:649][  4]LogModuleManager: Shutting down and abandoning module TextureFormatASTC (55)
[2017.01.06-13.12.59:649][  4]LogModuleManager: Shutting down and abandoning module TextureFormatAndroid (54)
[2017.01.06-13.12.59:649][  4]LogModuleManager: Shutting down and abandoning module AudioFormatOpus (53)
[2017.01.06-13.12.59:673][  4]LogModuleManager: Shutting down and abandoning module AudioFormatOgg (52)
[2017.01.06-13.12.59:692][  4]LogModuleManager: Shutting down and abandoning module AudioFormatADPCM (51)
[2017.01.06-13.12.59:692][  4]LogModuleManager: Shutting down and abandoning module LinuxTargetPlatform (50)
[2017.01.06-13.12.59:692][  4]LogModuleManager: Shutting down and abandoning module LinuxServerTargetPlatform (49)
[2017.01.06-13.12.59:737][  4]LogModuleManager: Shutting down and abandoning module LinuxNoEditorTargetPlatform (48)
[2017.01.06-13.12.59:756][  4]LogModuleManager: Shutting down and abandoning module LinuxClientTargetPlatform (47)
[2017.01.06-13.12.59:789][  4]LogModuleManager: Shutting down and abandoning module TVOSTargetPlatform (46)
[2017.01.06-13.12.59:789][  4]LogModuleManager: Shutting down and abandoning module Messaging (45)
[2017.01.06-13.12.59:789][  4]LogModuleManager: Shutting down and abandoning module IOSTargetPlatform (44)
[2017.01.06-13.12.59:789][  4]LogModuleManager: Shutting down and abandoning module HTML5TargetPlatform (43)
[2017.01.06-13.12.59:789][  4]LogModuleManager: Shutting down and abandoning module Android_PVRTCTargetPlatform (42)
[2017.01.06-13.12.59:789][  4]LogModuleManager: Shutting down and abandoning module Android_MultiTargetPlatform (41)
[2017.01.06-13.12.59:789][  4]LogModuleManager: Shutting down and abandoning module Android_ETC2TargetPlatform (40)
[2017.01.06-13.12.59:789][  4]LogModuleManager: Shutting down and abandoning module Android_ETC1TargetPlatform (39)
[2017.01.06-13.12.59:789][  4]LogModuleManager: Shutting down and abandoning module Android_DXTTargetPlatform (38)
[2017.01.06-13.12.59:789][  4]LogModuleManager: Shutting down and abandoning module Android_ATCTargetPlatform (37)
[2017.01.06-13.12.59:789][  4]LogModuleManager: Shutting down and abandoning module Android_ASTCTargetPlatform (36)
[2017.01.06-13.12.59:789][  4]LogModuleManager: Shutting down and abandoning module AndroidTargetPlatform (35)
[2017.01.06-13.12.59:789][  4]LogModuleManager: Shutting down and abandoning module WindowsTargetPlatform (34)
[2017.01.06-13.12.59:789][  4]LogModuleManager: Shutting down and abandoning module WindowsServerTargetPlatform (33)
[2017.01.06-13.12.59:803][  4]LogModuleManager: Shutting down and abandoning module WindowsNoEditorTargetPlatform (32)
[2017.01.06-13.12.59:811][  4]LogModuleManager: Shutting down and abandoning module WindowsClientTargetPlatform (31)
[2017.01.06-13.12.59:814][  4]LogModuleManager: Shutting down and abandoning module MacTargetPlatform (30)
[2017.01.06-13.12.59:814][  4]LogModuleManager: Shutting down and abandoning module MacServerTargetPlatform (29)
[2017.01.06-13.12.59:814][  4]LogModuleManager: Shutting down and abandoning module MacNoEditorTargetPlatform (28)
[2017.01.06-13.12.59:814][  4]LogModuleManager: Shutting down and abandoning module MacClientTargetPlatform (27)
[2017.01.06-13.12.59:814][  4]LogModuleManager: Shutting down and abandoning module AllDesktopTargetPlatform (26)
[2017.01.06-13.12.59:814][  4]LogModuleManager: Shutting down and abandoning module TargetPlatform (25)
[2017.01.06-13.12.59:814][  4]LogModuleManager: Shutting down and abandoning module InputCore (24)
[2017.01.06-13.12.59:814][  4]LogModuleManager: Shutting down and abandoning module Settings (23)
[2017.01.06-13.12.59:814][  4]LogModuleManager: Shutting down and abandoning module OculusRift (22)
[2017.01.06-13.12.59:840][  4]LogModuleManager: Shutting down and abandoning module ExampleDeviceProfileSelector (21)
[2017.01.06-13.12.59:840][  4]LogModuleManager: Shutting down and abandoning module OnlineBlueprintSupport (20)
[2017.01.06-13.12.59:840][  4]LogModuleManager: Shutting down and abandoning module OnlineSubsystem (18)
[2017.01.06-13.12.59:840][  4]LogOnline:Display: Unloading online subsystem: NULL
[2017.01.06-13.12.59:868][  4]LogModuleManager: Shutting down and abandoning module SSL (17)
[2017.01.06-13.12.59:921][  4]LogModuleManager: Shutting down and abandoning module HTTP (16)
[2017.01.06-13.12.59:921][  4]LogModuleManager: Shutting down and abandoning module XMPP (15)
[2017.01.06-13.12.59:953][  4]LogModuleManager: Shutting down and abandoning module TextureCompressor (14)
[2017.01.06-13.12.59:953][  4]LogModuleManager: Shutting down and abandoning module ShaderCore (13)
[2017.01.06-13.12.59:953][  4]LogModuleManager: Shutting down and abandoning module Landscape (12)
[2017.01.06-13.12.59:953][  4]LogModuleManager: Shutting down and abandoning module SlateRHIRenderer (11)
[2017.01.06-13.13.00:035][  4]LogModuleManager: Shutting down and abandoning module OpenGLDrv (10)
[2017.01.06-13.13.00:046][  4]LogModuleManager: Shutting down and abandoning module D3D11RHI (9)
[2017.01.06-13.13.00:046][  4]LogModuleManager: Shutting down and abandoning module AnimGraphRuntime (8)
[2017.01.06-13.13.00:049][  4]LogModuleManager: Shutting down and abandoning module Renderer (7)
[2017.01.06-13.13.00:063][  4]LogModuleManager: Shutting down and abandoning module Engine (6)
[2017.01.06-13.13.00:063][  4]LogModuleManager: Shutting down and abandoning module CoreUObject (5)
[2017.01.06-13.13.00:063][  4]LogModuleManager: Shutting down and abandoning module NetworkFile (4)
[2017.01.06-13.13.00:087][  4]LogModuleManager: Shutting down and abandoning module StreamingFile (3)
[2017.01.06-13.13.00:101][  4]LogModuleManager: Shutting down and abandoning module SandboxFile (2)
[2017.01.06-13.13.00:120][  4]LogModuleManager: Shutting down and abandoning module PakFile (1)
[2017.01.06-13.13.00:156][  4]LogExit: Exiting.
[2017.01.06-13.13.00:167][  4]Log file closed, 01/06/17 14:13:00
