Log file open, 01/10/17 12:49:23
LogInit:Display: Running engine for game: TheLastShelter
LogPlatformFile: Not using cached read wrapper
LogInit:Display: RandInit(726158121) SRandInit(726158135).
LogTaskGraph: Started task graph with 5 named threads and 8 total threads with 1 sets of task threads.
LogStats: Stats thread started at 0.108159
LogPluginManager: Loaded Plugin Paper2D, From L:/Unreal Engine 4/Epic Games/4.14/Engine/Plugins/2D/Paper2D/Paper2D.uplugin
LogPluginManager: Loaded Plugin LightPropagationVolume, From L:/Unreal Engine 4/Epic Games/4.14/Engine/Plugins/Blendables/LightPropagationVolume/LightPropagationVolume.uplugin
LogPluginManager: Loaded Plugin BlankPlugin, From L:/Unreal Engine 4/Epic Games/4.14/Engine/Plugins/Developer/BlankPlugin/BlankPlugin.uplugin
LogPluginManager: Loaded Plugin CodeLiteSourceCodeAccess, From L:/Unreal Engine 4/Epic Games/4.14/Engine/Plugins/Developer/CodeLiteSourceCodeAccess/CodeLiteSourceCodeAccess.uplugin
LogPluginManager: Loaded Plugin GitSourceControl, From L:/Unreal Engine 4/Epic Games/4.14/Engine/Plugins/Developer/GitSourceControl/GitSourceControl.uplugin
LogPluginManager: Loaded Plugin KDevelopSourceCodeAccess, From L:/Unreal Engine 4/Epic Games/4.14/Engine/Plugins/Developer/KDevelopSourceCodeAccess/KDevelopSourceCodeAccess.uplugin
LogPluginManager: Loaded Plugin NullSourceCodeAccess, From L:/Unreal Engine 4/Epic Games/4.14/Engine/Plugins/Developer/NullSourceCodeAccess/NullSourceCodeAccess.uplugin
LogPluginManager: Loaded Plugin OneSkyLocalizationService, From L:/Unreal Engine 4/Epic Games/4.14/Engine/Plugins/Developer/OneSkyLocalizationService/OneSkyLocalizationService.uplugin
LogPluginManager: Loaded Plugin PerforceSourceControl, From L:/Unreal Engine 4/Epic Games/4.14/Engine/Plugins/Developer/PerforceSourceControl/PerforceSourceControl.uplugin
LogPluginManager: Loaded Plugin SubversionSourceControl, From L:/Unreal Engine 4/Epic Games/4.14/Engine/Plugins/Developer/SubversionSourceControl/SubversionSourceControl.uplugin
LogPluginManager: Loaded Plugin UObjectPlugin, From L:/Unreal Engine 4/Epic Games/4.14/Engine/Plugins/Developer/UObjectPlugin/UObjectPlugin.uplugin
LogPluginManager: Loaded Plugin VisualStudioSourceCodeAccess, From L:/Unreal Engine 4/Epic Games/4.14/Engine/Plugins/Developer/VisualStudioSourceCodeAccess/VisualStudioSourceCodeAccess.uplugin
LogPluginManager: Loaded Plugin XCodeSourceCodeAccess, From L:/Unreal Engine 4/Epic Games/4.14/Engine/Plugins/Developer/XCodeSourceCodeAccess/XCodeSourceCodeAccess.uplugin
LogPluginManager: Loaded Plugin AudioCapture, From L:/Unreal Engine 4/Epic Games/4.14/Engine/Plugins/Editor/AudioCapture/AudioCapture.uplugin
LogPluginManager: Loaded Plugin EpicSurvey, From L:/Unreal Engine 4/Epic Games/4.14/Engine/Plugins/Editor/EpicSurvey/EpicSurvey.uplugin
LogPluginManager: Loaded Plugin MacGraphicsSwitching, From L:/Unreal Engine 4/Epic Games/4.14/Engine/Plugins/Editor/MacGraphicsSwitching/MacGraphicsSwitching.uplugin
LogPluginManager: Loaded Plugin MobileLauncherProfileWizard, From L:/Unreal Engine 4/Epic Games/4.14/Engine/Plugins/Editor/MobileLauncherProfileWizard/MobileLauncherProfileWizard.uplugin
LogPluginManager: Loaded Plugin PluginBrowser, From L:/Unreal Engine 4/Epic Games/4.14/Engine/Plugins/Editor/PluginBrowser/PluginBrowser.uplugin
LogPluginManager: Loaded Plugin SpeedTreeImporter, From L:/Unreal Engine 4/Epic Games/4.14/Engine/Plugins/Editor/SpeedTreeImporter/SpeedTreeImporter.uplugin
LogPluginManager: Loaded Plugin SuperSearchEditor, From L:/Unreal Engine 4/Epic Games/4.14/Engine/Plugins/Editor/SuperSearchEditor/SuperSearchEditor.uplugin
LogPluginManager: Loaded Plugin AlembicImporter, From L:/Unreal Engine 4/Epic Games/4.14/Engine/Plugins/Experimental/AlembicImporter/AlembicImporter.uplugin
LogPluginManager: Loaded Plugin BlueprintStats, From L:/Unreal Engine 4/Epic Games/4.14/Engine/Plugins/Experimental/BlueprintStats/BlueprintStats.uplugin
LogPluginManager: Loaded Plugin CharacterAI, From L:/Unreal Engine 4/Epic Games/4.14/Engine/Plugins/Experimental/CharacterAI/CharacterAI.uplugin
LogPluginManager: Loaded Plugin CodeEditor, From L:/Unreal Engine 4/Epic Games/4.14/Engine/Plugins/Experimental/CodeEditor/CodeEditor.uplugin
LogPluginManager: Loaded Plugin CodeView, From L:/Unreal Engine 4/Epic Games/4.14/Engine/Plugins/Experimental/CodeView/CodeView.uplugin
LogPluginManager: Loaded Plugin HTML5Networking, From L:/Unreal Engine 4/Epic Games/4.14/Engine/Plugins/Experimental/HTML5Networking/HTML5Networking.uplugin
LogPluginManager: Loaded Plugin OSVR, From L:/Unreal Engine 4/Epic Games/4.14/Engine/Plugins/Experimental/OSVR/OSVR.uplugin
LogPluginManager: Loaded Plugin Phya, From L:/Unreal Engine 4/Epic Games/4.14/Engine/Plugins/Experimental/Phya/Phya.uplugin
LogPluginManager: Loaded Plugin SignificanceManager, From L:/Unreal Engine 4/Epic Games/4.14/Engine/Plugins/Experimental/SignificanceManager/SignificanceManager.uplugin
LogPluginManager: Loaded Plugin SimpleHMD, From L:/Unreal Engine 4/Epic Games/4.14/Engine/Plugins/Experimental/SimpleHMD/SimpleHMD.uplugin
LogPluginManager: Loaded Plugin StereoPanorama, From L:/Unreal Engine 4/Epic Games/4.14/Engine/Plugins/Experimental/StereoPanorama/StereoPanorama.uplugin
LogPluginManager: Loaded Plugin StructBox, From L:/Unreal Engine 4/Epic Games/4.14/Engine/Plugins/Experimental/StructBox/StructBox.uplugin
LogPluginManager: Loaded Plugin AndroidMedia, From L:/Unreal Engine 4/Epic Games/4.14/Engine/Plugins/Media/AndroidMedia/AndroidMedia.uplugin
LogPluginManager: Loaded Plugin AvfMedia, From L:/Unreal Engine 4/Epic Games/4.14/Engine/Plugins/Media/AvfMedia/AvfMedia.uplugin
LogPluginManager: Loaded Plugin MediaPlayerEditor, From L:/Unreal Engine 4/Epic Games/4.14/Engine/Plugins/Media/MediaPlayerEditor/MediaPlayerEditor.uplugin
LogPluginManager: Loaded Plugin WmfMedia, From L:/Unreal Engine 4/Epic Games/4.14/Engine/Plugins/Media/WmfMedia/WmfMedia.uplugin
LogPluginManager: Loaded Plugin MessagingDebugger, From L:/Unreal Engine 4/Epic Games/4.14/Engine/Plugins/Messaging/MessagingDebugger/MessagingDebugger.uplugin
LogPluginManager: Loaded Plugin TcpMessaging, From L:/Unreal Engine 4/Epic Games/4.14/Engine/Plugins/Messaging/TcpMessaging/TcpMessaging.uplugin
LogPluginManager: Loaded Plugin UdpMessaging, From L:/Unreal Engine 4/Epic Games/4.14/Engine/Plugins/Messaging/UdpMessaging/UdpMessaging.uplugin
LogPluginManager: Loaded Plugin LevelSequenceEditor, From L:/Unreal Engine 4/Epic Games/4.14/Engine/Plugins/MovieScene/LevelSequenceEditor/LevelSequenceEditor.uplugin
LogPluginManager: Loaded Plugin MatineeToLevelSequence, From L:/Unreal Engine 4/Epic Games/4.14/Engine/Plugins/MovieScene/MatineeToLevelSequence/MatineeToLevelSequence.uplugin
LogPluginManager: Loaded Plugin NetcodeUnitTest, From L:/Unreal Engine 4/Epic Games/4.14/Engine/Plugins/NetcodeUnitTest/NetcodeUnitTest/NetcodeUnitTest.uplugin
LogPluginManager: Loaded Plugin NUTUnrealEngine4, From L:/Unreal Engine 4/Epic Games/4.14/Engine/Plugins/NetcodeUnitTest/NUTUnrealEngine4/NUTUnrealEngine4.uplugin
LogPluginManager: Loaded Plugin OnlineSubsystemGameCircle, From L:/Unreal Engine 4/Epic Games/4.14/Engine/Plugins/Online/Android/OnlineSubsystemGameCircle/OnlineSubsystemGameCircle.uplugin
LogPluginManager: Loaded Plugin OnlineSubsystemGooglePlay, From L:/Unreal Engine 4/Epic Games/4.14/Engine/Plugins/Online/Android/OnlineSubsystemGooglePlay/OnlineSubsystemGooglePlay.uplugin
LogPluginManager: Loaded Plugin OnlineSubsystemIOS, From L:/Unreal Engine 4/Epic Games/4.14/Engine/Plugins/Online/IOS/OnlineSubsystemIOS/OnlineSubsystemIOS.uplugin
LogPluginManager: Loaded Plugin OnlineFramework, From L:/Unreal Engine 4/Epic Games/4.14/Engine/Plugins/Online/OnlineFramework/OnlineFramework.uplugin
LogPluginManager: Loaded Plugin OnlineSubsystem, From L:/Unreal Engine 4/Epic Games/4.14/Engine/Plugins/Online/OnlineSubsystem/OnlineSubsystem.uplugin
LogPluginManager: Loaded Plugin OnlineSubsystemAmazon, From L:/Unreal Engine 4/Epic Games/4.14/Engine/Plugins/Online/OnlineSubsystemAmazon/OnlineSubsystemAmazon.uplugin
LogPluginManager: Loaded Plugin OnlineSubsystemFacebook, From L:/Unreal Engine 4/Epic Games/4.14/Engine/Plugins/Online/OnlineSubsystemFacebook/OnlineSubsystemFacebook.uplugin
LogPluginManager: Loaded Plugin OnlineSubsystemNull, From L:/Unreal Engine 4/Epic Games/4.14/Engine/Plugins/Online/OnlineSubsystemNull/OnlineSubsystemNull.uplugin
LogPluginManager: Loaded Plugin OnlineSubsystemOculus, From L:/Unreal Engine 4/Epic Games/4.14/Engine/Plugins/Online/OnlineSubsystemOculus/OnlineSubsystemOculus.uplugin
LogPluginManager: Loaded Plugin OnlineSubsystemSteam, From L:/Unreal Engine 4/Epic Games/4.14/Engine/Plugins/Online/OnlineSubsystemSteam/OnlineSubsystemSteam.uplugin
LogPluginManager: Loaded Plugin OnlineSubsystemUtils, From L:/Unreal Engine 4/Epic Games/4.14/Engine/Plugins/Online/OnlineSubsystemUtils/OnlineSubsystemUtils.uplugin
LogPluginManager: Loaded Plugin IOSTapJoy, From L:/Unreal Engine 4/Epic Games/4.14/Engine/Plugins/Runtime/Advertising/IOSTapJoy/IOSTapJoy.uplugin
LogPluginManager: Loaded Plugin AnalyticsBlueprintLibrary, From L:/Unreal Engine 4/Epic Games/4.14/Engine/Plugins/Runtime/Analytics/AnalyticsBlueprintLibrary/AnalyticsBlueprintLibrary.uplugin
LogPluginManager: Loaded Plugin AnalyticsMulticast, From L:/Unreal Engine 4/Epic Games/4.14/Engine/Plugins/Runtime/Analytics/AnalyticsMulticast/AnalyticsMulticast.uplugin
LogPluginManager: Loaded Plugin Apsalar, From L:/Unreal Engine 4/Epic Games/4.14/Engine/Plugins/Runtime/Analytics/Apsalar/Apsalar.uplugin
LogPluginManager: Loaded Plugin FileLogging, From L:/Unreal Engine 4/Epic Games/4.14/Engine/Plugins/Runtime/Analytics/FileLogging/FileLogging.uplugin
LogPluginManager: Loaded Plugin Flurry, From L:/Unreal Engine 4/Epic Games/4.14/Engine/Plugins/Runtime/Analytics/Flurry/Flurry.uplugin
LogPluginManager: Loaded Plugin AndroidDeviceProfileSelector, From L:/Unreal Engine 4/Epic Games/4.14/Engine/Plugins/Runtime/AndroidDeviceProfileSelector/AndroidDeviceProfileSelector.uplugin
LogPluginManager: Loaded Plugin AndroidMoviePlayer, From L:/Unreal Engine 4/Epic Games/4.14/Engine/Plugins/Runtime/AndroidMoviePlayer/AndroidMoviePlayer.uplugin
LogPluginManager: Loaded Plugin AppleMoviePlayer, From L:/Unreal Engine 4/Epic Games/4.14/Engine/Plugins/Runtime/AppleMoviePlayer/AppleMoviePlayer.uplugin
LogPluginManager: Loaded Plugin ArchVisCharacter, From L:/Unreal Engine 4/Epic Games/4.14/Engine/Plugins/Runtime/ArchVisCharacter/ArchVisCharacter.uplugin
LogPluginManager: Loaded Plugin CableComponent, From L:/Unreal Engine 4/Epic Games/4.14/Engine/Plugins/Runtime/CableComponent/CableComponent.uplugin
LogPluginManager: Loaded Plugin CustomMeshComponent, From L:/Unreal Engine 4/Epic Games/4.14/Engine/Plugins/Runtime/CustomMeshComponent/CustomMeshComponent.uplugin
LogPluginManager: Loaded Plugin ExampleDeviceProfileSelector, From L:/Unreal Engine 4/Epic Games/4.14/Engine/Plugins/Runtime/ExampleDeviceProfileSelector/ExampleDeviceProfileSelector.uplugin
LogPluginManager: Loaded Plugin GearVR, From L:/Unreal Engine 4/Epic Games/4.14/Engine/Plugins/Runtime/GearVR/GearVR.uplugin
LogPluginManager: Loaded Plugin GoogleVRController, From L:/Unreal Engine 4/Epic Games/4.14/Engine/Plugins/Runtime/GoogleVR/GoogleVRController/GoogleVRController.uplugin
LogPluginManager: Loaded Plugin GoogleVRHMD, From L:/Unreal Engine 4/Epic Games/4.14/Engine/Plugins/Runtime/GoogleVR/GoogleVRHMD/GoogleVRHMD.uplugin
LogPluginManager: Loaded Plugin IOSDeviceProfileSelector, From L:/Unreal Engine 4/Epic Games/4.14/Engine/Plugins/Runtime/IOSDeviceProfileSelector/IOSDeviceProfileSelector.uplugin
LogPluginManager: Loaded Plugin LeapMotion, From L:/Unreal Engine 4/Epic Games/4.14/Engine/Plugins/Runtime/LeapMotion/LeapMotion.uplugin
LogPluginManager: Loaded Plugin LinuxDeviceProfileSelector, From L:/Unreal Engine 4/Epic Games/4.14/Engine/Plugins/Runtime/LinuxDeviceProfileSelector/LinuxDeviceProfileSelector.uplugin
LogPluginManager: Loaded Plugin MIDIDevice, From L:/Unreal Engine 4/Epic Games/4.14/Engine/Plugins/Runtime/MIDIDevice/MIDIDevice.uplugin
LogPluginManager: Loaded Plugin MobilePatchingUtils, From L:/Unreal Engine 4/Epic Games/4.14/Engine/Plugins/Runtime/MobilePatchingUtils/MobilePatchingUtils.uplugin
LogPluginManager: Loaded Plugin Ansel, From L:/Unreal Engine 4/Epic Games/4.14/Engine/Plugins/Runtime/Nvidia/Ansel/Ansel.uplugin
LogPluginManager: Loaded Plugin OculusAudio, From L:/Unreal Engine 4/Epic Games/4.14/Engine/Plugins/Runtime/OculusAudio/OculusAudio.uplugin
LogPluginManager: Loaded Plugin OculusInput, From L:/Unreal Engine 4/Epic Games/4.14/Engine/Plugins/Runtime/OculusInput/OculusInput.uplugin
LogPluginManager: Loaded Plugin OculusLibrary, From L:/Unreal Engine 4/Epic Games/4.14/Engine/Plugins/Runtime/OculusLibrary/OculusLibrary.uplugin
LogPluginManager: Loaded Plugin OculusRift, From L:/Unreal Engine 4/Epic Games/4.14/Engine/Plugins/Runtime/OculusRift/OculusRift.uplugin
LogPluginManager: Loaded Plugin Oodle, From L:/Unreal Engine 4/Epic Games/4.14/Engine/Plugins/Runtime/PacketHandlers/CompressionComponents/Oodle/Oodle.uplugin
LogPluginManager: Loaded Plugin ProceduralMeshComponent, From L:/Unreal Engine 4/Epic Games/4.14/Engine/Plugins/Runtime/ProceduralMeshComponent/ProceduralMeshComponent.uplugin
LogPluginManager: Loaded Plugin SoundMod, From L:/Unreal Engine 4/Epic Games/4.14/Engine/Plugins/Runtime/SoundMod/SoundMod.uplugin
LogPluginManager: Loaded Plugin SoundVisualizations, From L:/Unreal Engine 4/Epic Games/4.14/Engine/Plugins/Runtime/SoundVisualizations/SoundVisualizations.uplugin
LogPluginManager: Loaded Plugin SteamController, From L:/Unreal Engine 4/Epic Games/4.14/Engine/Plugins/Runtime/Steam/SteamController/SteamController.uplugin
LogPluginManager: Loaded Plugin SteamVR, From L:/Unreal Engine 4/Epic Games/4.14/Engine/Plugins/Runtime/Steam/SteamVR/SteamVR.uplugin
LogPluginManager: Loaded Plugin WebBrowserWidget, From L:/Unreal Engine 4/Epic Games/4.14/Engine/Plugins/Runtime/WebBrowserWidget/WebBrowserWidget.uplugin
LogPluginManager: Loaded Plugin WindowsDeviceProfileSelector, From L:/Unreal Engine 4/Epic Games/4.14/Engine/Plugins/Runtime/WindowsDeviceProfileSelector/WindowsDeviceProfileSelector.uplugin
LogPluginManager: Loaded Plugin WindowsMoviePlayer, From L:/Unreal Engine 4/Epic Games/4.14/Engine/Plugins/Runtime/WindowsMoviePlayer/WindowsMoviePlayer.uplugin
LogPluginManager: Loaded Plugin ScriptPlugin, From L:/Unreal Engine 4/Epic Games/4.14/Engine/Plugins/ScriptPlugin/ScriptPlugin.uplugin
LogPluginManager: Loaded Plugin SlateRemote, From L:/Unreal Engine 4/Epic Games/4.14/Engine/Plugins/Slate/SlateRemote/SlateRemote.uplugin
LogPluginManager: Loaded Plugin EditorTests, From L:/Unreal Engine 4/Epic Games/4.14/Engine/Plugins/Tests/EditorTests/EditorTests.uplugin
LogPluginManager: Loaded Plugin FbxAutomationTestBuilder, From L:/Unreal Engine 4/Epic Games/4.14/Engine/Plugins/Tests/FbxAutomationTestBuilder/FbxAutomationTestBuilder.uplugin
LogPluginManager: Loaded Plugin FunctionalTestingEditor, From L:/Unreal Engine 4/Epic Games/4.14/Engine/Plugins/Tests/FunctionalTestingEditor/FunctionalTestingEditor.uplugin
LogPluginManager: Loaded Plugin RuntimeTests, From L:/Unreal Engine 4/Epic Games/4.14/Engine/Plugins/Tests/RuntimeTests/RuntimeTests.uplugin
LogPluginManager: Loaded Plugin ScreenshotTools, From L:/Unreal Engine 4/Epic Games/4.14/Engine/Plugins/Tests/ScreenshotTools/ScreenshotTools.uplugin
LogPluginManager: Loaded Plugin VictoryPlugin, From L:/Unreal Engine 4/Epic Games/4.14/Engine/Plugins/VictoryPlugin/VictoryPlugin.uplugin
LogInit: Using libcurl 7.47.1
LogInit:  - built for x86_64-pc-win32
LogInit:  - supports SSL with OpenSSL/1.0.2g
LogInit:  - supports HTTP deflate (compression) using libz 1.2.8
LogInit:  - other features:
LogInit:      CURL_VERSION_SSL
LogInit:      CURL_VERSION_LIBZ
LogInit:      CURL_VERSION_IPV6
LogInit:      CURL_VERSION_ASYNCHDNS
LogInit:      CURL_VERSION_LARGEFILE
LogInit:      CURL_VERSION_IDN
LogInit:  CurlRequestOptions (configurable via config and command line):
LogInit:  - bVerifyPeer = false  - Libcurl will NOT verify peer certificate
LogInit:  - bUseHttpProxy = false  - Libcurl will NOT use HTTP proxy
LogInit:  - bDontReuseConnections = false  - Libcurl will reuse connections
LogInit:  - CertBundlePath = nullptr  - Libcurl will use whatever was configured at build time.
LogInit: Build: ++UE4+Release-4.14-CL-3224400
LogInit: Engine Version: 4.14.1-3224400+++UE4+Release-4.14
LogInit: Compatible Engine Version: 4.14.0-3195953+++UE4+Release-4.14
LogInit: Net CL: 3195953
LogDevObjectVersion: Number of dev versions registered: 13
LogDevObjectVersion:   Dev-Blueprints (B0D832E4-1F89-4F0D-ACCF-7EB736FD4AA2): 7
LogDevObjectVersion:   Dev-Build (E1C64328-A22C-4D53-A36C-8E866417BD8C): 0
LogDevObjectVersion:   Dev-Core (375EC13C-06E4-48FB-B500-84F0262A717E): 1
LogDevObjectVersion:   Dev-Editor (E4B068ED-F494-42E9-A231-DA0B2E46BB41): 8
LogDevObjectVersion:   Dev-Framework (CFFC743F-43B0-4480-9391-14DF171D2073): 17
LogDevObjectVersion:   Dev-Mobile (B02B49B5-BB20-44E9-A304-32B752E40360): 0
LogDevObjectVersion:   Dev-Networking (A4E4105C-59A1-49B5-A7C5-40C4547EDFEE): 0
LogDevObjectVersion:   Dev-Online (39C831C9-5AE6-47DC-9A44-9C173E1C8E7C): 0
LogDevObjectVersion:   Dev-Physics (78F01B33-EBEA-4F98-B9B4-84EACCB95AA2): 0
LogDevObjectVersion:   Dev-Platform (6631380F-2D4D-43E0-8009-CF276956A95A): 0
LogDevObjectVersion:   Dev-Rendering (12F88B9F-8875-4AFC-A67C-D90C383ABD29): 12
LogDevObjectVersion:   Dev-Sequencer (7B5AE74C-D270-4C10-A958-57980B212A5A): 1
LogDevObjectVersion:   Dev-VR (D7296918-1DD6-4BDD-9DE2-64A83CC13884): 0
LogInit: Compiled (64-bit): Dec  7 2016 02:14:32
LogInit: Compiled with Visual C++: 19.00.23026.00
LogInit: Build Configuration: Development
LogInit: Branch Name: ++UE4+Release-4.14
LogInit: Command line: -EpicPortal 
LogInit: Base directory: L:/Unreal Engine 4/Epic Games/4.14/Engine/Binaries/Win64/
LogInit: Installed Engine Build: 1
LogInit: Presizing for max 8388607 objects, including 0 objects not considered by GC, pre-allocating 0 bytes for permanent pool.
LogInit: Object subsystem initialized
[2017.01.10-11.49.23:629][  0]LogInit: Selected Device Profile: [Windows]
[2017.01.10-11.49.23:629][  0]LogInit: Applying CVar settings loaded from the selected device profile: [Windows]
[2017.01.10-11.49.23:641][  0]LogInit: Computer: NEN-PC
[2017.01.10-11.49.23:641][  0]LogInit: User: NeN
[2017.01.10-11.49.23:641][  0]LogInit: CPU Page size=65536, Cores=4
[2017.01.10-11.49.23:641][  0]LogInit: High frequency timer resolution =14.318180 MHz
[2017.01.10-11.49.23:641][  0]LogMemory: Memory total: Physical=8.0GB (8GB approx)
[2017.01.10-11.49.23:641][  0]LogMemory: Platform Memory Stats for Windows
[2017.01.10-11.49.23:641][  0]LogMemory: Process Physical Memory: 263.83 MB used, 263.83 MB peak
[2017.01.10-11.49.23:641][  0]LogMemory: Process Virtual Memory: 262.59 MB used, 262.59 MB peak
[2017.01.10-11.49.23:641][  0]LogMemory: Physical Memory: 5953.12 MB used,  2200.10 MB free, 8153.22 MB total
[2017.01.10-11.49.23:641][  0]LogMemory: Virtual Memory: 675.63 MB used,  2200.10 MB free, 134217728.00 MB total
[2017.01.10-11.49.23:671][  0]LogInit: Overriding culture en with editor configuration.
[2017.01.10-11.49.24:746][  0]LogD3D11RHI: D3D11 adapters:
[2017.01.10-11.49.24:774][  0]LogD3D11RHI:    0. 'AMD Radeon R9 200 Series' (Feature Level 11_0)
[2017.01.10-11.49.24:774][  0]LogD3D11RHI:       4073/0/4076 MB DedicatedVideo/DedicatedSystem/SharedSystem, Outputs:1, VendorId:0x1002
[2017.01.10-11.49.24:777][  0]LogD3D11RHI:    1. 'Microsoft Basic Render Driver' (Feature Level 11_0)
[2017.01.10-11.49.24:777][  0]LogD3D11RHI:       0/0/4076 MB DedicatedVideo/DedicatedSystem/SharedSystem, Outputs:0, VendorId:0x1414
[2017.01.10-11.49.24:777][  0]LogD3D11RHI: Chosen D3D11 Adapter: 0
[2017.01.10-11.49.24:786][  0]LogD3D11RHI: Creating new Direct3DDevice
[2017.01.10-11.49.24:786][  0]LogD3D11RHI:     GPU DeviceId: 0x67b1 (for the marketing name, search the web for "GPU Device Id")
[2017.01.10-11.49.24:786][  0]LogWindows: EnumDisplayDevices:
[2017.01.10-11.49.24:786][  0]LogWindows:    0. 'AMD Radeon R9 200 Series' (P:1 D:1)
[2017.01.10-11.49.24:787][  0]LogWindows:    1. 'AMD Radeon R9 200 Series' (P:0 D:0)
[2017.01.10-11.49.24:787][  0]LogWindows:    2. 'AMD Radeon R9 200 Series' (P:0 D:0)
[2017.01.10-11.49.24:787][  0]LogWindows:    3. 'AMD Radeon R9 200 Series' (P:0 D:0)
[2017.01.10-11.49.24:788][  0]LogWindows:    4. 'AMD Radeon R9 200 Series' (P:0 D:0)
[2017.01.10-11.49.24:788][  0]LogWindows:    5. 'AMD Radeon R9 200 Series' (P:0 D:0)
[2017.01.10-11.49.24:788][  0]LogWindows: DebugString: FoundDriverCount:6 
[2017.01.10-11.49.24:788][  0]LogD3D11RHI:     Adapter Name: AMD Radeon R9 200 Series
[2017.01.10-11.49.24:788][  0]LogD3D11RHI:   Driver Version: Crimson ReLive 16.12.2 (internal:21.19.407.0, unified:21.19.407.0)
[2017.01.10-11.49.24:788][  0]LogD3D11RHI:      Driver Date: 12-19-2016
[2017.01.10-11.49.24:788][  0]LogRHI: Texture pool is 1361 MB (70% of 1945 MB)
[2017.01.10-11.49.24:805][  0]LogD3D11RHI: Async texture creation enabled
[2017.01.10-11.49.24:823][  0]LogD3D11RHI: GPU Timing Frequency: 27.000000 (Debug: 2 1)
[2017.01.10-11.49.24:825][  0]LogShaderCompilers: Guid format shader working directory is 1 characters bigger than the processId version (G:/Mis documentos/GitHub/PGV/TheLastShelter/Intermediate/Shaders/WorkingDirectory/5788/).
[2017.01.10-11.49.24:825][  0]LogShaderCompilers: Cleaned the shader compiler working directory 'C:/Users/NeN/AppData/Local/Temp/UnrealShaderWorkingDir/79A17897456C113DCBF4FAB7D2ACE805/'.
[2017.01.10-11.49.24:826][  0]LogShaderCompilers:Display: Using Local Shader Compiler.
[2017.01.10-11.49.26:707][  0]LogTemp:Display: Loaded TP AllDesktopTargetPlatform
[2017.01.10-11.49.26:787][  0]LogTemp:Display: Loaded TP MacClientTargetPlatform
[2017.01.10-11.49.26:867][  0]LogTemp:Display: Loaded TP MacNoEditorTargetPlatform
[2017.01.10-11.49.26:948][  0]LogTemp:Display: Loaded TP MacServerTargetPlatform
[2017.01.10-11.49.27:029][  0]LogTemp:Display: Loaded TP MacTargetPlatform
[2017.01.10-11.49.27:110][  0]LogTemp:Display: Loaded TP WindowsClientTargetPlatform
[2017.01.10-11.49.27:191][  0]LogTemp:Display: Loaded TP WindowsNoEditorTargetPlatform
[2017.01.10-11.49.27:272][  0]LogTemp:Display: Loaded TP WindowsServerTargetPlatform
[2017.01.10-11.49.27:339][  0]LogTemp:Display: Loaded TP WindowsTargetPlatform
[2017.01.10-11.49.27:417][  0]LogTemp:Display: Loaded TP AndroidTargetPlatform
[2017.01.10-11.49.27:495][  0]LogTemp:Display: Loaded TP Android_ASTCTargetPlatform
[2017.01.10-11.49.27:572][  0]LogTemp:Display: Loaded TP Android_ATCTargetPlatform
[2017.01.10-11.49.27:649][  0]LogTemp:Display: Loaded TP Android_DXTTargetPlatform
[2017.01.10-11.49.27:727][  0]LogTemp:Display: Loaded TP Android_ETC1TargetPlatform
[2017.01.10-11.49.27:805][  0]LogTemp:Display: Loaded TP Android_ETC2TargetPlatform
[2017.01.10-11.49.27:961][  0]LogTemp:Display: Loaded TP Android_MultiTargetPlatform
[2017.01.10-11.49.27:961][  0]LogTemp:Display: Loaded TP Android_PVRTCTargetPlatform
[2017.01.10-11.49.28:014][  0]LogTemp:Display: Loaded TP HTML5TargetPlatform
[2017.01.10-11.49.28:134][  0]LogTemp:Display: Loaded TP IOSTargetPlatform
[2017.01.10-11.49.28:183][  0]LogTemp:Display: Loaded TP TVOSTargetPlatform
[2017.01.10-11.49.28:260][  0]LogTemp:Display: Loaded TP LinuxClientTargetPlatform
[2017.01.10-11.49.28:337][  0]LogTemp:Display: Loaded TP LinuxNoEditorTargetPlatform
[2017.01.10-11.49.28:414][  0]LogTemp:Display: Loaded TP LinuxServerTargetPlatform
[2017.01.10-11.49.28:494][  0]LogTemp:Display: Loaded TP LinuxTargetPlatform
[2017.01.10-11.49.28:494][  0]LogTargetPlatformManager:Display: Building Assets For Windows
[2017.01.10-11.49.29:051][  0]LogDerivedDataCache:Display: Max Cache Size: 512 MB
[2017.01.10-11.49.29:158][  0]LogDerivedDataCache: Loaded boot cache 0.11s 50MB C:/Users/NeN/AppData/Local/UnrealEngine/4.14/DerivedDataCache/Boot.ddc.
[2017.01.10-11.49.29:159][  0]LogDerivedDataCache:Display: Loaded Boot cache: C:/Users/NeN/AppData/Local/UnrealEngine/4.14/DerivedDataCache/Boot.ddc
[2017.01.10-11.49.29:159][  0]LogDerivedDataCache: FDerivedDataBackendGraph:  Pak pak cache file G:/Mis documentos/GitHub/PGV/TheLastShelter/DerivedDataCache/DDC.ddp not found, will not use a pak cache.
[2017.01.10-11.49.29:159][  0]LogDerivedDataCache: Unable to find inner node Pak for hierarchical cache Hierarchy.
[2017.01.10-11.49.29:159][  0]LogDerivedDataCache: FDerivedDataBackendGraph:  CompressedPak pak cache file G:/Mis documentos/GitHub/PGV/TheLastShelter/DerivedDataCache/Compressed.ddp not found, will not use a pak cache.
[2017.01.10-11.49.29:159][  0]LogDerivedDataCache: Unable to find inner node CompressedPak for hierarchical cache Hierarchy.
[2017.01.10-11.49.29:188][  0]LogDerivedDataCache:Display: Pak cache opened for reading ../../../Engine/DerivedDataCache/Compressed.ddp.
[2017.01.10-11.49.29:201][  0]LogDerivedDataCache: Using Local data cache path C:/Users/NeN/AppData/Local/UnrealEngine/Common/DerivedDataCache: Writable
[2017.01.10-11.49.29:530][  0]LogInit: Selected Device Profile: [Windows]
[2017.01.10-11.49.29:536][  0]LogContentStreaming: Texture pool size is 0.00 MB
[2017.01.10-11.49.29:827][  0]LogMeshUtilities: Using QuadricMeshReduction for automatic static mesh reduction
[2017.01.10-11.49.29:888][  0]LogSimplygon: Simplygon DLL not present - disabling.
[2017.01.10-11.49.29:957][  0]LogMeshUtilities: Using SimplygonSwarm for distributed automatic mesh merging
[2017.01.10-11.49.29:957][  0]LogMeshUtilities: No automatic skeletal mesh reduction module available
[2017.01.10-11.49.29:957][  0]LogMeshUtilities: No automatic mesh merging module available
[2017.01.10-11.49.30:748][  0]LogNetVersion: GetLocalNetworkVersion: CL: 3195953, ProjectName: thelastshelter, ProjectVersion: , EngineNetworkVersion: 2, GameNetworkVersion: 0, NetworkChecksum: 306971164
[2017.01.10-11.49.30:817][  0]LogAssetRegistry: FAssetRegistry took 0.0213 seconds to start up
[2017.01.10-11.49.30:863][  0]LogPackageLocalizationCache: Processed 3 localized package path(s) for 1 prioritized culture(s) in 0.016833 seconds
[2017.01.10-11.49.30:874][  0]LogUObjectArray: 31946 objects as part of root set at end of initial load.
[2017.01.10-11.49.30:874][  0]LogUObjectAllocator: 6935840 out of 0 bytes used by permanent object pool.
[2017.01.10-11.49.30:874][  0]LogUObjectArray: CloseDisregardForGC: 0/0 objects in disregard for GC pool
[2017.01.10-11.49.30:958][  0]LogInit: WinSock: version 1.1 (2.2), MaxSocks=32767, MaxUdp=65467
[2017.01.10-11.49.31:983][  0]LogSlate: Using Freetype 2.6.0
[2017.01.10-11.49.31:984][  0]LogSlate: SlateFontCache - WITH_FREETYPE: 1, WITH_HARFBUZZ: 1
[2017.01.10-11.49.31:985][  0]LogSlate: SlateFontCache - WITH_FREETYPE: 1, WITH_HARFBUZZ: 1
[2017.01.10-11.49.33:590][  0]LogTcpMessaging: Initializing TcpMessaging bridge
[2017.01.10-11.49.33:643][  0]LogUdpMessaging: Initializing bridge on interface 0.0.0.0:0 to multicast group 230.0.0.1:6666.
[2017.01.10-11.49.34:061][  0]LogMaterial: Uniform references updated for custom material expression Custom.
[2017.01.10-11.49.34:661][  0]SourceControl: Info Source control is disabled
[2017.01.10-11.49.34:663][  0]SourceControl: Info Source control is disabled
[2017.01.10-11.49.34:731][  0]SourceControl: Info Source control is disabled
[2017.01.10-11.49.34:798][  0]SourceControl: Info Source control is disabled
[2017.01.10-11.49.36:608][  0]LogEngine: Initializing Engine...
[2017.01.10-11.49.36:609][  0]LogHMD: Failed to initialize OpenVR with code 110
[2017.01.10-11.49.36:950][  0]LogAIModule: Creating AISystem for world Untitled
[2017.01.10-11.49.36:982][  0]LogInit: XAudio2 using 'Altavoces (Realtek High Definition Audio)' : 6 channels at 48 kHz using 32 bits per sample (channel mask 0x3f)
[2017.01.10-11.49.37:002][  0]LogInit: FAudioDevice initialized.
[2017.01.10-11.49.37:047][  0]LogDerivedDataCache: Saved boot cache 0.05s 50MB C:/Users/NeN/AppData/Local/UnrealEngine/4.14/DerivedDataCache/Boot.ddc.
[2017.01.10-11.49.37:064][  0]LogInit: Texture streaming: Enabled
[2017.01.10-11.49.37:323][  0]LogInit: Transaction tracking system initialized
[2017.01.10-11.49.37:806][  0]BlueprintLog: New page: Editor Load
[2017.01.10-11.49.39:028][  0]LocalizationService: Info Localization service is disabled
[2017.01.10-11.49.39:937][  0]LogConsoleResponse:Display: 
[2017.01.10-11.49.40:128][  0]LogCook:Display: Max memory allowance for cook 16384mb min free memory 0mb
[2017.01.10-11.49.40:128][  0]LogCook:Display: Mobile HDR setting 1
[2017.01.10-11.49.41:051][  0]LogFileCache: Scanning file cache for directory 'G:/Mis documentos/GitHub/PGV/TheLastShelter/Content/' took 0.01s
[2017.01.10-11.49.41:474][  0]SourceControl: Info Source control is disabled
[2017.01.10-11.49.41:474][  0]Cmd: MAP LOAD FILE="../../../Engine/Content/Maps/Templates/Template_Default.umap" TEMPLATE=1 SHOWPROGRESS=1 FEATURELEVEL=3
[2017.01.10-11.49.41:475][  0]LightingResults: New page: Lighting Build
[2017.01.10-11.49.41:531][  0]MapCheck: New page: Map Check
[2017.01.10-11.49.41:531][  0]LightingResults: New page: Lighting Build
[2017.01.10-11.49.41:870][  0]LogAIModule: Creating AISystem for world Untitled_1
[2017.01.10-11.49.41:872][  0]LogActorComponent: RegisterComponentWithWorld: (/Temp/Untitled_1.Untitled_1:PersistentLevel.WorldSettings_1.StaticMeshComponent0) Trying to register component with IsPendingKill() == true. Aborting.
[2017.01.10-11.49.41:880][  0]LogEditorServer: Finished looking for orphan Actors (0.000 secs)
[2017.01.10-11.49.41:885][  0]Cmd: MAP CHECKDEP NOCLEARLOG
[2017.01.10-11.49.41:975][  0]MapCheck: Info Map check complete: 0 Error(s), 0 Warning(s), took 89.761ms to complete.
[2017.01.10-11.49.41:975][  0]LogFileHelpers: Loading map 'Template_Default' took 0.501
[2017.01.10-11.49.42:043][  0]LogWindowsTextInputMethodSystem:Display: IME system now deactivated.
[2017.01.10-11.49.42:150][  0]LogCollectionManager: Loaded 0 collections in 0.003304 seconds
[2017.01.10-11.49.42:245][  0]LogFileCache: Scanning file cache for directory 'G:/Mis documentos/GitHub/PGV/TheLastShelter/Saved/Collections/' took 0.01s
[2017.01.10-11.49.42:245][  0]LogFileCache: Scanning file cache for directory 'G:/Mis documentos/GitHub/PGV/TheLastShelter/Content/Developers/NeN/Collections/' took 0.01s
[2017.01.10-11.49.42:245][  0]LogFileCache: Scanning file cache for directory 'G:/Mis documentos/GitHub/PGV/TheLastShelter/Content/Collections/' took 0.01s
[2017.01.10-11.49.42:245][  0]LogCollectionManager: Rebuilt the GUID cache for 0 collections in 0.000003 seconds
[2017.01.10-11.49.42:259][  0]LogContentBrowser: Native class hierarchy populated in 0.0141 seconds. Added 2190 classes and 428 folders.
[2017.01.10-11.49.42:320][  0]LogStats: UGameplayTagsManager::ConstructGameplayTagTree: Construct from data asset -  0.000 s
[2017.01.10-11.49.42:320][  0]LogStats: UGameplayTagsManager::ConstructGameplayTagTree: GameplayTagTreeChangedEvent.Broadcast -  0.000 s
[2017.01.10-11.49.42:321][  0]LogContentBrowser: Native class hierarchy updated for 'GameplayTags' in 0.0008 seconds. Added 13 classes and 0 folders.
[2017.01.10-11.49.42:407][  0]LogContentBrowser: Native class hierarchy updated for 'WidgetCarousel' in 0.0007 seconds. Added 0 classes and 0 folders.
[2017.01.10-11.49.42:473][  0]LogContentBrowser: Native class hierarchy updated for 'AddContentDialog' in 0.0007 seconds. Added 0 classes and 0 folders.
[2017.01.10-11.49.42:534][  0]LogContentBrowser: Native class hierarchy updated for 'SceneOutliner' in 0.0008 seconds. Added 1 classes and 2 folders.
[2017.01.10-11.49.42:643][  0]LogCrashTracker: Crashtracker disabled due to settings.
[2017.01.10-11.49.42:651][  0]LogUObjectGlobals:Warning: Failed to find object 'Class None.'
[2017.01.10-11.49.42:734][  0]LogContentBrowser: Native class hierarchy updated for 'HierarchicalLODOutliner' in 0.0008 seconds. Added 1 classes and 2 folders.
[2017.01.10-11.49.42:734][  0]LogLoad: (Engine Initialization) Total time: 21.28 seconds
[2017.01.10-11.49.42:734][  0]LogLoad: (Engine Initialization) Total Blueprint compile time: 0.12 seconds
[2017.01.10-11.49.42:734][  0]LogExternalProfiler: Found external profiler: VSPerf
[2017.01.10-11.49.42:734][  0]LogExternalProfiler: Using external profiler: VSPerf
[2017.01.10-11.49.42:744][  0]LogOcInput: OculusInput pre-init called
[2017.01.10-11.49.42:762][  0]LogContentStreaming: Texture pool size now 1000 MB
[2017.01.10-11.49.42:993][  0]LogRenderer: Reallocating scene render targets to support 1208x576 NumSamples 1 (Frame:2).
[2017.01.10-11.49.43:226][  2]LogAssetRegistry: Asset discovery search completed in 12.4309 seconds
[2017.01.10-11.49.43:226][  2]LogCollectionManager: Rebuilt the object cache for 0 collections in 0.000002 seconds (found 0 objects)
[2017.01.10-11.49.43:226][  2]LogCollectionManager: Fixed up redirectors for 0 collections in 0.000028 seconds (updated 0 objects)
[2017.01.10-11.49.54:767][193]LogAIModule: Creating AISystem for world MainMenuLevel
[2017.01.10-11.49.54:819][193]Cmd: MAP LOAD FILE="G:/Mis documentos/GitHub/PGV/TheLastShelter/Content/Maps/MainMenuLevel.umap" TEMPLATE=0 SHOWPROGRESS=1 FEATURELEVEL=3
[2017.01.10-11.49.54:819][193]LightingResults: New page: Lighting Build
[2017.01.10-11.49.54:820][193]LoadErrors: New page: Loading map: MainMenuLevel.umap
[2017.01.10-11.49.54:821][193]MapCheck: New page: Map Check
[2017.01.10-11.49.54:821][193]LightingResults: New page: Lighting Build
[2017.01.10-11.49.54:950][193]LogEditorServer: Finished looking for orphan Actors (0.000 secs)
[2017.01.10-11.49.55:005][193]Cmd: MAP CHECKDEP NOCLEARLOG
[2017.01.10-11.49.55:095][193]MapCheck: Info Map check complete: 0 Error(s), 0 Warning(s), took 90.448ms to complete.
[2017.01.10-11.49.55:095][193]LogFileHelpers: Loading map 'MainMenuLevel' took 0.290
[2017.01.10-11.49.57:997][457]LogTemp: Repeting last play command: Selected Viewport
[2017.01.10-11.49.58:011][457]LogBlueprintUserMessages: Early PlayInEditor Detection: Level '/Game/Maps/MainMenuLevel.MainMenuLevel:PersistentLevel' has LevelScriptBlueprint '/Game/Maps/MainMenuLevel.MainMenuLevel:PersistentLevel.MainMenuLevel' with GeneratedClass '/Game/Maps/MainMenuLevel.MainMenuLevel_C' with ClassGeneratedBy '/Game/Maps/MainMenuLevel.MainMenuLevel:PersistentLevel.MainMenuLevel'
[2017.01.10-11.49.58:011][457]LogPlayLevel: PlayLevel: No blueprints needed recompiling
[2017.01.10-11.49.58:011][457]PIE: New page: PIE session: MainMenuLevel (Jan 10, 2017, 1:49:58 PM)
[2017.01.10-11.49.58:012][457]LogPlayLevel: Creating play world package: /Game/Maps/UEDPIE_0_MainMenuLevel
[2017.01.10-11.49.58:039][457]LogPlayLevel: PIE: StaticDuplicateObject took: (0.027639s)
[2017.01.10-11.49.58:040][457]LogAIModule: Creating AISystem for world MainMenuLevel
[2017.01.10-11.49.58:040][457]LogPlayLevel: PIE: World Init took: (0.000941s)
[2017.01.10-11.49.58:041][457]LogPlayLevel: PIE: Created PIE world by copying editor world from /Game/Maps/MainMenuLevel.MainMenuLevel to /Game/Maps/UEDPIE_0_MainMenuLevel.MainMenuLevel (0.028942s)
[2017.01.10-11.49.58:084][457]LogInit: XAudio2 using 'Altavoces (Realtek High Definition Audio)' : 6 channels at 48 kHz using 32 bits per sample (channel mask 0x3f)
[2017.01.10-11.49.58:099][457]LogInit: FAudioDevice initialized.
[2017.01.10-11.49.58:160][457]LogLoad: Game class is 'GameModeBase'
[2017.01.10-11.49.58:164][457]LogWorld: Bringing World /Game/Maps/UEDPIE_0_MainMenuLevel.MainMenuLevel up for play (max tick rate 0) at 2017.01.10-12.49.58
[2017.01.10-11.49.58:173][457]LogWorld: Bringing up level for play took: 0.009787
[2017.01.10-11.49.58:236][457]LogContentBrowser: Native class hierarchy updated for 'MovieSceneCapture' in 0.0008 seconds. Added 11 classes and 0 folders.
[2017.01.10-11.49.58:300][457]PIE: Info Play in editor start time for /Game/Maps/UEDPIE_0_MainMenuLevel 1.188
[2017.01.10-11.49.58:300][457]LogBlueprintUserMessages: Late PlayInEditor Detection: Level '/Game/Maps/MainMenuLevel.MainMenuLevel:PersistentLevel' has LevelScriptBlueprint '/Game/Maps/MainMenuLevel.MainMenuLevel:PersistentLevel.MainMenuLevel' with GeneratedClass '/Game/Maps/MainMenuLevel.MainMenuLevel_C' with ClassGeneratedBy '/Game/Maps/MainMenuLevel.MainMenuLevel:PersistentLevel.MainMenuLevel'
[2017.01.10-11.50.00:661][651]LogBlueprintUserMessages: Early EndPlayMap Detection: Level '/Game/Maps/MainMenuLevel.MainMenuLevel:PersistentLevel' has LevelScriptBlueprint '/Game/Maps/MainMenuLevel.MainMenuLevel:PersistentLevel.MainMenuLevel' with GeneratedClass '/Game/Maps/MainMenuLevel.MainMenuLevel_C' with ClassGeneratedBy '/Game/Maps/MainMenuLevel.MainMenuLevel:PersistentLevel.MainMenuLevel'
[2017.01.10-11.50.00:703][651]LogBlueprintUserMessages: Late EndPlayMap Detection: Level '/Game/Maps/MainMenuLevel.MainMenuLevel:PersistentLevel' has LevelScriptBlueprint '/Game/Maps/MainMenuLevel.MainMenuLevel:PersistentLevel.MainMenuLevel' with GeneratedClass '/Game/Maps/MainMenuLevel.MainMenuLevel_C' with ClassGeneratedBy '/Game/Maps/MainMenuLevel.MainMenuLevel:PersistentLevel.MainMenuLevel'
[2017.01.10-11.50.02:424][840]LogTemp: Repeting last play command: Selected Viewport
[2017.01.10-11.50.02:437][840]LogBlueprintUserMessages: Early PlayInEditor Detection: Level '/Game/Maps/MainMenuLevel.MainMenuLevel:PersistentLevel' has LevelScriptBlueprint '/Game/Maps/MainMenuLevel.MainMenuLevel:PersistentLevel.MainMenuLevel' with GeneratedClass '/Game/Maps/MainMenuLevel.MainMenuLevel_C' with ClassGeneratedBy '/Game/Maps/MainMenuLevel.MainMenuLevel:PersistentLevel.MainMenuLevel'
[2017.01.10-11.50.02:437][840]LogPlayLevel: PlayLevel: No blueprints needed recompiling
[2017.01.10-11.50.02:438][840]PIE: New page: PIE session: MainMenuLevel (Jan 10, 2017, 1:50:02 PM)
[2017.01.10-11.50.02:438][840]LogPlayLevel: Creating play world package: /Game/Maps/UEDPIE_0_MainMenuLevel
[2017.01.10-11.50.02:440][840]LogPlayLevel: PIE: StaticDuplicateObject took: (0.001861s)
[2017.01.10-11.50.02:441][840]LogAIModule: Creating AISystem for world MainMenuLevel
[2017.01.10-11.50.02:441][840]LogPlayLevel: PIE: World Init took: (0.000966s)
[2017.01.10-11.50.02:441][840]LogPlayLevel: PIE: Created PIE world by copying editor world from /Game/Maps/MainMenuLevel.MainMenuLevel to /Game/Maps/UEDPIE_0_MainMenuLevel.MainMenuLevel (0.003154s)
[2017.01.10-11.50.02:479][840]LogInit: XAudio2 using 'Altavoces (Realtek High Definition Audio)' : 6 channels at 48 kHz using 32 bits per sample (channel mask 0x3f)
[2017.01.10-11.50.02:493][840]LogInit: FAudioDevice initialized.
[2017.01.10-11.50.02:527][840]LogLoad: Game class is 'GameModeBase'
[2017.01.10-11.50.02:531][840]LogWorld: Bringing World /Game/Maps/UEDPIE_0_MainMenuLevel.MainMenuLevel up for play (max tick rate 0) at 2017.01.10-12.50.02
[2017.01.10-11.50.02:531][840]LogWorld: Bringing up level for play took: 0.001349
[2017.01.10-11.50.02:534][840]PIE: Info Play in editor start time for /Game/Maps/UEDPIE_0_MainMenuLevel -0.578
[2017.01.10-11.50.02:534][840]LogBlueprintUserMessages: Late PlayInEditor Detection: Level '/Game/Maps/MainMenuLevel.MainMenuLevel:PersistentLevel' has LevelScriptBlueprint '/Game/Maps/MainMenuLevel.MainMenuLevel:PersistentLevel.MainMenuLevel' with GeneratedClass '/Game/Maps/MainMenuLevel.MainMenuLevel_C' with ClassGeneratedBy '/Game/Maps/MainMenuLevel.MainMenuLevel:PersistentLevel.MainMenuLevel'
[2017.01.10-11.50.04:650][ 46]LogBlueprintUserMessages: Early EndPlayMap Detection: Level '/Game/Maps/MainMenuLevel.MainMenuLevel:PersistentLevel' has LevelScriptBlueprint '/Game/Maps/MainMenuLevel.MainMenuLevel:PersistentLevel.MainMenuLevel' with GeneratedClass '/Game/Maps/MainMenuLevel.MainMenuLevel_C' with ClassGeneratedBy '/Game/Maps/MainMenuLevel.MainMenuLevel:PersistentLevel.MainMenuLevel'
[2017.01.10-11.50.04:683][ 46]LogBlueprintUserMessages: Late EndPlayMap Detection: Level '/Game/Maps/MainMenuLevel.MainMenuLevel:PersistentLevel' has LevelScriptBlueprint '/Game/Maps/MainMenuLevel.MainMenuLevel:PersistentLevel.MainMenuLevel' with GeneratedClass '/Game/Maps/MainMenuLevel.MainMenuLevel_C' with ClassGeneratedBy '/Game/Maps/MainMenuLevel.MainMenuLevel:PersistentLevel.MainMenuLevel'
[2017.01.10-11.50.22:794][472]LogContentBrowser: Native class hierarchy updated for 'BlueprintGraph' in 0.0013 seconds. Added 111 classes and 0 folders.
[2017.01.10-11.52.06:983][152]BlueprintLog: New page: Compile MainMenu
[2017.01.10-11.52.08:474][185]Cmd: OBJ SAVEPACKAGE PACKAGE="/Game/HUD/MainMenu" FILE="G:/Mis documentos/GitHub/PGV/TheLastShelter/Content/HUD/MainMenu.uasset" SILENT=true
[2017.01.10-11.52.08:742][185]LogSavePackage: Save=130.20ms
[2017.01.10-11.52.08:742][185]LogSavePackage: Moving 'G:/Mis documentos/GitHub/PGV/TheLastShelter/Saved/MainMenu85CAC2F34B25CCA473F34EBBA9AFB3E0.tmp' to 'G:/Mis documentos/GitHub/PGV/TheLastShelter/Content/HUD/MainMenu.uasset'
[2017.01.10-11.52.08:745][185]LogSavePackage:Display: Finished SavePackage G:/Mis documentos/GitHub/PGV/TheLastShelter/Content/HUD/MainMenu.uasset
[2017.01.10-11.52.12:032][387]LogTemp: Repeting last play command: Selected Viewport
[2017.01.10-11.52.12:053][387]LogBlueprintUserMessages: Early PlayInEditor Detection: Level '/Game/Maps/MainMenuLevel.MainMenuLevel:PersistentLevel' has LevelScriptBlueprint '/Game/Maps/MainMenuLevel.MainMenuLevel:PersistentLevel.MainMenuLevel' with GeneratedClass '/Game/Maps/MainMenuLevel.MainMenuLevel_C' with ClassGeneratedBy '/Game/Maps/MainMenuLevel.MainMenuLevel:PersistentLevel.MainMenuLevel'
[2017.01.10-11.52.12:053][387]LogPlayLevel: PlayLevel: No blueprints needed recompiling
[2017.01.10-11.52.12:053][387]PIE: New page: PIE session: MainMenuLevel (Jan 10, 2017, 1:52:12 PM)
[2017.01.10-11.52.12:053][387]LogPlayLevel: Creating play world package: /Game/Maps/UEDPIE_0_MainMenuLevel
[2017.01.10-11.52.12:055][387]LogPlayLevel: PIE: StaticDuplicateObject took: (0.001513s)
[2017.01.10-11.52.12:056][387]LogAIModule: Creating AISystem for world MainMenuLevel
[2017.01.10-11.52.12:056][387]LogPlayLevel: PIE: World Init took: (0.000966s)
[2017.01.10-11.52.12:056][387]LogPlayLevel: PIE: Created PIE world by copying editor world from /Game/Maps/MainMenuLevel.MainMenuLevel to /Game/Maps/UEDPIE_0_MainMenuLevel.MainMenuLevel (0.002713s)
[2017.01.10-11.52.12:099][387]LogInit: XAudio2 using 'Altavoces (Realtek High Definition Audio)' : 6 channels at 48 kHz using 32 bits per sample (channel mask 0x3f)
[2017.01.10-11.52.12:113][387]LogInit: FAudioDevice initialized.
[2017.01.10-11.52.12:145][387]LogLoad: Game class is 'GameModeBase'
[2017.01.10-11.52.12:149][387]LogWorld: Bringing World /Game/Maps/UEDPIE_0_MainMenuLevel.MainMenuLevel up for play (max tick rate 0) at 2017.01.10-12.52.12
[2017.01.10-11.52.12:149][387]LogWorld: Bringing up level for play took: 0.001877
[2017.01.10-11.52.12:153][387]PIE: Info Play in editor start time for /Game/Maps/UEDPIE_0_MainMenuLevel 1.04
[2017.01.10-11.52.12:153][387]LogBlueprintUserMessages: Late PlayInEditor Detection: Level '/Game/Maps/MainMenuLevel.MainMenuLevel:PersistentLevel' has LevelScriptBlueprint '/Game/Maps/MainMenuLevel.MainMenuLevel:PersistentLevel.MainMenuLevel' with GeneratedClass '/Game/Maps/MainMenuLevel.MainMenuLevel_C' with ClassGeneratedBy '/Game/Maps/MainMenuLevel.MainMenuLevel:PersistentLevel.MainMenuLevel'
[2017.01.10-11.52.21:874][283]LogBlueprintUserMessages: Early EndPlayMap Detection: Level '/Game/Maps/MainMenuLevel.MainMenuLevel:PersistentLevel' has LevelScriptBlueprint '/Game/Maps/MainMenuLevel.MainMenuLevel:PersistentLevel.MainMenuLevel' with GeneratedClass '/Game/Maps/MainMenuLevel.MainMenuLevel_C' with ClassGeneratedBy '/Game/Maps/MainMenuLevel.MainMenuLevel:PersistentLevel.MainMenuLevel'
[2017.01.10-11.52.21:908][283]LogBlueprintUserMessages: Late EndPlayMap Detection: Level '/Game/Maps/MainMenuLevel.MainMenuLevel:PersistentLevel' has LevelScriptBlueprint '/Game/Maps/MainMenuLevel.MainMenuLevel:PersistentLevel.MainMenuLevel' with GeneratedClass '/Game/Maps/MainMenuLevel.MainMenuLevel_C' with ClassGeneratedBy '/Game/Maps/MainMenuLevel.MainMenuLevel:PersistentLevel.MainMenuLevel'
[2017.01.10-11.52.43:009][225]BlueprintLog: New page: Compile MainMenu
[2017.01.10-11.52.43:744][238]Cmd: OBJ SAVEPACKAGE PACKAGE="/Game/HUD/MainMenu" FILE="G:/Mis documentos/GitHub/PGV/TheLastShelter/Content/HUD/MainMenu.uasset" SILENT=true
[2017.01.10-11.52.43:795][238]LogSavePackage: Save=47.30ms
[2017.01.10-11.52.43:795][238]LogSavePackage: Moving 'G:/Mis documentos/GitHub/PGV/TheLastShelter/Saved/MainMenu0280B328428C041699DA00BC80D4B2FA.tmp' to 'G:/Mis documentos/GitHub/PGV/TheLastShelter/Content/HUD/MainMenu.uasset'
[2017.01.10-11.52.43:797][238]LogSavePackage:Display: Finished SavePackage G:/Mis documentos/GitHub/PGV/TheLastShelter/Content/HUD/MainMenu.uasset
[2017.01.10-11.52.46:726][410]LogTemp: Repeting last play command: Selected Viewport
[2017.01.10-11.52.46:744][410]LogBlueprintUserMessages: Early PlayInEditor Detection: Level '/Game/Maps/MainMenuLevel.MainMenuLevel:PersistentLevel' has LevelScriptBlueprint '/Game/Maps/MainMenuLevel.MainMenuLevel:PersistentLevel.MainMenuLevel' with GeneratedClass '/Game/Maps/MainMenuLevel.MainMenuLevel_C' with ClassGeneratedBy '/Game/Maps/MainMenuLevel.MainMenuLevel:PersistentLevel.MainMenuLevel'
[2017.01.10-11.52.46:744][410]LogPlayLevel: PlayLevel: No blueprints needed recompiling
[2017.01.10-11.52.46:744][410]PIE: New page: PIE session: MainMenuLevel (Jan 10, 2017, 1:52:46 PM)
[2017.01.10-11.52.46:744][410]LogPlayLevel: Creating play world package: /Game/Maps/UEDPIE_0_MainMenuLevel
[2017.01.10-11.52.46:746][410]LogPlayLevel: PIE: StaticDuplicateObject took: (0.001406s)
[2017.01.10-11.52.46:746][410]LogAIModule: Creating AISystem for world MainMenuLevel
[2017.01.10-11.52.46:747][410]LogPlayLevel: PIE: World Init took: (0.000865s)
[2017.01.10-11.52.46:747][410]LogPlayLevel: PIE: Created PIE world by copying editor world from /Game/Maps/MainMenuLevel.MainMenuLevel to /Game/Maps/UEDPIE_0_MainMenuLevel.MainMenuLevel (0.002482s)
[2017.01.10-11.52.46:790][410]LogInit: XAudio2 using 'Altavoces (Realtek High Definition Audio)' : 6 channels at 48 kHz using 32 bits per sample (channel mask 0x3f)
[2017.01.10-11.52.46:803][410]LogInit: FAudioDevice initialized.
[2017.01.10-11.52.46:837][410]LogLoad: Game class is 'GameModeBase'
[2017.01.10-11.52.46:841][410]LogWorld: Bringing World /Game/Maps/UEDPIE_0_MainMenuLevel.MainMenuLevel up for play (max tick rate 0) at 2017.01.10-12.52.46
[2017.01.10-11.52.46:841][410]LogWorld: Bringing up level for play took: 0.001544
[2017.01.10-11.52.46:844][410]PIE: Info Play in editor start time for /Game/Maps/UEDPIE_0_MainMenuLevel -0.268
[2017.01.10-11.52.46:844][410]LogBlueprintUserMessages: Late PlayInEditor Detection: Level '/Game/Maps/MainMenuLevel.MainMenuLevel:PersistentLevel' has LevelScriptBlueprint '/Game/Maps/MainMenuLevel.MainMenuLevel:PersistentLevel.MainMenuLevel' with GeneratedClass '/Game/Maps/MainMenuLevel.MainMenuLevel_C' with ClassGeneratedBy '/Game/Maps/MainMenuLevel.MainMenuLevel:PersistentLevel.MainMenuLevel'
[2017.01.10-11.52.57:437][396]LogBlueprintUserMessages: Early EndPlayMap Detection: Level '/Game/Maps/MainMenuLevel.MainMenuLevel:PersistentLevel' has LevelScriptBlueprint '/Game/Maps/MainMenuLevel.MainMenuLevel:PersistentLevel.MainMenuLevel' with GeneratedClass '/Game/Maps/MainMenuLevel.MainMenuLevel_C' with ClassGeneratedBy '/Game/Maps/MainMenuLevel.MainMenuLevel:PersistentLevel.MainMenuLevel'
